[+] Containers:
 |- [+] Container: /Game/ThirdPerson/Maps/ThirdPersonMap
 |   |- [+] ActorDescs:
 |   |   |- Guid:16A769F84E0466F541635AA3F8BD5398 BaseClass:/Game/book.book_C NativeClass:/Script/Engine.Actor Name:book_C_UAID_C46516240C43597102_2015701498 Label:book SpatiallyLoaded:1 Bounds:IsValid=true, Min=(X=39130.000 Y=-11470.000 Z=-0.041), Max=(X=39210.000 Y=-11390.000 Z=36.000) RuntimeGrid:None EditorOnly:0 RuntimeOnly:0 HLODRelevant:0
 |   |   |- Guid:1BFE9F32426FFD0D7DCB7A9B5E6050E2 BaseClass:/Game/book.book_C NativeClass:/Script/Engine.Actor Name:book_C_UAID_C46516240C435A7102_1519051688 Label:book15 SpatiallyLoaded:1 Bounds:IsValid=true, Min=(X=-20500.000 Y=1470.000 Z=-40.041), Max=(X=-20420.000 Y=1550.000 Z=-4.000) RuntimeGrid:None EditorOnly:0 RuntimeOnly:0 HLODRelevant:0
 |   |   |- Guid:2CFBF33648AF9330FB55909A3A7DF9A6 BaseClass:/Game/book.book_C NativeClass:/Script/Engine.Actor Name:book_C_UAID_C46516240C435A7102_2074904700 Label:book27 SpatiallyLoaded:1 Bounds:IsValid=true, Min=(X=4200.000 Y=-6980.000 Z=-40.041), Max=(X=4280.000 Y=-6900.000 Z=-4.000) RuntimeGrid:None EditorOnly:0 RuntimeOnly:0 HLODRelevant:0
 |   |   |- Guid:2FB58999456391D349DC0F86DAC136ED BaseClass: NativeClass:/Script/Engine.SkyLight Name:SkyLight_1 Label:SkyLight SpatiallyLoaded:0 Bounds:IsValid=true, Min=(X=0.000 Y=0.000 Z=690.000), Max=(X=0.000 Y=0.000 Z=690.000) RuntimeGrid:None EditorOnly:0 RuntimeOnly:0 HLODRelevant:0 FolderPath:Lighting FolderGuid:963EC3EB4002CCE9759E2EBA541A873A
 |   |   |- Guid:305DCC074D859B95D4CD3E83DE19496E BaseClass:/Game/book.book_C NativeClass:/Script/Engine.Actor Name:book_C_UAID_C46516240C435A7102_2014485698 Label:book25 SpatiallyLoaded:1 Bounds:IsValid=true, Min=(X=10210.000 Y=-8170.000 Z=-50.041), Max=(X=10290.000 Y=-8090.000 Z=-14.000) RuntimeGrid:None EditorOnly:0 RuntimeOnly:0 HLODRelevant:0
 |   |   |- Guid:30E429E94B61B92AE2D462949B51ED61 BaseClass:/Game/book.book_C NativeClass:/Script/Engine.Actor Name:book_C_UAID_C46516240C435A7102_1551134689 Label:book16 SpatiallyLoaded:1 Bounds:IsValid=true, Min=(X=-23690.000 Y=-880.000 Z=-50.041), Max=(X=-23610.000 Y=-800.000 Z=-14.000) RuntimeGrid:None EditorOnly:0 RuntimeOnly:0 HLODRelevant:0
 |   |   |- Guid:316CF2A6494ACA4C0E4180A87D36AB8F BaseClass: NativeClass:/Script/Engine.ExponentialHeightFog Name:ExponentialHeightFog_0 Label:ExponentialHeightFog SpatiallyLoaded:0 Bounds:IsValid=true, Min=(X=-5600.000 Y=-50.000 Z=-6850.000), Max=(X=-5600.000 Y=-50.000 Z=-6850.000) RuntimeGrid:None EditorOnly:0 RuntimeOnly:0 HLODRelevant:0 FolderPath:Lighting FolderGuid:963EC3EB4002CCE9759E2EBA541A873A
 |   |   |- Guid:3A00AA1C422CE54C0BDB60BAF471BFBB BaseClass: NativeClass:/Script/Engine.PlayerStart Name:PlayerStart_0 Label:PlayerStart SpatiallyLoaded:0 Bounds:IsValid=true, Min=(X=-6005.206 Y=8514.794 Z=620.013), Max=(X=-5894.794 Y=8625.206 Z=804.013) RuntimeGrid:None EditorOnly:0 RuntimeOnly:0 HLODRelevant:0
 |   |   |- Guid:3E2381074F9EEED8943BB586069FB770 BaseClass:/Game/Lunch.Lunch_C NativeClass:/Script/Engine.Actor Name:Lunch_C_UAID_C46516240C43547102_1976102612 Label:Lunch SpatiallyLoaded:1 Bounds:IsValid=true, Min=(X=-4216.000 Y=-15188.000 Z=-72.000), Max=(X=-4104.000 Y=-15092.000 Z=-8.000) RuntimeGrid:None EditorOnly:0 RuntimeOnly:0 HLODRelevant:0
 |   |   |- Guid:450D899848819DFBA4AFC488D09A2940 BaseClass:/Game/book.book_C NativeClass:/Script/Engine.Actor Name:book_C_UAID_C46516240C435A7102_1119410680 Label:book7 SpatiallyLoaded:1 Bounds:IsValid=true, Min=(X=27970.000 Y=680.000 Z=-30.041), Max=(X=28050.000 Y=760.000 Z=6.000) RuntimeGrid:None EditorOnly:0 RuntimeOnly:0 HLODRelevant:0
 |   |   |- Guid:4820134748BA918229361C97677AA3C0 BaseClass:/Game/book.book_C NativeClass:/Script/Engine.Actor Name:book_C_UAID_C46516240C435A7102_1877500693 Label:book20 SpatiallyLoaded:1 Bounds:IsValid=true, Min=(X=6720.000 Y=12600.000 Z=-40.041), Max=(X=6800.000 Y=12680.000 Z=-4.000) RuntimeGrid:None EditorOnly:0 RuntimeOnly:0 HLODRelevant:0
 |   |   |- Guid:4D3BE93F4146AAAC8BBE79999D96D57F BaseClass: NativeClass:/Script/Engine.VolumetricCloud Name:VolumetricCloud_0 Label:VolumetricCloud SpatiallyLoaded:0 Bounds:IsValid=true, Min=(X=0.000 Y=0.000 Z=820.000), Max=(X=0.000 Y=0.000 Z=820.000) RuntimeGrid:None EditorOnly:0 RuntimeOnly:0 HLODRelevant:0 FolderPath:Lighting FolderGuid:963EC3EB4002CCE9759E2EBA541A873A
 |   |   |- Guid:4DABBF7B446B36B84D90E9B9A8A97128 BaseClass:/Game/book.book_C NativeClass:/Script/Engine.Actor Name:book_C_UAID_C46516240C435A7102_1167624682 Label:book9 SpatiallyLoaded:1 Bounds:IsValid=true, Min=(X=30320.000 Y=-17170.000 Z=-20.041), Max=(X=30400.000 Y=-17090.000 Z=16.000) RuntimeGrid:None EditorOnly:0 RuntimeOnly:0 HLODRelevant:0
 |   |   |- Guid:4F1CE008400E0A6EB2966992F88CE7C9 BaseClass:/Game/Lunch.Lunch_C NativeClass:/Script/Engine.Actor Name:Lunch_C_UAID_C46516240C43547102_2057771613 Label:Lunch2 SpatiallyLoaded:1 Bounds:IsValid=true, Min=(X=13654.000 Y=8692.000 Z=-72.000), Max=(X=13766.000 Y=8788.000 Z=-8.000) RuntimeGrid:None EditorOnly:0 RuntimeOnly:0 HLODRelevant:0
 |   |   |- Guid:52B9FCD1474529210D0686842395C569 BaseClass:/Game/book.book_C NativeClass:/Script/Engine.Actor Name:book_C_UAID_C46516240C435A7102_1396626686 Label:book13 SpatiallyLoaded:1 Bounds:IsValid=true, Min=(X=-19840.000 Y=-30650.000 Z=-30.041), Max=(X=-19760.000 Y=-30570.000 Z=6.000) RuntimeGrid:None EditorOnly:0 RuntimeOnly:0 HLODRelevant:0
 |   |   |- Guid:53BA755441AE87502CB0CFBE6508FC32 BaseClass:/Game/book.book_C NativeClass:/Script/Engine.Actor Name:book_C_UAID_C46516240C43597102_2052241499 Label:book2 SpatiallyLoaded:1 Bounds:IsValid=true, Min=(X=27650.000 Y=-16550.000 Z=-30.041), Max=(X=27730.000 Y=-16470.000 Z=6.000) RuntimeGrid:None EditorOnly:0 RuntimeOnly:0 HLODRelevant:0
 |   |   |- Guid:5F05204F44796569E9CE90BC8668E93A BaseClass:/Game/book.book_C NativeClass:/Script/Engine.Actor Name:book_C_UAID_C46516240C435A7102_1572365690 Label:book17 SpatiallyLoaded:1 Bounds:IsValid=true, Min=(X=-13830.000 Y=2200.000 Z=-30.041), Max=(X=-13750.000 Y=2280.000 Z=6.000) RuntimeGrid:None EditorOnly:0 RuntimeOnly:0 HLODRelevant:0
 |   |   |- Guid:60E327DE4D813E9FBD4343A85C4E32B8 BaseClass:/Game/book.book_C NativeClass:/Script/Engine.Actor Name:book_C_UAID_C46516240C435A7102_1849990692 Label:book19 SpatiallyLoaded:1 Bounds:IsValid=true, Min=(X=-4370.000 Y=11270.000 Z=-40.041), Max=(X=-4290.000 Y=11350.000 Z=-4.000) RuntimeGrid:None EditorOnly:0 RuntimeOnly:0 HLODRelevant:0
 |   |   |- Guid:61DBEEF044647850960613A1741B569E BaseClass:/Game/book.book_C NativeClass:/Script/Engine.Actor Name:book_C_UAID_C46516240C435A7102_1075136678 Label:book5 SpatiallyLoaded:1 Bounds:IsValid=true, Min=(X=33050.000 Y=-11500.000 Z=-40.041), Max=(X=33130.000 Y=-11420.000 Z=-4.000) RuntimeGrid:None EditorOnly:0 RuntimeOnly:0 HLODRelevant:0
 |   |   |- Guid:623AF22F4E395BC8B8EFA0AD810FBA1A BaseClass:/Game/book.book_C NativeClass:/Script/Engine.Actor Name:book_C_UAID_C46516240C435A7102_1982342697 Label:book24 SpatiallyLoaded:1 Bounds:IsValid=true, Min=(X=-780.000 Y=-16280.000 Z=-30.041), Max=(X=-700.000 Y=-16200.000 Z=6.000) RuntimeGrid:None EditorOnly:0 RuntimeOnly:0 HLODRelevant:0
 |   |   |- Guid:6914939F473E7A1584045A843631438E BaseClass:/Game/book.book_C NativeClass:/Script/Engine.Actor Name:book_C_UAID_C46516240C435A7102_1970351696 Label:book23 SpatiallyLoaded:1 Bounds:IsValid=true, Min=(X=4350.000 Y=-2820.000 Z=-30.041), Max=(X=4430.000 Y=-2740.000 Z=6.000) RuntimeGrid:None EditorOnly:0 RuntimeOnly:0 HLODRelevant:0
 |   |   |- Guid:6BAF4DDD444C60371492D3919DB42C97 BaseClass: NativeClass:/Script/Engine.WorldDataLayers Name:WorldDataLayers Label:WorldDataLayers SpatiallyLoaded:0 Bounds:IsValid=true, Min=(X=0.000 Y=0.000 Z=0.000), Max=(X=0.000 Y=0.000 Z=0.000) RuntimeGrid:None EditorOnly:0 RuntimeOnly:0 HLODRelevant:0
 |   |   |- Guid:6FAE8ACF4683AA08D215AA868233A776 BaseClass:/Game/book.book_C NativeClass:/Script/Engine.Actor Name:book_C_UAID_C46516240C435A7102_1655213691 Label:book18 SpatiallyLoaded:1 Bounds:IsValid=true, Min=(X=-30420.000 Y=1710.000 Z=-20.041), Max=(X=-30340.000 Y=1790.000 Z=16.000) RuntimeGrid:None EditorOnly:0 RuntimeOnly:0 HLODRelevant:0
 |   |   |- Guid:72DC5DA64B23E106899057AC7FDDC740 BaseClass:/Game/book.book_C NativeClass:/Script/Engine.Actor Name:book_C_UAID_C46516240C435A7102_1340016685 Label:book12 SpatiallyLoaded:1 Bounds:IsValid=true, Min=(X=-17160.000 Y=-27400.000 Z=19.959), Max=(X=-17080.000 Y=-27320.000 Z=56.000) RuntimeGrid:None EditorOnly:0 RuntimeOnly:0 HLODRelevant:0
 |   |   |- Guid:76AA385C4837E776B8476BAB6530A96C BaseClass:/Game/book.book_C NativeClass:/Script/Engine.Actor Name:book_C_UAID_C46516240C435A7102_1236243683 Label:book10 SpatiallyLoaded:1 Bounds:IsValid=true, Min=(X=-30540.000 Y=-17340.000 Z=-40.041), Max=(X=-30460.000 Y=-17260.000 Z=-4.000) RuntimeGrid:None EditorOnly:0 RuntimeOnly:0 HLODRelevant:0
 |   |   |- Guid:7F7A92AF46CAE2107CA7BC9080BE51C6 BaseClass:/Game/book.book_C NativeClass:/Script/Engine.Actor Name:book_C_UAID_C46516240C435A7102_1910286694 Label:book21 SpatiallyLoaded:1 Bounds:IsValid=true, Min=(X=13200.000 Y=12010.000 Z=-50.041), Max=(X=13280.000 Y=12090.000 Z=-14.000) RuntimeGrid:None EditorOnly:0 RuntimeOnly:0 HLODRelevant:0
 |   |   |- Guid:897E06AA48A35E3C3A545E96175510D3 BaseClass:/Game/book.book_C NativeClass:/Script/Engine.Actor Name:book_C_UAID_C46516240C435A7102_1099134679 Label:book6 SpatiallyLoaded:1 Bounds:IsValid=true, Min=(X=28400.000 Y=-2420.000 Z=-30.041), Max=(X=28480.000 Y=-2340.000 Z=6.000) RuntimeGrid:None EditorOnly:0 RuntimeOnly:0 HLODRelevant:0
 |   |   |- Guid:8E2764454146167AA45AE28C99484C58 BaseClass:/Game/book.book_C NativeClass:/Script/Engine.Actor Name:book_C_UAID_C46516240C435A7102_1467202687 Label:book14 SpatiallyLoaded:1 Bounds:IsValid=true, Min=(X=-36970.000 Y=-6070.000 Z=-40.041), Max=(X=-36890.000 Y=-5990.000 Z=-4.000) RuntimeGrid:None EditorOnly:0 RuntimeOnly:0 HLODRelevant:0
 |   |   |- Guid:946A82B544BB6ADAD68820B5DC322F7D BaseClass:/Game/NewBlueprint.NewBlueprint_C NativeClass:/Script/Engine.Actor Name:NewBlueprint_C_UAID_EC5C68359F20976102_1171903504 Label:NewBlueprint SpatiallyLoaded:1 Bounds:IsValid=true, Min=(X=-151431.413 Y=-98443.040 Z=-13826.379), Max=(X=135659.221 Y=171404.208 Z=12639.673) RuntimeGrid:None EditorOnly:0 RuntimeOnly:0 HLODRelevant:0
 |   |   |- Guid:965BAEC449210352EB662FAC9B8A7755 BaseClass:/Game/book.book_C NativeClass:/Script/Engine.Actor Name:book_C_UAID_C46516240C435A7102_1267021684 Label:book11 SpatiallyLoaded:1 Bounds:IsValid=true, Min=(X=-26340.000 Y=-24380.000 Z=-10.041), Max=(X=-26260.000 Y=-24300.000 Z=26.000) RuntimeGrid:None EditorOnly:0 RuntimeOnly:0 HLODRelevant:0
 |   |   |- Guid:97B1F33C4B5EFDD1DCEFC189F5B55275 BaseClass:/Game/book.book_C NativeClass:/Script/Engine.Actor Name:book_C_UAID_C46516240C43597102_2081336500 Label:book3 SpatiallyLoaded:1 Bounds:IsValid=true, Min=(X=29270.000 Y=-9380.000 Z=-20.041), Max=(X=29350.000 Y=-9300.000 Z=16.000) RuntimeGrid:None EditorOnly:0 RuntimeOnly:0 HLODRelevant:0
 |   |   |- Guid:A50E98B64D3D588D0B54ECB03DBC70CB BaseClass:/Game/book.book_C NativeClass:/Script/Engine.Actor Name:book_C_UAID_C46516240C435A7102_1940584695 Label:book22 SpatiallyLoaded:1 Bounds:IsValid=true, Min=(X=-2140.000 Y=4240.000 Z=-40.041), Max=(X=-2060.000 Y=4320.000 Z=-4.000) RuntimeGrid:None EditorOnly:0 RuntimeOnly:0 HLODRelevant:0
 |   |   |- Guid:B785ED2844B84CFB91E7F39FE661CD99 BaseClass: NativeClass:/Script/Engine.DirectionalLight Name:DirectionalLight_0 Label:DirectionalLight SpatiallyLoaded:0 Bounds:IsValid=true, Min=(X=-1048576.000 Y=-1048576.000 Z=-1048576.000), Max=(X=1048576.000 Y=1048576.000 Z=1048576.000) RuntimeGrid:None EditorOnly:0 RuntimeOnly:0 HLODRelevant:0 FolderPath:Lighting FolderGuid:963EC3EB4002CCE9759E2EBA541A873A
 |   |   |- Guid:C22617154C967C0CBDCDFFA11CE5A277 BaseClass:/Game/Lunch.Lunch_C NativeClass:/Script/Engine.Actor Name:Lunch_C_UAID_C46516240C43557102_1119645791 Label:Lunch4 SpatiallyLoaded:1 Bounds:IsValid=true, Min=(X=-22016.000 Y=12832.000 Z=-82.000), Max=(X=-21904.000 Y=12928.000 Z=-18.000) RuntimeGrid:None EditorOnly:0 RuntimeOnly:0 HLODRelevant:0
 |   |   |- Guid:CB05E3E7415F79E40EB65998E10C5FB2 BaseClass:/Game/book.book_C NativeClass:/Script/Engine.Actor Name:book_C_UAID_C46516240C435A7102_2047860699 Label:book26 SpatiallyLoaded:1 Bounds:IsValid=true, Min=(X=4620.000 Y=-14100.000 Z=-40.041), Max=(X=4700.000 Y=-14020.000 Z=-4.000) RuntimeGrid:None EditorOnly:0 RuntimeOnly:0 HLODRelevant:0
 |   |   |- Guid:CCFF262C46EEFFDF319E7F9539CE697E BaseClass: NativeClass:/Script/Engine.SkyAtmosphere Name:SkyAtmosphere_0 Label:SkyAtmosphere SpatiallyLoaded:0 Bounds:IsValid=true, Min=(X=0.000 Y=0.000 Z=1020.000), Max=(X=0.000 Y=0.000 Z=1020.000) RuntimeGrid:None EditorOnly:0 RuntimeOnly:0 HLODRelevant:0 FolderPath:Lighting FolderGuid:963EC3EB4002CCE9759E2EBA541A873A
 |   |   |- Guid:D586019A4ED50FD696B5199267658F7D BaseClass:/Game/book.book_C NativeClass:/Script/Engine.Actor Name:book_C_UAID_C46516240C43597102_2117495501 Label:book4 SpatiallyLoaded:1 Bounds:IsValid=true, Min=(X=35450.000 Y=-2240.000 Z=-30.041), Max=(X=35530.000 Y=-2160.000 Z=6.000) RuntimeGrid:None EditorOnly:0 RuntimeOnly:0 HLODRelevant:0
 |   |   |- Guid:E2F7BA044F1C8FBB7B0906AD0087A7D6 BaseClass:/Game/book.book_C NativeClass:/Script/Engine.Actor Name:book_C_UAID_C46516240C435A7102_1142617681 Label:book8 SpatiallyLoaded:1 Bounds:IsValid=true, Min=(X=22850.000 Y=-8860.000 Z=-40.041), Max=(X=22930.000 Y=-8780.000 Z=-4.000) RuntimeGrid:None EditorOnly:0 RuntimeOnly:0 HLODRelevant:0
 |   |   |- Guid:EBC33D304C291F5D7B80249EAF3194D3 BaseClass:/Game/Lunch.Lunch_C NativeClass:/Script/Engine.Actor Name:Lunch_C_UAID_C46516240C43547102_2127672614 Label:Lunch3 SpatiallyLoaded:1 Bounds:IsValid=true, Min=(X=-19746.000 Y=-13618.000 Z=-82.000), Max=(X=-19634.000 Y=-13522.000 Z=-18.000) RuntimeGrid:None EditorOnly:0 RuntimeOnly:0 HLODRelevant:0
 |   |   |- Guid:EC4E0C944CE6AC6E784BC6BB2916EA13 BaseClass: NativeClass:/Script/Engine.StaticMeshActor Name:StaticMeshActor_UAID_A4AE111137DC5EFB00_1110535423 Label:SM_SkySphere SpatiallyLoaded:0 Bounds:IsValid=true, Min=(X=-1638400.000 Y=-1638400.000 Z=-1638400.000), Max=(X=1638400.000 Y=1638400.000 Z=1638400.000) RuntimeGrid:None EditorOnly:0 RuntimeOnly:0 HLODRelevant:1 FolderPath:Lighting FolderGuid:963EC3EB4002CCE9759E2EBA541A873A
 |   |   |- Guid:F1924B8D48954B30891B2DB6A694F9CC BaseClass: NativeClass:/Script/Engine.StaticMeshActor Name:StaticMeshActor_1 Label:SM_Cube SpatiallyLoaded:1 Bounds:IsValid=true, Min=(X=-40834.000 Y=-46327.107 Z=-1559.000), Max=(X=49165.998 Y=58672.891 Z=-59.000) RuntimeGrid:None EditorOnly:0 RuntimeOnly:0 HLODRelevant:1 FolderPath:Playground FolderGuid:C73F09FC4215536B1DCE2A9E0A830C70
 |   |   |- Guid:F5E3FEB3450C49844FD93DA8E083C8AD BaseClass: NativeClass:/Script/Engine.PostProcessVolume Name:PostProcessVolume_0 Label:PostProcessVolume SpatiallyLoaded:0 Bounds:IsValid=true, Min=(X=0.000 Y=0.000 Z=400.000), Max=(X=200.000 Y=200.000 Z=600.000) RuntimeGrid:None EditorOnly:0 RuntimeOnly:0 HLODRelevant:0 FolderPath:Lighting FolderGuid:963EC3EB4002CCE9759E2EBA541A873A
 |   |   |- Guid:FF30B9274CBF28A0661197956D4793CF BaseClass:/Game/Lunch.Lunch_C NativeClass:/Script/Engine.Actor Name:Lunch_C_UAID_C46516240C43557102_1159661792 Label:Lunch5 SpatiallyLoaded:1 Bounds:IsValid=true, Min=(X=-618.025 Y=18075.367 Z=-79.647), Max=(X=-506.025 Y=18171.367 Z=-15.647) RuntimeGrid:None EditorOnly:0 RuntimeOnly:0 HLODRelevant:0
 |   |- [+] Clusters:
 |   |   |- [+] [  0]
 |   |   |   |- Guid:6BAF4DDD444C60371492D3919DB42C97 BaseClass: NativeClass:/Script/Engine.WorldDataLayers Name:WorldDataLayers Label:WorldDataLayers SpatiallyLoaded:0 Bounds:IsValid=true, Min=(X=0.000 Y=0.000 Z=0.000), Max=(X=0.000 Y=0.000 Z=0.000) RuntimeGrid:None EditorOnly:0 RuntimeOnly:0 HLODRelevant:0
 |   |   |- [+] [  1]
 |   |   |   |- Guid:F5E3FEB3450C49844FD93DA8E083C8AD BaseClass: NativeClass:/Script/Engine.PostProcessVolume Name:PostProcessVolume_0 Label:PostProcessVolume SpatiallyLoaded:0 Bounds:IsValid=true, Min=(X=0.000 Y=0.000 Z=400.000), Max=(X=200.000 Y=200.000 Z=600.000) RuntimeGrid:None EditorOnly:0 RuntimeOnly:0 HLODRelevant:0 FolderPath:Lighting FolderGuid:963EC3EB4002CCE9759E2EBA541A873A
 |   |   |- [+] [  2]
 |   |   |   |- Guid:4D3BE93F4146AAAC8BBE79999D96D57F BaseClass: NativeClass:/Script/Engine.VolumetricCloud Name:VolumetricCloud_0 Label:VolumetricCloud SpatiallyLoaded:0 Bounds:IsValid=true, Min=(X=0.000 Y=0.000 Z=820.000), Max=(X=0.000 Y=0.000 Z=820.000) RuntimeGrid:None EditorOnly:0 RuntimeOnly:0 HLODRelevant:0 FolderPath:Lighting FolderGuid:963EC3EB4002CCE9759E2EBA541A873A
 |   |   |- [+] [  3]
 |   |   |   |- Guid:CCFF262C46EEFFDF319E7F9539CE697E BaseClass: NativeClass:/Script/Engine.SkyAtmosphere Name:SkyAtmosphere_0 Label:SkyAtmosphere SpatiallyLoaded:0 Bounds:IsValid=true, Min=(X=0.000 Y=0.000 Z=1020.000), Max=(X=0.000 Y=0.000 Z=1020.000) RuntimeGrid:None EditorOnly:0 RuntimeOnly:0 HLODRelevant:0 FolderPath:Lighting FolderGuid:963EC3EB4002CCE9759E2EBA541A873A
 |   |   |- [+] [  4]
 |   |   |   |- Guid:EC4E0C944CE6AC6E784BC6BB2916EA13 BaseClass: NativeClass:/Script/Engine.StaticMeshActor Name:StaticMeshActor_UAID_A4AE111137DC5EFB00_1110535423 Label:SM_SkySphere SpatiallyLoaded:0 Bounds:IsValid=true, Min=(X=-1638400.000 Y=-1638400.000 Z=-1638400.000), Max=(X=1638400.000 Y=1638400.000 Z=1638400.000) RuntimeGrid:None EditorOnly:0 RuntimeOnly:0 HLODRelevant:1 FolderPath:Lighting FolderGuid:963EC3EB4002CCE9759E2EBA541A873A
 |   |   |- [+] [  5]
 |   |   |   |- Guid:946A82B544BB6ADAD68820B5DC322F7D BaseClass:/Game/NewBlueprint.NewBlueprint_C NativeClass:/Script/Engine.Actor Name:NewBlueprint_C_UAID_EC5C68359F20976102_1171903504 Label:NewBlueprint SpatiallyLoaded:1 Bounds:IsValid=true, Min=(X=-151431.413 Y=-98443.040 Z=-13826.379), Max=(X=135659.221 Y=171404.208 Z=12639.673) RuntimeGrid:None EditorOnly:0 RuntimeOnly:0 HLODRelevant:0
 |   |   |- [+] [  6]
 |   |   |   |- Guid:B785ED2844B84CFB91E7F39FE661CD99 BaseClass: NativeClass:/Script/Engine.DirectionalLight Name:DirectionalLight_0 Label:DirectionalLight SpatiallyLoaded:0 Bounds:IsValid=true, Min=(X=-1048576.000 Y=-1048576.000 Z=-1048576.000), Max=(X=1048576.000 Y=1048576.000 Z=1048576.000) RuntimeGrid:None EditorOnly:0 RuntimeOnly:0 HLODRelevant:0 FolderPath:Lighting FolderGuid:963EC3EB4002CCE9759E2EBA541A873A
 |   |   |- [+] [  7]
 |   |   |   |- Guid:316CF2A6494ACA4C0E4180A87D36AB8F BaseClass: NativeClass:/Script/Engine.ExponentialHeightFog Name:ExponentialHeightFog_0 Label:ExponentialHeightFog SpatiallyLoaded:0 Bounds:IsValid=true, Min=(X=-5600.000 Y=-50.000 Z=-6850.000), Max=(X=-5600.000 Y=-50.000 Z=-6850.000) RuntimeGrid:None EditorOnly:0 RuntimeOnly:0 HLODRelevant:0 FolderPath:Lighting FolderGuid:963EC3EB4002CCE9759E2EBA541A873A
 |   |   |- [+] [  8]
 |   |   |   |- Guid:F1924B8D48954B30891B2DB6A694F9CC BaseClass: NativeClass:/Script/Engine.StaticMeshActor Name:StaticMeshActor_1 Label:SM_Cube SpatiallyLoaded:1 Bounds:IsValid=true, Min=(X=-40834.000 Y=-46327.107 Z=-1559.000), Max=(X=49165.998 Y=58672.891 Z=-59.000) RuntimeGrid:None EditorOnly:0 RuntimeOnly:0 HLODRelevant:1 FolderPath:Playground FolderGuid:C73F09FC4215536B1DCE2A9E0A830C70
 |   |   |- [+] [  9]
 |   |   |   |- Guid:2FB58999456391D349DC0F86DAC136ED BaseClass: NativeClass:/Script/Engine.SkyLight Name:SkyLight_1 Label:SkyLight SpatiallyLoaded:0 Bounds:IsValid=true, Min=(X=0.000 Y=0.000 Z=690.000), Max=(X=0.000 Y=0.000 Z=690.000) RuntimeGrid:None EditorOnly:0 RuntimeOnly:0 HLODRelevant:0 FolderPath:Lighting FolderGuid:963EC3EB4002CCE9759E2EBA541A873A
 |   |   |- [+] [ 10]
 |   |   |   |- Guid:3E2381074F9EEED8943BB586069FB770 BaseClass:/Game/Lunch.Lunch_C NativeClass:/Script/Engine.Actor Name:Lunch_C_UAID_C46516240C43547102_1976102612 Label:Lunch SpatiallyLoaded:1 Bounds:IsValid=true, Min=(X=-4216.000 Y=-15188.000 Z=-72.000), Max=(X=-4104.000 Y=-15092.000 Z=-8.000) RuntimeGrid:None EditorOnly:0 RuntimeOnly:0 HLODRelevant:0
 |   |   |- [+] [ 11]
 |   |   |   |- Guid:3A00AA1C422CE54C0BDB60BAF471BFBB BaseClass: NativeClass:/Script/Engine.PlayerStart Name:PlayerStart_0 Label:PlayerStart SpatiallyLoaded:0 Bounds:IsValid=true, Min=(X=-6005.206 Y=8514.794 Z=620.013), Max=(X=-5894.794 Y=8625.206 Z=804.013) RuntimeGrid:None EditorOnly:0 RuntimeOnly:0 HLODRelevant:0
 |   |   |- [+] [ 12]
 |   |   |   |- Guid:4F1CE008400E0A6EB2966992F88CE7C9 BaseClass:/Game/Lunch.Lunch_C NativeClass:/Script/Engine.Actor Name:Lunch_C_UAID_C46516240C43547102_2057771613 Label:Lunch2 SpatiallyLoaded:1 Bounds:IsValid=true, Min=(X=13654.000 Y=8692.000 Z=-72.000), Max=(X=13766.000 Y=8788.000 Z=-8.000) RuntimeGrid:None EditorOnly:0 RuntimeOnly:0 HLODRelevant:0
 |   |   |- [+] [ 13]
 |   |   |   |- Guid:EBC33D304C291F5D7B80249EAF3194D3 BaseClass:/Game/Lunch.Lunch_C NativeClass:/Script/Engine.Actor Name:Lunch_C_UAID_C46516240C43547102_2127672614 Label:Lunch3 SpatiallyLoaded:1 Bounds:IsValid=true, Min=(X=-19746.000 Y=-13618.000 Z=-82.000), Max=(X=-19634.000 Y=-13522.000 Z=-18.000) RuntimeGrid:None EditorOnly:0 RuntimeOnly:0 HLODRelevant:0
 |   |   |- [+] [ 14]
 |   |   |   |- Guid:C22617154C967C0CBDCDFFA11CE5A277 BaseClass:/Game/Lunch.Lunch_C NativeClass:/Script/Engine.Actor Name:Lunch_C_UAID_C46516240C43557102_1119645791 Label:Lunch4 SpatiallyLoaded:1 Bounds:IsValid=true, Min=(X=-22016.000 Y=12832.000 Z=-82.000), Max=(X=-21904.000 Y=12928.000 Z=-18.000) RuntimeGrid:None EditorOnly:0 RuntimeOnly:0 HLODRelevant:0
 |   |   |- [+] [ 15]
 |   |   |   |- Guid:FF30B9274CBF28A0661197956D4793CF BaseClass:/Game/Lunch.Lunch_C NativeClass:/Script/Engine.Actor Name:Lunch_C_UAID_C46516240C43557102_1159661792 Label:Lunch5 SpatiallyLoaded:1 Bounds:IsValid=true, Min=(X=-618.025 Y=18075.367 Z=-79.647), Max=(X=-506.025 Y=18171.367 Z=-15.647) RuntimeGrid:None EditorOnly:0 RuntimeOnly:0 HLODRelevant:0
 |   |   |- [+] [ 16]
 |   |   |   |- Guid:16A769F84E0466F541635AA3F8BD5398 BaseClass:/Game/book.book_C NativeClass:/Script/Engine.Actor Name:book_C_UAID_C46516240C43597102_2015701498 Label:book SpatiallyLoaded:1 Bounds:IsValid=true, Min=(X=39130.000 Y=-11470.000 Z=-0.041), Max=(X=39210.000 Y=-11390.000 Z=36.000) RuntimeGrid:None EditorOnly:0 RuntimeOnly:0 HLODRelevant:0
 |   |   |- [+] [ 17]
 |   |   |   |- Guid:53BA755441AE87502CB0CFBE6508FC32 BaseClass:/Game/book.book_C NativeClass:/Script/Engine.Actor Name:book_C_UAID_C46516240C43597102_2052241499 Label:book2 SpatiallyLoaded:1 Bounds:IsValid=true, Min=(X=27650.000 Y=-16550.000 Z=-30.041), Max=(X=27730.000 Y=-16470.000 Z=6.000) RuntimeGrid:None EditorOnly:0 RuntimeOnly:0 HLODRelevant:0
 |   |   |- [+] [ 18]
 |   |   |   |- Guid:97B1F33C4B5EFDD1DCEFC189F5B55275 BaseClass:/Game/book.book_C NativeClass:/Script/Engine.Actor Name:book_C_UAID_C46516240C43597102_2081336500 Label:book3 SpatiallyLoaded:1 Bounds:IsValid=true, Min=(X=29270.000 Y=-9380.000 Z=-20.041), Max=(X=29350.000 Y=-9300.000 Z=16.000) RuntimeGrid:None EditorOnly:0 RuntimeOnly:0 HLODRelevant:0
 |   |   |- [+] [ 19]
 |   |   |   |- Guid:D586019A4ED50FD696B5199267658F7D BaseClass:/Game/book.book_C NativeClass:/Script/Engine.Actor Name:book_C_UAID_C46516240C43597102_2117495501 Label:book4 SpatiallyLoaded:1 Bounds:IsValid=true, Min=(X=35450.000 Y=-2240.000 Z=-30.041), Max=(X=35530.000 Y=-2160.000 Z=6.000) RuntimeGrid:None EditorOnly:0 RuntimeOnly:0 HLODRelevant:0
 |   |   |- [+] [ 20]
 |   |   |   |- Guid:61DBEEF044647850960613A1741B569E BaseClass:/Game/book.book_C NativeClass:/Script/Engine.Actor Name:book_C_UAID_C46516240C435A7102_1075136678 Label:book5 SpatiallyLoaded:1 Bounds:IsValid=true, Min=(X=33050.000 Y=-11500.000 Z=-40.041), Max=(X=33130.000 Y=-11420.000 Z=-4.000) RuntimeGrid:None EditorOnly:0 RuntimeOnly:0 HLODRelevant:0
 |   |   |- [+] [ 21]
 |   |   |   |- Guid:897E06AA48A35E3C3A545E96175510D3 BaseClass:/Game/book.book_C NativeClass:/Script/Engine.Actor Name:book_C_UAID_C46516240C435A7102_1099134679 Label:book6 SpatiallyLoaded:1 Bounds:IsValid=true, Min=(X=28400.000 Y=-2420.000 Z=-30.041), Max=(X=28480.000 Y=-2340.000 Z=6.000) RuntimeGrid:None EditorOnly:0 RuntimeOnly:0 HLODRelevant:0
 |   |   |- [+] [ 22]
 |   |   |   |- Guid:450D899848819DFBA4AFC488D09A2940 BaseClass:/Game/book.book_C NativeClass:/Script/Engine.Actor Name:book_C_UAID_C46516240C435A7102_1119410680 Label:book7 SpatiallyLoaded:1 Bounds:IsValid=true, Min=(X=27970.000 Y=680.000 Z=-30.041), Max=(X=28050.000 Y=760.000 Z=6.000) RuntimeGrid:None EditorOnly:0 RuntimeOnly:0 HLODRelevant:0
 |   |   |- [+] [ 23]
 |   |   |   |- Guid:E2F7BA044F1C8FBB7B0906AD0087A7D6 BaseClass:/Game/book.book_C NativeClass:/Script/Engine.Actor Name:book_C_UAID_C46516240C435A7102_1142617681 Label:book8 SpatiallyLoaded:1 Bounds:IsValid=true, Min=(X=22850.000 Y=-8860.000 Z=-40.041), Max=(X=22930.000 Y=-8780.000 Z=-4.000) RuntimeGrid:None EditorOnly:0 RuntimeOnly:0 HLODRelevant:0
 |   |   |- [+] [ 24]
 |   |   |   |- Guid:4DABBF7B446B36B84D90E9B9A8A97128 BaseClass:/Game/book.book_C NativeClass:/Script/Engine.Actor Name:book_C_UAID_C46516240C435A7102_1167624682 Label:book9 SpatiallyLoaded:1 Bounds:IsValid=true, Min=(X=30320.000 Y=-17170.000 Z=-20.041), Max=(X=30400.000 Y=-17090.000 Z=16.000) RuntimeGrid:None EditorOnly:0 RuntimeOnly:0 HLODRelevant:0
 |   |   |- [+] [ 25]
 |   |   |   |- Guid:76AA385C4837E776B8476BAB6530A96C BaseClass:/Game/book.book_C NativeClass:/Script/Engine.Actor Name:book_C_UAID_C46516240C435A7102_1236243683 Label:book10 SpatiallyLoaded:1 Bounds:IsValid=true, Min=(X=-30540.000 Y=-17340.000 Z=-40.041), Max=(X=-30460.000 Y=-17260.000 Z=-4.000) RuntimeGrid:None EditorOnly:0 RuntimeOnly:0 HLODRelevant:0
 |   |   |- [+] [ 26]
 |   |   |   |- Guid:965BAEC449210352EB662FAC9B8A7755 BaseClass:/Game/book.book_C NativeClass:/Script/Engine.Actor Name:book_C_UAID_C46516240C435A7102_1267021684 Label:book11 SpatiallyLoaded:1 Bounds:IsValid=true, Min=(X=-26340.000 Y=-24380.000 Z=-10.041), Max=(X=-26260.000 Y=-24300.000 Z=26.000) RuntimeGrid:None EditorOnly:0 RuntimeOnly:0 HLODRelevant:0
 |   |   |- [+] [ 27]
 |   |   |   |- Guid:72DC5DA64B23E106899057AC7FDDC740 BaseClass:/Game/book.book_C NativeClass:/Script/Engine.Actor Name:book_C_UAID_C46516240C435A7102_1340016685 Label:book12 SpatiallyLoaded:1 Bounds:IsValid=true, Min=(X=-17160.000 Y=-27400.000 Z=19.959), Max=(X=-17080.000 Y=-27320.000 Z=56.000) RuntimeGrid:None EditorOnly:0 RuntimeOnly:0 HLODRelevant:0
 |   |   |- [+] [ 28]
 |   |   |   |- Guid:52B9FCD1474529210D0686842395C569 BaseClass:/Game/book.book_C NativeClass:/Script/Engine.Actor Name:book_C_UAID_C46516240C435A7102_1396626686 Label:book13 SpatiallyLoaded:1 Bounds:IsValid=true, Min=(X=-19840.000 Y=-30650.000 Z=-30.041), Max=(X=-19760.000 Y=-30570.000 Z=6.000) RuntimeGrid:None EditorOnly:0 RuntimeOnly:0 HLODRelevant:0
 |   |   |- [+] [ 29]
 |   |   |   |- Guid:8E2764454146167AA45AE28C99484C58 BaseClass:/Game/book.book_C NativeClass:/Script/Engine.Actor Name:book_C_UAID_C46516240C435A7102_1467202687 Label:book14 SpatiallyLoaded:1 Bounds:IsValid=true, Min=(X=-36970.000 Y=-6070.000 Z=-40.041), Max=(X=-36890.000 Y=-5990.000 Z=-4.000) RuntimeGrid:None EditorOnly:0 RuntimeOnly:0 HLODRelevant:0
 |   |   |- [+] [ 30]
 |   |   |   |- Guid:1BFE9F32426FFD0D7DCB7A9B5E6050E2 BaseClass:/Game/book.book_C NativeClass:/Script/Engine.Actor Name:book_C_UAID_C46516240C435A7102_1519051688 Label:book15 SpatiallyLoaded:1 Bounds:IsValid=true, Min=(X=-20500.000 Y=1470.000 Z=-40.041), Max=(X=-20420.000 Y=1550.000 Z=-4.000) RuntimeGrid:None EditorOnly:0 RuntimeOnly:0 HLODRelevant:0
 |   |   |- [+] [ 31]
 |   |   |   |- Guid:30E429E94B61B92AE2D462949B51ED61 BaseClass:/Game/book.book_C NativeClass:/Script/Engine.Actor Name:book_C_UAID_C46516240C435A7102_1551134689 Label:book16 SpatiallyLoaded:1 Bounds:IsValid=true, Min=(X=-23690.000 Y=-880.000 Z=-50.041), Max=(X=-23610.000 Y=-800.000 Z=-14.000) RuntimeGrid:None EditorOnly:0 RuntimeOnly:0 HLODRelevant:0
 |   |   |- [+] [ 32]
 |   |   |   |- Guid:5F05204F44796569E9CE90BC8668E93A BaseClass:/Game/book.book_C NativeClass:/Script/Engine.Actor Name:book_C_UAID_C46516240C435A7102_1572365690 Label:book17 SpatiallyLoaded:1 Bounds:IsValid=true, Min=(X=-13830.000 Y=2200.000 Z=-30.041), Max=(X=-13750.000 Y=2280.000 Z=6.000) RuntimeGrid:None EditorOnly:0 RuntimeOnly:0 HLODRelevant:0
 |   |   |- [+] [ 33]
 |   |   |   |- Guid:6FAE8ACF4683AA08D215AA868233A776 BaseClass:/Game/book.book_C NativeClass:/Script/Engine.Actor Name:book_C_UAID_C46516240C435A7102_1655213691 Label:book18 SpatiallyLoaded:1 Bounds:IsValid=true, Min=(X=-30420.000 Y=1710.000 Z=-20.041), Max=(X=-30340.000 Y=1790.000 Z=16.000) RuntimeGrid:None EditorOnly:0 RuntimeOnly:0 HLODRelevant:0
 |   |   |- [+] [ 34]
 |   |   |   |- Guid:60E327DE4D813E9FBD4343A85C4E32B8 BaseClass:/Game/book.book_C NativeClass:/Script/Engine.Actor Name:book_C_UAID_C46516240C435A7102_1849990692 Label:book19 SpatiallyLoaded:1 Bounds:IsValid=true, Min=(X=-4370.000 Y=11270.000 Z=-40.041), Max=(X=-4290.000 Y=11350.000 Z=-4.000) RuntimeGrid:None EditorOnly:0 RuntimeOnly:0 HLODRelevant:0
 |   |   |- [+] [ 35]
 |   |   |   |- Guid:4820134748BA918229361C97677AA3C0 BaseClass:/Game/book.book_C NativeClass:/Script/Engine.Actor Name:book_C_UAID_C46516240C435A7102_1877500693 Label:book20 SpatiallyLoaded:1 Bounds:IsValid=true, Min=(X=6720.000 Y=12600.000 Z=-40.041), Max=(X=6800.000 Y=12680.000 Z=-4.000) RuntimeGrid:None EditorOnly:0 RuntimeOnly:0 HLODRelevant:0
 |   |   |- [+] [ 36]
 |   |   |   |- Guid:7F7A92AF46CAE2107CA7BC9080BE51C6 BaseClass:/Game/book.book_C NativeClass:/Script/Engine.Actor Name:book_C_UAID_C46516240C435A7102_1910286694 Label:book21 SpatiallyLoaded:1 Bounds:IsValid=true, Min=(X=13200.000 Y=12010.000 Z=-50.041), Max=(X=13280.000 Y=12090.000 Z=-14.000) RuntimeGrid:None EditorOnly:0 RuntimeOnly:0 HLODRelevant:0
 |   |   |- [+] [ 37]
 |   |   |   |- Guid:A50E98B64D3D588D0B54ECB03DBC70CB BaseClass:/Game/book.book_C NativeClass:/Script/Engine.Actor Name:book_C_UAID_C46516240C435A7102_1940584695 Label:book22 SpatiallyLoaded:1 Bounds:IsValid=true, Min=(X=-2140.000 Y=4240.000 Z=-40.041), Max=(X=-2060.000 Y=4320.000 Z=-4.000) RuntimeGrid:None EditorOnly:0 RuntimeOnly:0 HLODRelevant:0
 |   |   |- [+] [ 38]
 |   |   |   |- Guid:6914939F473E7A1584045A843631438E BaseClass:/Game/book.book_C NativeClass:/Script/Engine.Actor Name:book_C_UAID_C46516240C435A7102_1970351696 Label:book23 SpatiallyLoaded:1 Bounds:IsValid=true, Min=(X=4350.000 Y=-2820.000 Z=-30.041), Max=(X=4430.000 Y=-2740.000 Z=6.000) RuntimeGrid:None EditorOnly:0 RuntimeOnly:0 HLODRelevant:0
 |   |   |- [+] [ 39]
 |   |   |   |- Guid:623AF22F4E395BC8B8EFA0AD810FBA1A BaseClass:/Game/book.book_C NativeClass:/Script/Engine.Actor Name:book_C_UAID_C46516240C435A7102_1982342697 Label:book24 SpatiallyLoaded:1 Bounds:IsValid=true, Min=(X=-780.000 Y=-16280.000 Z=-30.041), Max=(X=-700.000 Y=-16200.000 Z=6.000) RuntimeGrid:None EditorOnly:0 RuntimeOnly:0 HLODRelevant:0
 |   |   |- [+] [ 40]
 |   |   |   |- Guid:305DCC074D859B95D4CD3E83DE19496E BaseClass:/Game/book.book_C NativeClass:/Script/Engine.Actor Name:book_C_UAID_C46516240C435A7102_2014485698 Label:book25 SpatiallyLoaded:1 Bounds:IsValid=true, Min=(X=10210.000 Y=-8170.000 Z=-50.041), Max=(X=10290.000 Y=-8090.000 Z=-14.000) RuntimeGrid:None EditorOnly:0 RuntimeOnly:0 HLODRelevant:0
 |   |   |- [+] [ 41]
 |   |   |   |- Guid:CB05E3E7415F79E40EB65998E10C5FB2 BaseClass:/Game/book.book_C NativeClass:/Script/Engine.Actor Name:book_C_UAID_C46516240C435A7102_2047860699 Label:book26 SpatiallyLoaded:1 Bounds:IsValid=true, Min=(X=4620.000 Y=-14100.000 Z=-40.041), Max=(X=4700.000 Y=-14020.000 Z=-4.000) RuntimeGrid:None EditorOnly:0 RuntimeOnly:0 HLODRelevant:0
 |   |   |- [+] [ 42]
 |   |   |   |- Guid:2CFBF33648AF9330FB55909A3A7DF9A6 BaseClass:/Game/book.book_C NativeClass:/Script/Engine.Actor Name:book_C_UAID_C46516240C435A7102_2074904700 Label:book27 SpatiallyLoaded:1 Bounds:IsValid=true, Min=(X=4200.000 Y=-6980.000 Z=-40.041), Max=(X=4280.000 Y=-6900.000 Z=-4.000) RuntimeGrid:None EditorOnly:0 RuntimeOnly:0 HLODRelevant:0
 |- ContainerInstances:
 |- [+] MainContainer:
 |   |-        ID: 0x0000000000000000
 |   |-    Bounds: IsValid=false, Min=(X=0.000 Y=0.000 Z=0.000), Max=(X=0.000 Y=0.000 Z=0.000)
 |   |- Transform: 0.000000,0.000000,0.000000|0.000000,0.000000,-0.000000|1.000000,1.000000,1.000000
 |   |- Container: /Game/ThirdPerson/Maps/ThirdPersonMap
----------------------------------------------------------------------------------------------------------------
ThirdPersonMap - Persistent Level
----------------------------------------------------------------------------------------------------------------
Always loaded Actor Count: 82 

----------------------------------------------------------------------------------------------------------------
ThirdPersonMap - Runtime Spatial Hash - Streaming Grid - MainGrid
----------------------------------------------------------------------------------------------------------------
            Origin: X=0.000 Y=0.000 Z=0.000
         Cell Size: 12800
      World Bounds: IsValid=false, Min=(X=0.000 Y=0.000 Z=0.000), Max=(X=0.000 Y=0.000 Z=0.000)
     Loading Range: 25600.00
Block Slow Loading: No
 ClientOnlyVisible: No

[+] Grid Levels: 1
 |- Level  0: Cell Count    0 | Cell Size   12800 | Actor Count    0 (0.0%)

[+] Content of Grid Level 0

