[+] Containers:
 |- [+] Container: /Game/ThirdPerson/Maps/ThirdPersonMap
 |   |- [+] ActorDescs:
 |   |   |- Guid:00533B204D5A344DF62AE1BB8BDECA54 BaseClass:/Game/book.book_C NativeClass:/Script/Engine.Actor Name:book_C_UAID_A4FC77561504366E02_1418533193 Label:book35 SpatiallyLoaded:1 Bounds:IsValid=true, Min=(X=5781.244 Y=-4461.675 Z=1.673), Max=(X=5842.411 Y=-4418.325 Z=111.977) RuntimeGrid:None EditorOnly:0 RuntimeOnly:0 HLODRelevant:0
 |   |   |- Guid:01C852784CB46D35F5097FAB676F65BC BaseClass:/Game/book.book_C NativeClass:/Script/Engine.Actor Name:book_C_UAID_A4FC77561504356E02_1934445985 Label:book3 SpatiallyLoaded:1 Bounds:IsValid=true, Min=(X=-4588.756 Y=11758.325 Z=1.673), Max=(X=-4527.589 Y=11801.675 Z=111.977) RuntimeGrid:None EditorOnly:0 RuntimeOnly:0 HLODRelevant:0
 |   |   |- Guid:03B1F0C746934920F373DB8C208C714B BaseClass:/Game/book.book_C NativeClass:/Script/Engine.Actor Name:book_C_UAID_A4FC77561504366E02_1111655173 Label:book15 SpatiallyLoaded:1 Bounds:IsValid=true, Min=(X=10831.244 Y=11498.325 Z=1.673), Max=(X=10892.411 Y=11541.675 Z=111.977) RuntimeGrid:None EditorOnly:0 RuntimeOnly:0 HLODRelevant:0
 |   |   |- Guid:0944133248FD56CB564B28816D13F7F8 BaseClass:/Game/book.book_C NativeClass:/Script/Engine.Actor Name:book_C_UAID_A4FC77561504366E02_1540400205 Label:book47 SpatiallyLoaded:1 Bounds:IsValid=true, Min=(X=4701.244 Y=-15261.675 Z=1.673), Max=(X=4762.411 Y=-15218.325 Z=111.977) RuntimeGrid:None EditorOnly:0 RuntimeOnly:0 HLODRelevant:0
 |   |   |- Guid:0E22C0C942089D59AA53CA9F066207BC BaseClass:/Game/book.book_C NativeClass:/Script/Engine.Actor Name:book_C_UAID_A4FC77561504366E02_1231433178 Label:book20 SpatiallyLoaded:1 Bounds:IsValid=true, Min=(X=10831.244 Y=13468.325 Z=1.673), Max=(X=10892.411 Y=13511.675 Z=111.977) RuntimeGrid:None EditorOnly:0 RuntimeOnly:0 HLODRelevant:0
 |   |   |- Guid:1418BB0D47BFFD622CCA21BFA50E9696 BaseClass:/Game/book.book_C NativeClass:/Script/Engine.Actor Name:book_C_UAID_A4FC77561504366E02_1543270206 Label:book48 SpatiallyLoaded:1 Bounds:IsValid=true, Min=(X=5991.244 Y=-14521.675 Z=1.673), Max=(X=6052.411 Y=-14478.325 Z=111.977) RuntimeGrid:None EditorOnly:0 RuntimeOnly:0 HLODRelevant:0
 |   |   |- Guid:1653EC0445497382B58C509123398894 BaseClass:/Game/book.book_C NativeClass:/Script/Engine.Actor Name:book_C_UAID_A4FC77561504356E02_2018060988 Label:book6 SpatiallyLoaded:1 Bounds:IsValid=true, Min=(X=-778.756 Y=12248.325 Z=1.673), Max=(X=-717.589 Y=12291.675 Z=111.977) RuntimeGrid:None EditorOnly:0 RuntimeOnly:0 HLODRelevant:0
 |   |   |- Guid:1AAB92A344792BD4FCBF59A875E6C596 BaseClass:/Game/penalties/ranting.ranting_C NativeClass:/Script/Engine.Actor Name:ranting_C_UAID_C46516240B9BCD6302_1766011125 Label:ranting6 SpatiallyLoaded:1 Bounds:IsValid=true, Min=(X=9063.120 Y=14005.121 Z=-63.600), Max=(X=9260.880 Y=14121.432 Z=3.600) RuntimeGrid:None EditorOnly:0 RuntimeOnly:0 HLODRelevant:0
 |   |   |- Guid:1EEF4CD843EA91794EA8C58317334ED1 BaseClass:/Game/book.book_C NativeClass:/Script/Engine.Actor Name:book_C_UAID_A4FC77561504366E02_1516957201 Label:book43 SpatiallyLoaded:1 Bounds:IsValid=true, Min=(X=4331.244 Y=-7601.675 Z=1.673), Max=(X=4392.411 Y=-7558.325 Z=111.977) RuntimeGrid:None EditorOnly:0 RuntimeOnly:0 HLODRelevant:0
 |   |   |- Guid:222FFC7744A4F526278F4881FFE49ACE BaseClass:/Game/penalties/Kolam.Kolam_C NativeClass:/Script/Engine.Actor Name:Kolam_C_UAID_C46516240B9B326802_1808205119 Label:Kolam2 SpatiallyLoaded:1 Bounds:IsValid=true, Min=(X=-9616.921 Y=5837.645 Z=-38.783), Max=(X=-9463.079 Y=5942.355 Z=38.783) RuntimeGrid:None EditorOnly:0 RuntimeOnly:0 HLODRelevant:0
 |   |   |- Guid:223D169D432E29B4D02F21A67296D739 BaseClass: NativeClass:/Script/NavigationSystem.RecastNavMesh Name:RecastNavMesh_UAID_EC5C68359F20996C02-Default Label:RecastNavMesh-Default SpatiallyLoaded:0 Bounds:IsValid=true, Min=(X=0.000 Y=0.000 Z=0.000), Max=(X=0.000 Y=0.000 Z=0.000) RuntimeGrid:None EditorOnly:0 RuntimeOnly:0 HLODRelevant:0
 |   |   |- Guid:2AEE77A442FE172443CAA691FD2E133F BaseClass:/Game/book.book_C NativeClass:/Script/Engine.Actor Name:book_C_UAID_A4FC77561504366E02_1382633186 Label:book28 SpatiallyLoaded:1 Bounds:IsValid=true, Min=(X=3881.244 Y=128.325 Z=1.673), Max=(X=3942.411 Y=171.675 Z=111.977) RuntimeGrid:None EditorOnly:0 RuntimeOnly:0 HLODRelevant:0
 |   |   |- Guid:2FB58999456391D349DC0F86DAC136ED BaseClass: NativeClass:/Script/Engine.SkyLight Name:SkyLight_1 Label:SkyLight SpatiallyLoaded:0 Bounds:IsValid=true, Min=(X=0.000 Y=0.000 Z=690.000), Max=(X=0.000 Y=0.000 Z=690.000) RuntimeGrid:None EditorOnly:0 RuntimeOnly:0 HLODRelevant:0 FolderPath:Lighting FolderGuid:963EC3EB4002CCE9759E2EBA541A873A
 |   |   |- Guid:316CF2A6494ACA4C0E4180A87D36AB8F BaseClass: NativeClass:/Script/Engine.ExponentialHeightFog Name:ExponentialHeightFog_0 Label:ExponentialHeightFog SpatiallyLoaded:0 Bounds:IsValid=true, Min=(X=-5600.000 Y=-50.000 Z=-6850.000), Max=(X=-5600.000 Y=-50.000 Z=-6850.000) RuntimeGrid:None EditorOnly:0 RuntimeOnly:0 HLODRelevant:0 FolderPath:Lighting FolderGuid:963EC3EB4002CCE9759E2EBA541A873A
 |   |   |- Guid:361A33C54B3B0A9C9FDF82BB2C265221 BaseClass:/Game/book.book_C NativeClass:/Script/Engine.Actor Name:book_C_UAID_A4FC77561504366E02_1407310190 Label:book32 SpatiallyLoaded:1 Bounds:IsValid=true, Min=(X=11951.244 Y=-3101.675 Z=1.673), Max=(X=12012.411 Y=-3058.325 Z=111.977) RuntimeGrid:None EditorOnly:0 RuntimeOnly:0 HLODRelevant:0
 |   |   |- Guid:38341B1C472EC0C8FB04D38D0A088156 BaseClass:/Game/book.book_C NativeClass:/Script/Engine.Actor Name:book_C_UAID_A4FC77561504356E02_2137373991 Label:book9 SpatiallyLoaded:1 Bounds:IsValid=true, Min=(X=2361.244 Y=12058.325 Z=1.673), Max=(X=2422.411 Y=12101.675 Z=111.977) RuntimeGrid:None EditorOnly:0 RuntimeOnly:0 HLODRelevant:0
 |   |   |- Guid:3A00AA1C422CE54C0BDB60BAF471BFBB BaseClass: NativeClass:/Script/Engine.PlayerStart Name:PlayerStart_0 Label:PlayerStart SpatiallyLoaded:0 Bounds:IsValid=true, Min=(X=-6790.518 Y=8519.882 Z=126.231), Max=(X=-6709.482 Y=8620.118 Z=317.794) RuntimeGrid:None EditorOnly:0 RuntimeOnly:0 HLODRelevant:0
 |   |   |- Guid:3BAEDF234C2C2FE138C47DB7EF1D54B6 BaseClass:/Game/book.book_C NativeClass:/Script/Engine.Actor Name:book_C_UAID_A4FC77561504366E02_1357709183 Label:book25 SpatiallyLoaded:1 Bounds:IsValid=true, Min=(X=8111.244 Y=3108.325 Z=1.673), Max=(X=8172.411 Y=3151.675 Z=111.977) RuntimeGrid:None EditorOnly:0 RuntimeOnly:0 HLODRelevant:0
 |   |   |- Guid:4135D3324B73994D4D8A9790A8D2F167 BaseClass:/Game/penalties/ranting.ranting_C NativeClass:/Script/Engine.Actor Name:ranting_C_UAID_C46516240B9BCC6302_1435491945 Label:ranting3 SpatiallyLoaded:1 Bounds:IsValid=true, Min=(X=-15826.880 Y=16025.121 Z=-33.600), Max=(X=-15629.120 Y=16141.432 Z=33.600) RuntimeGrid:None EditorOnly:0 RuntimeOnly:0 HLODRelevant:0
 |   |   |- Guid:423DBED7419537160CC55C8797C45CF3 BaseClass:/Game/penalties/wavyshark/source/water_pool.water_pool_C NativeClass:/Script/Engine.Actor Name:water_pool_C_UAID_C46516240B9B646A02_1115422037 Label:water_pool3 SpatiallyLoaded:1 Bounds:IsValid=true, Min=(X=21549.216 Y=-8708.489 Z=-647.397), Max=(X=24990.243 Y=-3729.849 Z=651.385) RuntimeGrid:None EditorOnly:0 RuntimeOnly:0 HLODRelevant:0
 |   |   |- Guid:46ED876D4D67B318FEC6A5906B7C981A BaseClass:/Game/book.book_C NativeClass:/Script/Engine.Actor Name:book_C_UAID_A4FC77561504366E02_1097716171 Label:book13 SpatiallyLoaded:1 Bounds:IsValid=true, Min=(X=7901.244 Y=11758.325 Z=1.673), Max=(X=7962.411 Y=11801.675 Z=111.977) RuntimeGrid:None EditorOnly:0 RuntimeOnly:0 HLODRelevant:0
 |   |   |- Guid:4970A83F4E87DCDC69C760A71B811601 BaseClass:/Game/book.book_C NativeClass:/Script/Engine.Actor Name:book_C_UAID_A4FC77561504366E02_1397311189 Label:book31 SpatiallyLoaded:1 Bounds:IsValid=true, Min=(X=3981.244 Y=-3101.675 Z=1.673), Max=(X=4042.411 Y=-3058.325 Z=111.977) RuntimeGrid:None EditorOnly:0 RuntimeOnly:0 HLODRelevant:0
 |   |   |- Guid:4D3BE93F4146AAAC8BBE79999D96D57F BaseClass: NativeClass:/Script/Engine.VolumetricCloud Name:VolumetricCloud_0 Label:VolumetricCloud SpatiallyLoaded:0 Bounds:IsValid=true, Min=(X=0.000 Y=0.000 Z=820.000), Max=(X=0.000 Y=0.000 Z=820.000) RuntimeGrid:None EditorOnly:0 RuntimeOnly:0 HLODRelevant:0 FolderPath:Lighting FolderGuid:963EC3EB4002CCE9759E2EBA541A873A
 |   |   |- Guid:51B36673487753548DE07DA04BFB2CC8 BaseClass:/Game/book.book_C NativeClass:/Script/Engine.Actor Name:book_C_UAID_A4FC77561504366E02_1528047202 Label:book44 SpatiallyLoaded:1 Bounds:IsValid=true, Min=(X=2031.244 Y=-9161.675 Z=1.673), Max=(X=2092.411 Y=-9118.325 Z=111.977) RuntimeGrid:None EditorOnly:0 RuntimeOnly:0 HLODRelevant:0
 |   |   |- Guid:53DD3B6B4A54302BAD489FB3F7CA692B BaseClass:/Game/book.book_C NativeClass:/Script/Engine.Actor Name:book_C_UAID_A4FC77561504356E02_1969768987 Label:book5 SpatiallyLoaded:1 Bounds:IsValid=true, Min=(X=-2158.756 Y=11728.325 Z=1.673), Max=(X=-2097.589 Y=11771.675 Z=111.977) RuntimeGrid:None EditorOnly:0 RuntimeOnly:0 HLODRelevant:0
 |   |   |- Guid:58CC38954D6DD13F023AE888AC0F5313 BaseClass:/Game/book.book_C NativeClass:/Script/Engine.Actor Name:book_C_UAID_A4FC77561504366E02_1340553180 Label:book22 SpatiallyLoaded:1 Bounds:IsValid=true, Min=(X=12631.244 Y=12028.325 Z=1.673), Max=(X=12692.411 Y=12071.675 Z=111.977) RuntimeGrid:None EditorOnly:0 RuntimeOnly:0 HLODRelevant:0
 |   |   |- Guid:58E38D57448EB6893EFE3699469B9DB7 BaseClass:/Game/penalties/ranting.ranting_C NativeClass:/Script/Engine.Actor Name:ranting_C_UAID_C46516240B9BCC6302_1314857943 Label:ranting SpatiallyLoaded:1 Bounds:IsValid=true, Min=(X=-15206.880 Y=15805.121 Z=-23.600), Max=(X=-15009.120 Y=15921.432 Z=43.600) RuntimeGrid:None EditorOnly:0 RuntimeOnly:0 HLODRelevant:0
 |   |   |- Guid:5A08832B46915E1DF15AB790D379C817 BaseClass:/Game/penalties/wavyshark/source/water_pool.water_pool_C NativeClass:/Script/Engine.Actor Name:water_pool_C_UAID_C46516240B9B636A02_1223621855 Label:water_pool2 SpatiallyLoaded:1 Bounds:IsValid=true, Min=(X=-26813.907 Y=-21147.351 Z=-258.913), Max=(X=-25146.355 Y=-18752.046 Z=203.010) RuntimeGrid:None EditorOnly:0 RuntimeOnly:0 HLODRelevant:0
 |   |   |- Guid:5E48EC114B690667C3A9B9A32B6479EC BaseClass:/Game/penalties/ranting2.ranting2_C NativeClass:/Script/Engine.Actor Name:ranting2_C_UAID_C46516240B9BFE6502_1192546856 Label:ranting13 SpatiallyLoaded:1 Bounds:IsValid=true, Min=(X=-6743.957 Y=-6397.944 Z=-63.600), Max=(X=-6569.872 Y=-6232.416 Z=6.118) RuntimeGrid:None EditorOnly:0 RuntimeOnly:0 HLODRelevant:0
 |   |   |- Guid:62BDEA79402A267129431BB07200C1C7 BaseClass:/Game/book.book_C NativeClass:/Script/Engine.Actor Name:book_C_UAID_A4FC77561504366E02_1221578177 Label:book19 SpatiallyLoaded:1 Bounds:IsValid=true, Min=(X=11301.244 Y=7168.325 Z=1.673), Max=(X=11362.411 Y=7211.675 Z=111.977) RuntimeGrid:None EditorOnly:0 RuntimeOnly:0 HLODRelevant:0
 |   |   |- Guid:659DEA7645E1122BD789A3A10C11C247 BaseClass:/Game/book.book_C NativeClass:/Script/Engine.Actor Name:book_C_UAID_A4FC77561504366E02_1386656187 Label:book29 SpatiallyLoaded:1 Bounds:IsValid=true, Min=(X=5881.244 Y=128.325 Z=1.673), Max=(X=5942.411 Y=171.675 Z=111.977) RuntimeGrid:None EditorOnly:0 RuntimeOnly:0 HLODRelevant:0
 |   |   |- Guid:661885BE4D9A5B71A4843FAF3B03769B BaseClass:/Game/book.book_C NativeClass:/Script/Engine.Actor Name:book_C_UAID_A4FC77561504366E02_1537210204 Label:book46 SpatiallyLoaded:1 Bounds:IsValid=true, Min=(X=4701.244 Y=-12051.675 Z=1.673), Max=(X=4762.411 Y=-12008.325 Z=111.977) RuntimeGrid:None EditorOnly:0 RuntimeOnly:0 HLODRelevant:0
 |   |   |- Guid:69C0E1B0455942AE0DDCCA89B1CA6460 BaseClass:/Game/book.book_C NativeClass:/Script/Engine.Actor Name:book_C_UAID_A4FC77561504366E02_1389966188 Label:book30 SpatiallyLoaded:1 Bounds:IsValid=true, Min=(X=5881.244 Y=-1211.675 Z=1.673), Max=(X=5942.411 Y=-1168.325 Z=111.977) RuntimeGrid:None EditorOnly:0 RuntimeOnly:0 HLODRelevant:0
 |   |   |- Guid:6B29E7964B1627D6F3FB589DB714C2B6 BaseClass:/Game/book.book_C NativeClass:/Script/Engine.Actor Name:book_C_UAID_A4FC77561504366E02_1478171194 Label:book36 SpatiallyLoaded:1 Bounds:IsValid=true, Min=(X=521.244 Y=-4461.675 Z=1.673), Max=(X=582.411 Y=-4418.325 Z=111.977) RuntimeGrid:None EditorOnly:0 RuntimeOnly:0 HLODRelevant:0
 |   |   |- Guid:6BAF4DDD444C60371492D3919DB42C97 BaseClass: NativeClass:/Script/Engine.WorldDataLayers Name:WorldDataLayers Label:WorldDataLayers SpatiallyLoaded:0 Bounds:IsValid=true, Min=(X=0.000 Y=0.000 Z=0.000), Max=(X=0.000 Y=0.000 Z=0.000) RuntimeGrid:None EditorOnly:0 RuntimeOnly:0 HLODRelevant:0
 |   |   |- Guid:73D440E8496318A9C4C6B18D18D19869 BaseClass:/Game/book.book_C NativeClass:/Script/Engine.Actor Name:book_C_UAID_A4FC77561504366E02_1413229192 Label:book34 SpatiallyLoaded:1 Bounds:IsValid=true, Min=(X=9561.244 Y=-4461.675 Z=1.673), Max=(X=9622.411 Y=-4418.325 Z=111.977) RuntimeGrid:None EditorOnly:0 RuntimeOnly:0 HLODRelevant:0
 |   |   |- Guid:73FF5EE7440885FA981E0A8C397C0281 BaseClass:/Game/book.book_C NativeClass:/Script/Engine.Actor Name:book_C_UAID_A4FC77561504366E02_1074137168 Label:book10 SpatiallyLoaded:1 Bounds:IsValid=true, Min=(X=3751.244 Y=14288.325 Z=1.673), Max=(X=3812.411 Y=14331.675 Z=111.977) RuntimeGrid:None EditorOnly:0 RuntimeOnly:0 HLODRelevant:0
 |   |   |- Guid:7614D64242A1968859A2E9B4AD58EE42 BaseClass:/Game/book.book_C NativeClass:/Script/Engine.Actor Name:book_C_UAID_A4FC77561504366E02_1514723200 Label:book42 SpatiallyLoaded:1 Bounds:IsValid=true, Min=(X=521.244 Y=-6671.675 Z=1.673), Max=(X=582.411 Y=-6628.325 Z=111.977) RuntimeGrid:None EditorOnly:0 RuntimeOnly:0 HLODRelevant:0
 |   |   |- Guid:79AB3BA54AD884F31BDDC2A97D1FE14F BaseClass:/Game/penalties/ranting.ranting_C NativeClass:/Script/Engine.Actor Name:ranting_C_UAID_C46516240B9BCC6302_1431703944 Label:ranting2 SpatiallyLoaded:1 Bounds:IsValid=true, Min=(X=-16566.880 Y=15985.121 Z=-43.600), Max=(X=-16369.120 Y=16101.432 Z=23.600) RuntimeGrid:None EditorOnly:0 RuntimeOnly:0 HLODRelevant:0
 |   |   |- Guid:7C924D2A4BC963211EE52E86132AD025 BaseClass:/Game/book.book_C NativeClass:/Script/Engine.Actor Name:book_C_UAID_A4FC77561504366E02_1364479184 Label:book26 SpatiallyLoaded:1 Bounds:IsValid=true, Min=(X=10351.244 Y=2038.325 Z=1.673), Max=(X=10412.411 Y=2081.675 Z=111.977) RuntimeGrid:None EditorOnly:0 RuntimeOnly:0 HLODRelevant:0
 |   |   |- Guid:7E1D3D4A48BC5CFE6CD168AA3065FF86 BaseClass:/Game/book.book_C NativeClass:/Script/Engine.Actor Name:book_C_UAID_A4FC77561504366E02_1493702196 Label:book38 SpatiallyLoaded:1 Bounds:IsValid=true, Min=(X=-1868.756 Y=-1171.675 Z=1.673), Max=(X=-1807.589 Y=-1128.325 Z=111.977) RuntimeGrid:None EditorOnly:0 RuntimeOnly:0 HLODRelevant:0
 |   |   |- Guid:808197F747C5583E8549F4AF546E4887 BaseClass:/Game/book.book_C NativeClass:/Script/Engine.Actor Name:book_C_UAID_A4FC77561504366E02_1534685203 Label:book45 SpatiallyLoaded:1 Bounds:IsValid=true, Min=(X=2031.244 Y=-12051.675 Z=1.673), Max=(X=2092.411 Y=-12008.325 Z=111.977) RuntimeGrid:None EditorOnly:0 RuntimeOnly:0 HLODRelevant:0
 |   |   |- Guid:8808ED264E4F142A1E100C8A20F465ED BaseClass:/Game/book.book_C NativeClass:/Script/Engine.Actor Name:book_C_UAID_A4FC77561504356E02_1843981984 Label:book2 SpatiallyLoaded:1 Bounds:IsValid=true, Min=(X=-5828.756 Y=8668.325 Z=1.673), Max=(X=-5767.589 Y=8711.675 Z=111.977) RuntimeGrid:None EditorOnly:0 RuntimeOnly:0 HLODRelevant:0
 |   |   |- Guid:8C6EAC0D49E4149DF470A2BFFBFE4E17 BaseClass:/Game/penalties/ranting2.ranting2_C NativeClass:/Script/Engine.Actor Name:ranting2_C_UAID_C46516240B9BCD6302_2023691129 Label:ranting10 SpatiallyLoaded:1 Bounds:IsValid=true, Min=(X=9197.520 Y=14832.876 Z=-63.600), Max=(X=9366.480 Y=14919.615 Z=6.118) RuntimeGrid:None EditorOnly:0 RuntimeOnly:0 HLODRelevant:0
 |   |   |- Guid:8DDB1296437292CE5121648860AA15DB BaseClass:/Game/book.book_C NativeClass:/Script/Engine.Actor Name:book_C_UAID_A4FC77561504356E02_2121746990 Label:book8 SpatiallyLoaded:1 Bounds:IsValid=true, Min=(X=901.244 Y=13138.325 Z=1.673), Max=(X=962.411 Y=13181.675 Z=111.977) RuntimeGrid:None EditorOnly:0 RuntimeOnly:0 HLODRelevant:0
 |   |   |- Guid:9064208D4959A7B89D6A11BCB43DDF5B BaseClass:/Game/penalties/Kolam.Kolam_C NativeClass:/Script/Engine.Actor Name:Kolam_C_UAID_C46516240B9B346802_1194336472 Label:Kolam3 SpatiallyLoaded:1 Bounds:IsValid=true, Min=(X=-26772.491 Y=-20985.081 Z=-698.012), Max=(X=-25198.548 Y=-18917.155 Z=765.479) RuntimeGrid:None EditorOnly:0 RuntimeOnly:0 HLODRelevant:0
 |   |   |- Guid:9077C28941D271055185859A3751666B BaseClass:/Game/book.book_C NativeClass:/Script/Engine.Actor Name:book_C_UAID_A4FC77561504366E02_1218430176 Label:book18 SpatiallyLoaded:1 Bounds:IsValid=true, Min=(X=14041.244 Y=7168.325 Z=1.673), Max=(X=14102.411 Y=7211.675 Z=111.977) RuntimeGrid:None EditorOnly:0 RuntimeOnly:0 HLODRelevant:0
 |   |   |- Guid:91F84C56417C0F7E291112BB203B11B6 BaseClass:/Game/book.book_C NativeClass:/Script/Engine.Actor Name:book_C_UAID_A4FC77561504356E02_1960981986 Label:book4 SpatiallyLoaded:1 Bounds:IsValid=true, Min=(X=-3608.756 Y=12088.325 Z=1.673), Max=(X=-3547.589 Y=12131.675 Z=111.977) RuntimeGrid:None EditorOnly:0 RuntimeOnly:0 HLODRelevant:0
 |   |   |- Guid:946A82B544BB6ADAD68820B5DC322F7D BaseClass:/Game/NewBlueprint.NewBlueprint_C NativeClass:/Script/Engine.Actor Name:NewBlueprint_C_UAID_EC5C68359F20976102_1171903504 Label:NewBlueprint SpatiallyLoaded:1 Bounds:IsValid=true, Min=(X=-151431.413 Y=-98443.040 Z=-13826.379), Max=(X=135659.221 Y=171404.208 Z=12639.673) RuntimeGrid:None EditorOnly:0 RuntimeOnly:0 HLODRelevant:0
 |   |   |- Guid:9E8F03EB402BEA7FCE0735885F26C809 BaseClass:/Game/penalties/ranting.ranting_C NativeClass:/Script/Engine.Actor Name:ranting_C_UAID_C46516240B9BCC6302_1507792947 Label:ranting5 SpatiallyLoaded:1 Bounds:IsValid=true, Min=(X=-5104.839 Y=7351.097 Z=-84.098), Max=(X=-4949.982 Y=7567.329 Z=3.679) RuntimeGrid:None EditorOnly:0 RuntimeOnly:0 HLODRelevant:0
 |   |   |- Guid:A39272B342C1029AAB2389A3754CD892 BaseClass:/Game/book.book_C NativeClass:/Script/Engine.Actor Name:book_C_UAID_A4FC77561504366E02_1213756175 Label:book17 SpatiallyLoaded:1 Bounds:IsValid=true, Min=(X=14041.244 Y=9928.325 Z=1.673), Max=(X=14102.411 Y=9971.675 Z=111.977) RuntimeGrid:None EditorOnly:0 RuntimeOnly:0 HLODRelevant:0
 |   |   |- Guid:B0FE2C8B4201BA5A30046086C3D7D426 BaseClass:/Game/penalties/ranting.ranting_C NativeClass:/Script/Engine.Actor Name:ranting_C_UAID_C46516240B9BFE6502_1308871858 Label:ranting15 SpatiallyLoaded:1 Bounds:IsValid=true, Min=(X=-5556.880 Y=-6374.879 Z=-83.600), Max=(X=-5359.120 Y=-6258.568 Z=-16.400) RuntimeGrid:None EditorOnly:0 RuntimeOnly:0 HLODRelevant:0
 |   |   |- Guid:B1558EE84D7ADCAD83A30DBF291BF5F3 BaseClass:/Game/book.book_C NativeClass:/Script/Engine.Actor Name:book_C_UAID_A4FC77561504366E02_1503486199 Label:book41 SpatiallyLoaded:1 Bounds:IsValid=true, Min=(X=-2958.756 Y=1168.325 Z=1.673), Max=(X=-2897.589 Y=1211.675 Z=111.977) RuntimeGrid:None EditorOnly:0 RuntimeOnly:0 HLODRelevant:0
 |   |   |- Guid:B3F8F6704EEA08FC4D7F948F09CBC27C BaseClass:/Game/penalties/ranting.ranting_C NativeClass:/Script/Engine.Actor Name:ranting_C_UAID_C46516240B9BFE6502_1271102857 Label:ranting14 SpatiallyLoaded:1 Bounds:IsValid=true, Min=(X=-5566.880 Y=-6934.879 Z=-73.600), Max=(X=-5369.120 Y=-6818.568 Z=-6.400) RuntimeGrid:None EditorOnly:0 RuntimeOnly:0 HLODRelevant:0
 |   |   |- Guid:B44FC14D452320B1115D408DE39E9876 BaseClass:/Game/book.book_C NativeClass:/Script/Engine.Actor Name:book_C_UAID_A4FC77561504366E02_1090913170 Label:book12 SpatiallyLoaded:1 Bounds:IsValid=true, Min=(X=5971.244 Y=14268.325 Z=1.673), Max=(X=6032.411 Y=14311.675 Z=111.977) RuntimeGrid:None EditorOnly:0 RuntimeOnly:0 HLODRelevant:0
 |   |   |- Guid:B785ED2844B84CFB91E7F39FE661CD99 BaseClass: NativeClass:/Script/Engine.DirectionalLight Name:DirectionalLight_0 Label:DirectionalLight SpatiallyLoaded:0 Bounds:IsValid=true, Min=(X=-1048576.000 Y=-1048576.000 Z=-1048576.000), Max=(X=1048576.000 Y=1048576.000 Z=1048576.000) RuntimeGrid:None EditorOnly:0 RuntimeOnly:0 HLODRelevant:0 FolderPath:Lighting FolderGuid:963EC3EB4002CCE9759E2EBA541A873A
 |   |   |- Guid:C17592174580C397FA71E0898AFDA4D6 BaseClass:/Game/book.book_C NativeClass:/Script/Engine.Actor Name:book_C_UAID_A4FC77561504366E02_1337379179 Label:book21 SpatiallyLoaded:1 Bounds:IsValid=true, Min=(X=12631.244 Y=13468.325 Z=1.673), Max=(X=12692.411 Y=13511.675 Z=111.977) RuntimeGrid:None EditorOnly:0 RuntimeOnly:0 HLODRelevant:0
 |   |   |- Guid:C89EC1B548B9E07302D6C5B1710E916A BaseClass:/Game/penalties/Kolam.Kolam_C NativeClass:/Script/Engine.Actor Name:Kolam_C_UAID_C46516240B9B646A02_1115420036 Label:Kolam4 SpatiallyLoaded:1 Bounds:IsValid=true, Min=(X=21493.410 Y=-8290.098 Z=-1438.202), Max=(X=25117.297 Y=-4160.397 Z=1552.589) RuntimeGrid:None EditorOnly:0 RuntimeOnly:0 HLODRelevant:0
 |   |   |- Guid:C8A65A864E0A894ED9ACB38BAE1685D3 BaseClass:/Game/penalties/ranting.ranting_C NativeClass:/Script/Engine.Actor Name:ranting_C_UAID_C46516240B9BCD6302_1771913126 Label:ranting7 SpatiallyLoaded:1 Bounds:IsValid=true, Min=(X=9643.120 Y=15315.121 Z=-83.600), Max=(X=9840.880 Y=15431.432 Z=-16.400) RuntimeGrid:None EditorOnly:0 RuntimeOnly:0 HLODRelevant:0
 |   |   |- Guid:C8D4F78C410F2BCBC0A23580345D2EBB BaseClass:/Game/book.book_C NativeClass:/Script/Engine.Actor Name:book_C_UAID_A4FC77561504366E02_1354206182 Label:book24 SpatiallyLoaded:1 Bounds:IsValid=true, Min=(X=9911.244 Y=4038.325 Z=1.673), Max=(X=9972.411 Y=4081.675 Z=111.977) RuntimeGrid:None EditorOnly:0 RuntimeOnly:0 HLODRelevant:0
 |   |   |- Guid:C91F5D3849DED2022A00FEB7CCB74D3F BaseClass:/Game/book.book_C NativeClass:/Script/Engine.Actor Name:book_C_UAID_A4FC77561504366E02_1106625172 Label:book14 SpatiallyLoaded:1 Bounds:IsValid=true, Min=(X=7901.244 Y=14328.325 Z=1.673), Max=(X=7962.411 Y=14371.675 Z=111.977) RuntimeGrid:None EditorOnly:0 RuntimeOnly:0 HLODRelevant:0
 |   |   |- Guid:C97465A841649D61CA1F0B9F01CDE38E BaseClass:/Game/penalties/wavyshark/source/water_pool.water_pool_C NativeClass:/Script/Engine.Actor Name:water_pool_C_UAID_C46516240B9B316802_1663205944 Label:water_pool SpatiallyLoaded:1 Bounds:IsValid=true, Min=(X=-30316.708 Y=-21685.972 Z=-279.677), Max=(X=-27763.693 Y=-17992.150 Z=161.824) RuntimeGrid:None EditorOnly:0 RuntimeOnly:0 HLODRelevant:0
 |   |   |- Guid:CCFF262C46EEFFDF319E7F9539CE697E BaseClass: NativeClass:/Script/Engine.SkyAtmosphere Name:SkyAtmosphere_0 Label:SkyAtmosphere SpatiallyLoaded:0 Bounds:IsValid=true, Min=(X=0.000 Y=0.000 Z=1020.000), Max=(X=0.000 Y=0.000 Z=1020.000) RuntimeGrid:None EditorOnly:0 RuntimeOnly:0 HLODRelevant:0 FolderPath:Lighting FolderGuid:963EC3EB4002CCE9759E2EBA541A873A
 |   |   |- Guid:CE11186B43BF56D2CA0BE5A2A0EA23E7 BaseClass:/Game/penalties/ranting.ranting_C NativeClass:/Script/Engine.Actor Name:ranting_C_UAID_C46516240B9BFE6502_1313802859 Label:ranting16 SpatiallyLoaded:1 Bounds:IsValid=true, Min=(X=-5546.880 Y=-7534.879 Z=-83.600), Max=(X=-5349.120 Y=-7418.568 Z=-16.400) RuntimeGrid:None EditorOnly:0 RuntimeOnly:0 HLODRelevant:0
 |   |   |- Guid:CE1BDED2465A3A86983DB5A2E6A68D1A BaseClass:/Game/book.book_C NativeClass:/Script/Engine.Actor Name:book_C_UAID_A4FC77561504366E02_1083356169 Label:book11 SpatiallyLoaded:1 Bounds:IsValid=true, Min=(X=5251.244 Y=11798.325 Z=1.673), Max=(X=5312.411 Y=11841.675 Z=111.977) RuntimeGrid:None EditorOnly:0 RuntimeOnly:0 HLODRelevant:0
 |   |   |- Guid:D488878A4C91C8B061F78F95775269F9 BaseClass:/Game/Enemy/EnemyBlueprint.EnemyBlueprint_C NativeClass:/Script/Engine.Character Name:EnemyBlueprint_C_UAID_EC5C68359F20996C02_1230665471 Label:EnemyBlueprint SpatiallyLoaded:1 Bounds:IsValid=true, Min=(X=-8885.223 Y=6191.039 Z=-62.226), Max=(X=-8752.473 Y=6349.021 Z=183.061) RuntimeGrid:None EditorOnly:0 RuntimeOnly:0 HLODRelevant:0
 |   |   |- Guid:D50E7DAC453F2FF62CED2EB122B66AE6 BaseClass:/Game/book.book_C NativeClass:/Script/Engine.Actor Name:book_C_UAID_A4FC77561504356E02_2109178989 Label:book7 SpatiallyLoaded:1 Bounds:IsValid=true, Min=(X=-778.756 Y=13648.325 Z=1.673), Max=(X=-717.589 Y=13691.675 Z=111.977) RuntimeGrid:None EditorOnly:0 RuntimeOnly:0 HLODRelevant:0
 |   |   |- Guid:D921895F46FF02192D621BB2D1794797 BaseClass:/Game/book.book_C NativeClass:/Script/Engine.Actor Name:book_C_UAID_A4FC77561504366E02_1208709174 Label:book16 SpatiallyLoaded:1 Bounds:IsValid=true, Min=(X=12591.244 Y=9928.325 Z=1.673), Max=(X=12652.411 Y=9971.675 Z=111.977) RuntimeGrid:None EditorOnly:0 RuntimeOnly:0 HLODRelevant:0
 |   |   |- Guid:DA33FC89444C83E0C02835A725D29B80 BaseClass:/Game/penalties/ranting.ranting_C NativeClass:/Script/Engine.Actor Name:ranting_C_UAID_C46516240B9BCD6302_1734676124 Label:ranting4 SpatiallyLoaded:1 Bounds:IsValid=true, Min=(X=-5476.880 Y=9585.121 Z=-83.600), Max=(X=-5279.120 Y=9701.432 Z=-16.400) RuntimeGrid:None EditorOnly:0 RuntimeOnly:0 HLODRelevant:0
 |   |   |- Guid:DD3638F9410965E401D65BA95B1D807C BaseClass:/Game/penalties/ranting2.ranting2_C NativeClass:/Script/Engine.Actor Name:ranting2_C_UAID_C46516240B9BFE6502_1155079855 Label:ranting12 SpatiallyLoaded:1 Bounds:IsValid=true, Min=(X=-6842.480 Y=-7877.124 Z=-63.600), Max=(X=-6673.520 Y=-7790.385 Z=6.118) RuntimeGrid:None EditorOnly:0 RuntimeOnly:0 HLODRelevant:0
 |   |   |- Guid:E3C91EAC452BDE71E0C158A6BC8A058B BaseClass:/Game/book.book_C NativeClass:/Script/Engine.Actor Name:book_C_UAID_A4FC77561504366E02_1373509185 Label:book27 SpatiallyLoaded:1 Bounds:IsValid=true, Min=(X=7111.244 Y=5038.325 Z=1.673), Max=(X=7172.411 Y=5081.675 Z=111.977) RuntimeGrid:None EditorOnly:0 RuntimeOnly:0 HLODRelevant:0
 |   |   |- Guid:E6687F9D4B092083B94010870F35EB6A BaseClass:/Game/penalties/ranting2.ranting2_C NativeClass:/Script/Engine.Actor Name:ranting2_C_UAID_C46516240B9BCE6302_1083450306 Label:ranting11 SpatiallyLoaded:1 Bounds:IsValid=true, Min=(X=-11347.184 Y=7470.480 Z=-63.600), Max=(X=-11214.518 Y=7652.890 Z=6.118) RuntimeGrid:None EditorOnly:0 RuntimeOnly:0 HLODRelevant:0
 |   |   |- Guid:E96DB1BA4EC0C9C4E207238295DA4FE9 BaseClass:/Game/book.book_C NativeClass:/Script/Engine.Actor Name:book_C_UAID_A4FC77561504366E02_1485845195 Label:book37 SpatiallyLoaded:1 Bounds:IsValid=true, Min=(X=521.244 Y=-2401.675 Z=1.673), Max=(X=582.411 Y=-2358.325 Z=111.977) RuntimeGrid:None EditorOnly:0 RuntimeOnly:0 HLODRelevant:0
 |   |   |- Guid:E98774464BC438E27A64AC840E1F9246 BaseClass:/Game/book.book_C NativeClass:/Script/Engine.Actor Name:book_C_UAID_A4FC77561504366E02_1548363207 Label:book49 SpatiallyLoaded:1 Bounds:IsValid=true, Min=(X=9051.244 Y=-13411.675 Z=1.673), Max=(X=9112.411 Y=-13368.325 Z=111.977) RuntimeGrid:None EditorOnly:0 RuntimeOnly:0 HLODRelevant:0
 |   |   |- Guid:EC4E0C944CE6AC6E784BC6BB2916EA13 BaseClass: NativeClass:/Script/Engine.StaticMeshActor Name:StaticMeshActor_UAID_A4AE111137DC5EFB00_1110535423 Label:SM_SkySphere SpatiallyLoaded:0 Bounds:IsValid=true, Min=(X=-1679810.000 Y=-1677677.107 Z=-1639959.000), Max=(X=1596990.000 Y=1599122.893 Z=1636841.000) RuntimeGrid:None EditorOnly:0 RuntimeOnly:0 HLODRelevant:1 FolderPath:Lighting FolderGuid:963EC3EB4002CCE9759E2EBA541A873A
 |   |   |- Guid:EF896D0F48A80A8BC1529A887ED024D4 BaseClass:/Game/book.book_C NativeClass:/Script/Engine.Actor Name:book_C_UAID_A4FC77561504366E02_1498773197 Label:book39 SpatiallyLoaded:1 Bounds:IsValid=true, Min=(X=-1868.756 Y=2958.325 Z=1.673), Max=(X=-1807.589 Y=3001.675 Z=111.977) RuntimeGrid:None EditorOnly:0 RuntimeOnly:0 HLODRelevant:0
 |   |   |- Guid:F18C5085415ADF79DB81D3BE2D38FFD8 BaseClass:/Game/book.book_C NativeClass:/Script/Engine.Actor Name:book_C_UAID_EC5C68359F20336E02_2068663632 Label:book SpatiallyLoaded:1 Bounds:IsValid=true, Min=(X=-5828.756 Y=8498.325 Z=1.673), Max=(X=-5767.589 Y=8541.675 Z=111.977) RuntimeGrid:None EditorOnly:0 RuntimeOnly:0 HLODRelevant:0
 |   |   |- Guid:F1924B8D48954B30891B2DB6A694F9CC BaseClass: NativeClass:/Script/Engine.StaticMeshActor Name:StaticMeshActor_1 Label:SM_Cube SpatiallyLoaded:1 Bounds:IsValid=true, Min=(X=-40834.000 Y=-46327.107 Z=-1559.000), Max=(X=49165.998 Y=58672.891 Z=-59.000) RuntimeGrid:None EditorOnly:0 RuntimeOnly:0 HLODRelevant:1 FolderPath:Playground FolderGuid:C73F09FC4215536B1DCE2A9E0A830C70
 |   |   |- Guid:F42A2B054B6A75FABE85BF86A3E71AFB BaseClass:/Game/penalties/Kolam.Kolam_C NativeClass:/Script/Engine.Actor Name:Kolam_C_UAID_C46516240B9B016602_1836691388 Label:Kolam SpatiallyLoaded:1 Bounds:IsValid=true, Min=(X=-30308.001 Y=-21390.778 Z=-1080.025), Max=(X=-27723.038 Y=-18291.458 Z=1147.492) RuntimeGrid:None EditorOnly:0 RuntimeOnly:0 HLODRelevant:0
 |   |   |- Guid:F475E86D4198A6DC6B6AC6BE2D42A281 BaseClass:/Game/book.book_C NativeClass:/Script/Engine.Actor Name:book_C_UAID_A4FC77561504366E02_1410349191 Label:book33 SpatiallyLoaded:1 Bounds:IsValid=true, Min=(X=9561.244 Y=-3101.675 Z=1.673), Max=(X=9622.411 Y=-3058.325 Z=111.977) RuntimeGrid:None EditorOnly:0 RuntimeOnly:0 HLODRelevant:0
 |   |   |- Guid:F5338CCE41182E7CD305118801D05C87 BaseClass:/Game/book.book_C NativeClass:/Script/Engine.Actor Name:book_C_UAID_A4FC77561504366E02_1501322198 Label:book40 SpatiallyLoaded:1 Bounds:IsValid=true, Min=(X=-3778.756 Y=2958.325 Z=1.673), Max=(X=-3717.589 Y=3001.675 Z=111.977) RuntimeGrid:None EditorOnly:0 RuntimeOnly:0 HLODRelevant:0
 |   |   |- Guid:F5E3FEB3450C49844FD93DA8E083C8AD BaseClass: NativeClass:/Script/Engine.PostProcessVolume Name:PostProcessVolume_0 Label:PostProcessVolume SpatiallyLoaded:0 Bounds:IsValid=true, Min=(X=0.000 Y=0.000 Z=400.000), Max=(X=200.000 Y=200.000 Z=600.000) RuntimeGrid:None EditorOnly:0 RuntimeOnly:0 HLODRelevant:0 FolderPath:Lighting FolderGuid:963EC3EB4002CCE9759E2EBA541A873A
 |   |   |- Guid:F74CE89D4BEBC627087F83BAF0A767FD BaseClass:/Game/book.book_C NativeClass:/Script/Engine.Actor Name:book_C_UAID_A4FC77561504366E02_1351177181 Label:book23 SpatiallyLoaded:1 Bounds:IsValid=true, Min=(X=11301.244 Y=4038.325 Z=1.673), Max=(X=11362.411 Y=4081.675 Z=111.977) RuntimeGrid:None EditorOnly:0 RuntimeOnly:0 HLODRelevant:0
 |   |   |- Guid:F9A6A48049933399B680C98E17D75397 BaseClass:/Game/penalties/ranting.ranting_C NativeClass:/Script/Engine.Actor Name:ranting_C_UAID_C46516240B9BCD6302_1800597128 Label:ranting9 SpatiallyLoaded:1 Bounds:IsValid=true, Min=(X=8474.290 Y=11435.833 Z=-73.600), Max=(X=8620.532 Y=11645.349 Z=-6.400) RuntimeGrid:None EditorOnly:0 RuntimeOnly:0 HLODRelevant:0
 |   |   |- Guid:FB3E9FAE42EB9FD5887304A69D5AEAA7 BaseClass:/Game/penalties/ranting.ranting_C NativeClass:/Script/Engine.Actor Name:ranting_C_UAID_C46516240B9BCD6302_1793582127 Label:ranting8 SpatiallyLoaded:1 Bounds:IsValid=true, Min=(X=9223.120 Y=11425.121 Z=-53.600), Max=(X=9420.880 Y=11541.432 Z=13.600) RuntimeGrid:None EditorOnly:0 RuntimeOnly:0 HLODRelevant:0
 |   |   |- Guid:FE4B947943C4B4D82309078D8DE6D1D3 BaseClass: NativeClass:/Script/NavigationSystem.NavMeshBoundsVolume Name:NavMeshBoundsVolume_UAID_EC5C68359F20996C02_1646784474 Label:NavMeshBoundsVolume SpatiallyLoaded:0 Bounds:IsValid=true, Min=(X=-10888.250 Y=3751.000 Z=-194.500), Max=(X=-6391.750 Y=8909.000 Z=794.500) RuntimeGrid:None EditorOnly:0 RuntimeOnly:0 HLODRelevant:0
 |   |- [+] Clusters:
 |   |   |- [+] [  0]
 |   |   |   |- Guid:6BAF4DDD444C60371492D3919DB42C97 BaseClass: NativeClass:/Script/Engine.WorldDataLayers Name:WorldDataLayers Label:WorldDataLayers SpatiallyLoaded:0 Bounds:IsValid=true, Min=(X=0.000 Y=0.000 Z=0.000), Max=(X=0.000 Y=0.000 Z=0.000) RuntimeGrid:None EditorOnly:0 RuntimeOnly:0 HLODRelevant:0
 |   |   |- [+] [  1]
 |   |   |   |- Guid:4135D3324B73994D4D8A9790A8D2F167 BaseClass:/Game/penalties/ranting.ranting_C NativeClass:/Script/Engine.Actor Name:ranting_C_UAID_C46516240B9BCC6302_1435491945 Label:ranting3 SpatiallyLoaded:1 Bounds:IsValid=true, Min=(X=-15826.880 Y=16025.121 Z=-33.600), Max=(X=-15629.120 Y=16141.432 Z=33.600) RuntimeGrid:None EditorOnly:0 RuntimeOnly:0 HLODRelevant:0
 |   |   |- [+] [  2]
 |   |   |   |- Guid:DD3638F9410965E401D65BA95B1D807C BaseClass:/Game/penalties/ranting2.ranting2_C NativeClass:/Script/Engine.Actor Name:ranting2_C_UAID_C46516240B9BFE6502_1155079855 Label:ranting12 SpatiallyLoaded:1 Bounds:IsValid=true, Min=(X=-6842.480 Y=-7877.124 Z=-63.600), Max=(X=-6673.520 Y=-7790.385 Z=6.118) RuntimeGrid:None EditorOnly:0 RuntimeOnly:0 HLODRelevant:0
 |   |   |- [+] [  3]
 |   |   |   |- Guid:F5E3FEB3450C49844FD93DA8E083C8AD BaseClass: NativeClass:/Script/Engine.PostProcessVolume Name:PostProcessVolume_0 Label:PostProcessVolume SpatiallyLoaded:0 Bounds:IsValid=true, Min=(X=0.000 Y=0.000 Z=400.000), Max=(X=200.000 Y=200.000 Z=600.000) RuntimeGrid:None EditorOnly:0 RuntimeOnly:0 HLODRelevant:0 FolderPath:Lighting FolderGuid:963EC3EB4002CCE9759E2EBA541A873A
 |   |   |- [+] [  4]
 |   |   |   |- Guid:CE11186B43BF56D2CA0BE5A2A0EA23E7 BaseClass:/Game/penalties/ranting.ranting_C NativeClass:/Script/Engine.Actor Name:ranting_C_UAID_C46516240B9BFE6502_1313802859 Label:ranting16 SpatiallyLoaded:1 Bounds:IsValid=true, Min=(X=-5546.880 Y=-7534.879 Z=-83.600), Max=(X=-5349.120 Y=-7418.568 Z=-16.400) RuntimeGrid:None EditorOnly:0 RuntimeOnly:0 HLODRelevant:0
 |   |   |- [+] [  5]
 |   |   |   |- Guid:5E48EC114B690667C3A9B9A32B6479EC BaseClass:/Game/penalties/ranting2.ranting2_C NativeClass:/Script/Engine.Actor Name:ranting2_C_UAID_C46516240B9BFE6502_1192546856 Label:ranting13 SpatiallyLoaded:1 Bounds:IsValid=true, Min=(X=-6743.957 Y=-6397.944 Z=-63.600), Max=(X=-6569.872 Y=-6232.416 Z=6.118) RuntimeGrid:None EditorOnly:0 RuntimeOnly:0 HLODRelevant:0
 |   |   |- [+] [  6]
 |   |   |   |- Guid:B0FE2C8B4201BA5A30046086C3D7D426 BaseClass:/Game/penalties/ranting.ranting_C NativeClass:/Script/Engine.Actor Name:ranting_C_UAID_C46516240B9BFE6502_1308871858 Label:ranting15 SpatiallyLoaded:1 Bounds:IsValid=true, Min=(X=-5556.880 Y=-6374.879 Z=-83.600), Max=(X=-5359.120 Y=-6258.568 Z=-16.400) RuntimeGrid:None EditorOnly:0 RuntimeOnly:0 HLODRelevant:0
 |   |   |- [+] [  7]
 |   |   |   |- Guid:E6687F9D4B092083B94010870F35EB6A BaseClass:/Game/penalties/ranting2.ranting2_C NativeClass:/Script/Engine.Actor Name:ranting2_C_UAID_C46516240B9BCE6302_1083450306 Label:ranting11 SpatiallyLoaded:1 Bounds:IsValid=true, Min=(X=-11347.184 Y=7470.480 Z=-63.600), Max=(X=-11214.518 Y=7652.890 Z=6.118) RuntimeGrid:None EditorOnly:0 RuntimeOnly:0 HLODRelevant:0
 |   |   |- [+] [  8]
 |   |   |   |- Guid:58E38D57448EB6893EFE3699469B9DB7 BaseClass:/Game/penalties/ranting.ranting_C NativeClass:/Script/Engine.Actor Name:ranting_C_UAID_C46516240B9BCC6302_1314857943 Label:ranting SpatiallyLoaded:1 Bounds:IsValid=true, Min=(X=-15206.880 Y=15805.121 Z=-23.600), Max=(X=-15009.120 Y=15921.432 Z=43.600) RuntimeGrid:None EditorOnly:0 RuntimeOnly:0 HLODRelevant:0
 |   |   |- [+] [  9]
 |   |   |   |- Guid:4D3BE93F4146AAAC8BBE79999D96D57F BaseClass: NativeClass:/Script/Engine.VolumetricCloud Name:VolumetricCloud_0 Label:VolumetricCloud SpatiallyLoaded:0 Bounds:IsValid=true, Min=(X=0.000 Y=0.000 Z=820.000), Max=(X=0.000 Y=0.000 Z=820.000) RuntimeGrid:None EditorOnly:0 RuntimeOnly:0 HLODRelevant:0 FolderPath:Lighting FolderGuid:963EC3EB4002CCE9759E2EBA541A873A
 |   |   |- [+] [ 10]
 |   |   |   |- Guid:DA33FC89444C83E0C02835A725D29B80 BaseClass:/Game/penalties/ranting.ranting_C NativeClass:/Script/Engine.Actor Name:ranting_C_UAID_C46516240B9BCD6302_1734676124 Label:ranting4 SpatiallyLoaded:1 Bounds:IsValid=true, Min=(X=-5476.880 Y=9585.121 Z=-83.600), Max=(X=-5279.120 Y=9701.432 Z=-16.400) RuntimeGrid:None EditorOnly:0 RuntimeOnly:0 HLODRelevant:0
 |   |   |- [+] [ 11]
 |   |   |   |- Guid:8808ED264E4F142A1E100C8A20F465ED BaseClass:/Game/book.book_C NativeClass:/Script/Engine.Actor Name:book_C_UAID_A4FC77561504356E02_1843981984 Label:book2 SpatiallyLoaded:1 Bounds:IsValid=true, Min=(X=-5828.756 Y=8668.325 Z=1.673), Max=(X=-5767.589 Y=8711.675 Z=111.977) RuntimeGrid:None EditorOnly:0 RuntimeOnly:0 HLODRelevant:0
 |   |   |- [+] [ 12]
 |   |   |   |- Guid:9E8F03EB402BEA7FCE0735885F26C809 BaseClass:/Game/penalties/ranting.ranting_C NativeClass:/Script/Engine.Actor Name:ranting_C_UAID_C46516240B9BCC6302_1507792947 Label:ranting5 SpatiallyLoaded:1 Bounds:IsValid=true, Min=(X=-5104.839 Y=7351.097 Z=-84.098), Max=(X=-4949.982 Y=7567.329 Z=3.679) RuntimeGrid:None EditorOnly:0 RuntimeOnly:0 HLODRelevant:0
 |   |   |- [+] [ 13]
 |   |   |   |- Guid:FB3E9FAE42EB9FD5887304A69D5AEAA7 BaseClass:/Game/penalties/ranting.ranting_C NativeClass:/Script/Engine.Actor Name:ranting_C_UAID_C46516240B9BCD6302_1793582127 Label:ranting8 SpatiallyLoaded:1 Bounds:IsValid=true, Min=(X=9223.120 Y=11425.121 Z=-53.600), Max=(X=9420.880 Y=11541.432 Z=13.600) RuntimeGrid:None EditorOnly:0 RuntimeOnly:0 HLODRelevant:0
 |   |   |- [+] [ 14]
 |   |   |   |- Guid:CCFF262C46EEFFDF319E7F9539CE697E BaseClass: NativeClass:/Script/Engine.SkyAtmosphere Name:SkyAtmosphere_0 Label:SkyAtmosphere SpatiallyLoaded:0 Bounds:IsValid=true, Min=(X=0.000 Y=0.000 Z=1020.000), Max=(X=0.000 Y=0.000 Z=1020.000) RuntimeGrid:None EditorOnly:0 RuntimeOnly:0 HLODRelevant:0 FolderPath:Lighting FolderGuid:963EC3EB4002CCE9759E2EBA541A873A
 |   |   |- [+] [ 15]
 |   |   |   |- Guid:EC4E0C944CE6AC6E784BC6BB2916EA13 BaseClass: NativeClass:/Script/Engine.StaticMeshActor Name:StaticMeshActor_UAID_A4AE111137DC5EFB00_1110535423 Label:SM_SkySphere SpatiallyLoaded:0 Bounds:IsValid=true, Min=(X=-1679810.000 Y=-1677677.107 Z=-1639959.000), Max=(X=1596990.000 Y=1599122.893 Z=1636841.000) RuntimeGrid:None EditorOnly:0 RuntimeOnly:0 HLODRelevant:1 FolderPath:Lighting FolderGuid:963EC3EB4002CCE9759E2EBA541A873A
 |   |   |- [+] [ 16]
 |   |   |   |- Guid:5A08832B46915E1DF15AB790D379C817 BaseClass:/Game/penalties/wavyshark/source/water_pool.water_pool_C NativeClass:/Script/Engine.Actor Name:water_pool_C_UAID_C46516240B9B636A02_1223621855 Label:water_pool2 SpatiallyLoaded:1 Bounds:IsValid=true, Min=(X=-26813.907 Y=-21147.351 Z=-258.913), Max=(X=-25146.355 Y=-18752.046 Z=203.010) RuntimeGrid:None EditorOnly:0 RuntimeOnly:0 HLODRelevant:0
 |   |   |- [+] [ 17]
 |   |   |   |- Guid:946A82B544BB6ADAD68820B5DC322F7D BaseClass:/Game/NewBlueprint.NewBlueprint_C NativeClass:/Script/Engine.Actor Name:NewBlueprint_C_UAID_EC5C68359F20976102_1171903504 Label:NewBlueprint SpatiallyLoaded:1 Bounds:IsValid=true, Min=(X=-151431.413 Y=-98443.040 Z=-13826.379), Max=(X=135659.221 Y=171404.208 Z=12639.673) RuntimeGrid:None EditorOnly:0 RuntimeOnly:0 HLODRelevant:0
 |   |   |- [+] [ 18]
 |   |   |   |- Guid:223D169D432E29B4D02F21A67296D739 BaseClass: NativeClass:/Script/NavigationSystem.RecastNavMesh Name:RecastNavMesh_UAID_EC5C68359F20996C02-Default Label:RecastNavMesh-Default SpatiallyLoaded:0 Bounds:IsValid=true, Min=(X=0.000 Y=0.000 Z=0.000), Max=(X=0.000 Y=0.000 Z=0.000) RuntimeGrid:None EditorOnly:0 RuntimeOnly:0 HLODRelevant:0
 |   |   |- [+] [ 19]
 |   |   |   |- Guid:B785ED2844B84CFB91E7F39FE661CD99 BaseClass: NativeClass:/Script/Engine.DirectionalLight Name:DirectionalLight_0 Label:DirectionalLight SpatiallyLoaded:0 Bounds:IsValid=true, Min=(X=-1048576.000 Y=-1048576.000 Z=-1048576.000), Max=(X=1048576.000 Y=1048576.000 Z=1048576.000) RuntimeGrid:None EditorOnly:0 RuntimeOnly:0 HLODRelevant:0 FolderPath:Lighting FolderGuid:963EC3EB4002CCE9759E2EBA541A873A
 |   |   |- [+] [ 20]
 |   |   |   |- Guid:8C6EAC0D49E4149DF470A2BFFBFE4E17 BaseClass:/Game/penalties/ranting2.ranting2_C NativeClass:/Script/Engine.Actor Name:ranting2_C_UAID_C46516240B9BCD6302_2023691129 Label:ranting10 SpatiallyLoaded:1 Bounds:IsValid=true, Min=(X=9197.520 Y=14832.876 Z=-63.600), Max=(X=9366.480 Y=14919.615 Z=6.118) RuntimeGrid:None EditorOnly:0 RuntimeOnly:0 HLODRelevant:0
 |   |   |- [+] [ 21]
 |   |   |   |- Guid:1AAB92A344792BD4FCBF59A875E6C596 BaseClass:/Game/penalties/ranting.ranting_C NativeClass:/Script/Engine.Actor Name:ranting_C_UAID_C46516240B9BCD6302_1766011125 Label:ranting6 SpatiallyLoaded:1 Bounds:IsValid=true, Min=(X=9063.120 Y=14005.121 Z=-63.600), Max=(X=9260.880 Y=14121.432 Z=3.600) RuntimeGrid:None EditorOnly:0 RuntimeOnly:0 HLODRelevant:0
 |   |   |- [+] [ 22]
 |   |   |   |- Guid:316CF2A6494ACA4C0E4180A87D36AB8F BaseClass: NativeClass:/Script/Engine.ExponentialHeightFog Name:ExponentialHeightFog_0 Label:ExponentialHeightFog SpatiallyLoaded:0 Bounds:IsValid=true, Min=(X=-5600.000 Y=-50.000 Z=-6850.000), Max=(X=-5600.000 Y=-50.000 Z=-6850.000) RuntimeGrid:None EditorOnly:0 RuntimeOnly:0 HLODRelevant:0 FolderPath:Lighting FolderGuid:963EC3EB4002CCE9759E2EBA541A873A
 |   |   |- [+] [ 23]
 |   |   |   |- Guid:F1924B8D48954B30891B2DB6A694F9CC BaseClass: NativeClass:/Script/Engine.StaticMeshActor Name:StaticMeshActor_1 Label:SM_Cube SpatiallyLoaded:1 Bounds:IsValid=true, Min=(X=-40834.000 Y=-46327.107 Z=-1559.000), Max=(X=49165.998 Y=58672.891 Z=-59.000) RuntimeGrid:None EditorOnly:0 RuntimeOnly:0 HLODRelevant:1 FolderPath:Playground FolderGuid:C73F09FC4215536B1DCE2A9E0A830C70
 |   |   |- [+] [ 24]
 |   |   |   |- Guid:C89EC1B548B9E07302D6C5B1710E916A BaseClass:/Game/penalties/Kolam.Kolam_C NativeClass:/Script/Engine.Actor Name:Kolam_C_UAID_C46516240B9B646A02_1115420036 Label:Kolam4 SpatiallyLoaded:1 Bounds:IsValid=true, Min=(X=21493.410 Y=-8290.098 Z=-1438.202), Max=(X=25117.297 Y=-4160.397 Z=1552.589) RuntimeGrid:None EditorOnly:0 RuntimeOnly:0 HLODRelevant:0
 |   |   |- [+] [ 25]
 |   |   |   |- Guid:9064208D4959A7B89D6A11BCB43DDF5B BaseClass:/Game/penalties/Kolam.Kolam_C NativeClass:/Script/Engine.Actor Name:Kolam_C_UAID_C46516240B9B346802_1194336472 Label:Kolam3 SpatiallyLoaded:1 Bounds:IsValid=true, Min=(X=-26772.491 Y=-20985.081 Z=-698.012), Max=(X=-25198.548 Y=-18917.155 Z=765.479) RuntimeGrid:None EditorOnly:0 RuntimeOnly:0 HLODRelevant:0
 |   |   |- [+] [ 26]
 |   |   |   |- Guid:F42A2B054B6A75FABE85BF86A3E71AFB BaseClass:/Game/penalties/Kolam.Kolam_C NativeClass:/Script/Engine.Actor Name:Kolam_C_UAID_C46516240B9B016602_1836691388 Label:Kolam SpatiallyLoaded:1 Bounds:IsValid=true, Min=(X=-30308.001 Y=-21390.778 Z=-1080.025), Max=(X=-27723.038 Y=-18291.458 Z=1147.492) RuntimeGrid:None EditorOnly:0 RuntimeOnly:0 HLODRelevant:0
 |   |   |- [+] [ 27]
 |   |   |   |- Guid:B3F8F6704EEA08FC4D7F948F09CBC27C BaseClass:/Game/penalties/ranting.ranting_C NativeClass:/Script/Engine.Actor Name:ranting_C_UAID_C46516240B9BFE6502_1271102857 Label:ranting14 SpatiallyLoaded:1 Bounds:IsValid=true, Min=(X=-5566.880 Y=-6934.879 Z=-73.600), Max=(X=-5369.120 Y=-6818.568 Z=-6.400) RuntimeGrid:None EditorOnly:0 RuntimeOnly:0 HLODRelevant:0
 |   |   |- [+] [ 28]
 |   |   |   |- Guid:79AB3BA54AD884F31BDDC2A97D1FE14F BaseClass:/Game/penalties/ranting.ranting_C NativeClass:/Script/Engine.Actor Name:ranting_C_UAID_C46516240B9BCC6302_1431703944 Label:ranting2 SpatiallyLoaded:1 Bounds:IsValid=true, Min=(X=-16566.880 Y=15985.121 Z=-43.600), Max=(X=-16369.120 Y=16101.432 Z=23.600) RuntimeGrid:None EditorOnly:0 RuntimeOnly:0 HLODRelevant:0
 |   |   |- [+] [ 29]
 |   |   |   |- Guid:2FB58999456391D349DC0F86DAC136ED BaseClass: NativeClass:/Script/Engine.SkyLight Name:SkyLight_1 Label:SkyLight SpatiallyLoaded:0 Bounds:IsValid=true, Min=(X=0.000 Y=0.000 Z=690.000), Max=(X=0.000 Y=0.000 Z=690.000) RuntimeGrid:None EditorOnly:0 RuntimeOnly:0 HLODRelevant:0 FolderPath:Lighting FolderGuid:963EC3EB4002CCE9759E2EBA541A873A
 |   |   |- [+] [ 30]
 |   |   |   |- Guid:222FFC7744A4F526278F4881FFE49ACE BaseClass:/Game/penalties/Kolam.Kolam_C NativeClass:/Script/Engine.Actor Name:Kolam_C_UAID_C46516240B9B326802_1808205119 Label:Kolam2 SpatiallyLoaded:1 Bounds:IsValid=true, Min=(X=-9616.921 Y=5837.645 Z=-38.783), Max=(X=-9463.079 Y=5942.355 Z=38.783) RuntimeGrid:None EditorOnly:0 RuntimeOnly:0 HLODRelevant:0
 |   |   |- [+] [ 31]
 |   |   |   |- Guid:C97465A841649D61CA1F0B9F01CDE38E BaseClass:/Game/penalties/wavyshark/source/water_pool.water_pool_C NativeClass:/Script/Engine.Actor Name:water_pool_C_UAID_C46516240B9B316802_1663205944 Label:water_pool SpatiallyLoaded:1 Bounds:IsValid=true, Min=(X=-30316.708 Y=-21685.972 Z=-279.677), Max=(X=-27763.693 Y=-17992.150 Z=161.824) RuntimeGrid:None EditorOnly:0 RuntimeOnly:0 HLODRelevant:0
 |   |   |- [+] [ 32]
 |   |   |   |- Guid:423DBED7419537160CC55C8797C45CF3 BaseClass:/Game/penalties/wavyshark/source/water_pool.water_pool_C NativeClass:/Script/Engine.Actor Name:water_pool_C_UAID_C46516240B9B646A02_1115422037 Label:water_pool3 SpatiallyLoaded:1 Bounds:IsValid=true, Min=(X=21549.216 Y=-8708.489 Z=-647.397), Max=(X=24990.243 Y=-3729.849 Z=651.385) RuntimeGrid:None EditorOnly:0 RuntimeOnly:0 HLODRelevant:0
 |   |   |- [+] [ 33]
 |   |   |   |- Guid:C8A65A864E0A894ED9ACB38BAE1685D3 BaseClass:/Game/penalties/ranting.ranting_C NativeClass:/Script/Engine.Actor Name:ranting_C_UAID_C46516240B9BCD6302_1771913126 Label:ranting7 SpatiallyLoaded:1 Bounds:IsValid=true, Min=(X=9643.120 Y=15315.121 Z=-83.600), Max=(X=9840.880 Y=15431.432 Z=-16.400) RuntimeGrid:None EditorOnly:0 RuntimeOnly:0 HLODRelevant:0
 |   |   |- [+] [ 34]
 |   |   |   |- Guid:FE4B947943C4B4D82309078D8DE6D1D3 BaseClass: NativeClass:/Script/NavigationSystem.NavMeshBoundsVolume Name:NavMeshBoundsVolume_UAID_EC5C68359F20996C02_1646784474 Label:NavMeshBoundsVolume SpatiallyLoaded:0 Bounds:IsValid=true, Min=(X=-10888.250 Y=3751.000 Z=-194.500), Max=(X=-6391.750 Y=8909.000 Z=794.500) RuntimeGrid:None EditorOnly:0 RuntimeOnly:0 HLODRelevant:0
 |   |   |- [+] [ 35]
 |   |   |   |- Guid:F9A6A48049933399B680C98E17D75397 BaseClass:/Game/penalties/ranting.ranting_C NativeClass:/Script/Engine.Actor Name:ranting_C_UAID_C46516240B9BCD6302_1800597128 Label:ranting9 SpatiallyLoaded:1 Bounds:IsValid=true, Min=(X=8474.290 Y=11435.833 Z=-73.600), Max=(X=8620.532 Y=11645.349 Z=-6.400) RuntimeGrid:None EditorOnly:0 RuntimeOnly:0 HLODRelevant:0
 |   |   |- [+] [ 36]
 |   |   |   |- Guid:F18C5085415ADF79DB81D3BE2D38FFD8 BaseClass:/Game/book.book_C NativeClass:/Script/Engine.Actor Name:book_C_UAID_EC5C68359F20336E02_2068663632 Label:book SpatiallyLoaded:1 Bounds:IsValid=true, Min=(X=-5828.756 Y=8498.325 Z=1.673), Max=(X=-5767.589 Y=8541.675 Z=111.977) RuntimeGrid:None EditorOnly:0 RuntimeOnly:0 HLODRelevant:0
 |   |   |- [+] [ 37]
 |   |   |   |- Guid:3A00AA1C422CE54C0BDB60BAF471BFBB BaseClass: NativeClass:/Script/Engine.PlayerStart Name:PlayerStart_0 Label:PlayerStart SpatiallyLoaded:0 Bounds:IsValid=true, Min=(X=-6790.518 Y=8519.882 Z=126.231), Max=(X=-6709.482 Y=8620.118 Z=317.794) RuntimeGrid:None EditorOnly:0 RuntimeOnly:0 HLODRelevant:0
 |   |   |- [+] [ 38]
 |   |   |   |- Guid:D488878A4C91C8B061F78F95775269F9 BaseClass:/Game/Enemy/EnemyBlueprint.EnemyBlueprint_C NativeClass:/Script/Engine.Character Name:EnemyBlueprint_C_UAID_EC5C68359F20996C02_1230665471 Label:EnemyBlueprint SpatiallyLoaded:1 Bounds:IsValid=true, Min=(X=-8885.223 Y=6191.039 Z=-62.226), Max=(X=-8752.473 Y=6349.021 Z=183.061) RuntimeGrid:None EditorOnly:0 RuntimeOnly:0 HLODRelevant:0
 |   |   |- [+] [ 39]
 |   |   |   |- Guid:01C852784CB46D35F5097FAB676F65BC BaseClass:/Game/book.book_C NativeClass:/Script/Engine.Actor Name:book_C_UAID_A4FC77561504356E02_1934445985 Label:book3 SpatiallyLoaded:1 Bounds:IsValid=true, Min=(X=-4588.756 Y=11758.325 Z=1.673), Max=(X=-4527.589 Y=11801.675 Z=111.977) RuntimeGrid:None EditorOnly:0 RuntimeOnly:0 HLODRelevant:0
 |   |   |- [+] [ 40]
 |   |   |   |- Guid:91F84C56417C0F7E291112BB203B11B6 BaseClass:/Game/book.book_C NativeClass:/Script/Engine.Actor Name:book_C_UAID_A4FC77561504356E02_1960981986 Label:book4 SpatiallyLoaded:1 Bounds:IsValid=true, Min=(X=-3608.756 Y=12088.325 Z=1.673), Max=(X=-3547.589 Y=12131.675 Z=111.977) RuntimeGrid:None EditorOnly:0 RuntimeOnly:0 HLODRelevant:0
 |   |   |- [+] [ 41]
 |   |   |   |- Guid:53DD3B6B4A54302BAD489FB3F7CA692B BaseClass:/Game/book.book_C NativeClass:/Script/Engine.Actor Name:book_C_UAID_A4FC77561504356E02_1969768987 Label:book5 SpatiallyLoaded:1 Bounds:IsValid=true, Min=(X=-2158.756 Y=11728.325 Z=1.673), Max=(X=-2097.589 Y=11771.675 Z=111.977) RuntimeGrid:None EditorOnly:0 RuntimeOnly:0 HLODRelevant:0
 |   |   |- [+] [ 42]
 |   |   |   |- Guid:1653EC0445497382B58C509123398894 BaseClass:/Game/book.book_C NativeClass:/Script/Engine.Actor Name:book_C_UAID_A4FC77561504356E02_2018060988 Label:book6 SpatiallyLoaded:1 Bounds:IsValid=true, Min=(X=-778.756 Y=12248.325 Z=1.673), Max=(X=-717.589 Y=12291.675 Z=111.977) RuntimeGrid:None EditorOnly:0 RuntimeOnly:0 HLODRelevant:0
 |   |   |- [+] [ 43]
 |   |   |   |- Guid:D50E7DAC453F2FF62CED2EB122B66AE6 BaseClass:/Game/book.book_C NativeClass:/Script/Engine.Actor Name:book_C_UAID_A4FC77561504356E02_2109178989 Label:book7 SpatiallyLoaded:1 Bounds:IsValid=true, Min=(X=-778.756 Y=13648.325 Z=1.673), Max=(X=-717.589 Y=13691.675 Z=111.977) RuntimeGrid:None EditorOnly:0 RuntimeOnly:0 HLODRelevant:0
 |   |   |- [+] [ 44]
 |   |   |   |- Guid:8DDB1296437292CE5121648860AA15DB BaseClass:/Game/book.book_C NativeClass:/Script/Engine.Actor Name:book_C_UAID_A4FC77561504356E02_2121746990 Label:book8 SpatiallyLoaded:1 Bounds:IsValid=true, Min=(X=901.244 Y=13138.325 Z=1.673), Max=(X=962.411 Y=13181.675 Z=111.977) RuntimeGrid:None EditorOnly:0 RuntimeOnly:0 HLODRelevant:0
 |   |   |- [+] [ 45]
 |   |   |   |- Guid:38341B1C472EC0C8FB04D38D0A088156 BaseClass:/Game/book.book_C NativeClass:/Script/Engine.Actor Name:book_C_UAID_A4FC77561504356E02_2137373991 Label:book9 SpatiallyLoaded:1 Bounds:IsValid=true, Min=(X=2361.244 Y=12058.325 Z=1.673), Max=(X=2422.411 Y=12101.675 Z=111.977) RuntimeGrid:None EditorOnly:0 RuntimeOnly:0 HLODRelevant:0
 |   |   |- [+] [ 46]
 |   |   |   |- Guid:73FF5EE7440885FA981E0A8C397C0281 BaseClass:/Game/book.book_C NativeClass:/Script/Engine.Actor Name:book_C_UAID_A4FC77561504366E02_1074137168 Label:book10 SpatiallyLoaded:1 Bounds:IsValid=true, Min=(X=3751.244 Y=14288.325 Z=1.673), Max=(X=3812.411 Y=14331.675 Z=111.977) RuntimeGrid:None EditorOnly:0 RuntimeOnly:0 HLODRelevant:0
 |   |   |- [+] [ 47]
 |   |   |   |- Guid:CE1BDED2465A3A86983DB5A2E6A68D1A BaseClass:/Game/book.book_C NativeClass:/Script/Engine.Actor Name:book_C_UAID_A4FC77561504366E02_1083356169 Label:book11 SpatiallyLoaded:1 Bounds:IsValid=true, Min=(X=5251.244 Y=11798.325 Z=1.673), Max=(X=5312.411 Y=11841.675 Z=111.977) RuntimeGrid:None EditorOnly:0 RuntimeOnly:0 HLODRelevant:0
 |   |   |- [+] [ 48]
 |   |   |   |- Guid:B44FC14D452320B1115D408DE39E9876 BaseClass:/Game/book.book_C NativeClass:/Script/Engine.Actor Name:book_C_UAID_A4FC77561504366E02_1090913170 Label:book12 SpatiallyLoaded:1 Bounds:IsValid=true, Min=(X=5971.244 Y=14268.325 Z=1.673), Max=(X=6032.411 Y=14311.675 Z=111.977) RuntimeGrid:None EditorOnly:0 RuntimeOnly:0 HLODRelevant:0
 |   |   |- [+] [ 49]
 |   |   |   |- Guid:46ED876D4D67B318FEC6A5906B7C981A BaseClass:/Game/book.book_C NativeClass:/Script/Engine.Actor Name:book_C_UAID_A4FC77561504366E02_1097716171 Label:book13 SpatiallyLoaded:1 Bounds:IsValid=true, Min=(X=7901.244 Y=11758.325 Z=1.673), Max=(X=7962.411 Y=11801.675 Z=111.977) RuntimeGrid:None EditorOnly:0 RuntimeOnly:0 HLODRelevant:0
 |   |   |- [+] [ 50]
 |   |   |   |- Guid:C91F5D3849DED2022A00FEB7CCB74D3F BaseClass:/Game/book.book_C NativeClass:/Script/Engine.Actor Name:book_C_UAID_A4FC77561504366E02_1106625172 Label:book14 SpatiallyLoaded:1 Bounds:IsValid=true, Min=(X=7901.244 Y=14328.325 Z=1.673), Max=(X=7962.411 Y=14371.675 Z=111.977) RuntimeGrid:None EditorOnly:0 RuntimeOnly:0 HLODRelevant:0
 |   |   |- [+] [ 51]
 |   |   |   |- Guid:03B1F0C746934920F373DB8C208C714B BaseClass:/Game/book.book_C NativeClass:/Script/Engine.Actor Name:book_C_UAID_A4FC77561504366E02_1111655173 Label:book15 SpatiallyLoaded:1 Bounds:IsValid=true, Min=(X=10831.244 Y=11498.325 Z=1.673), Max=(X=10892.411 Y=11541.675 Z=111.977) RuntimeGrid:None EditorOnly:0 RuntimeOnly:0 HLODRelevant:0
 |   |   |- [+] [ 52]
 |   |   |   |- Guid:D921895F46FF02192D621BB2D1794797 BaseClass:/Game/book.book_C NativeClass:/Script/Engine.Actor Name:book_C_UAID_A4FC77561504366E02_1208709174 Label:book16 SpatiallyLoaded:1 Bounds:IsValid=true, Min=(X=12591.244 Y=9928.325 Z=1.673), Max=(X=12652.411 Y=9971.675 Z=111.977) RuntimeGrid:None EditorOnly:0 RuntimeOnly:0 HLODRelevant:0
 |   |   |- [+] [ 53]
 |   |   |   |- Guid:A39272B342C1029AAB2389A3754CD892 BaseClass:/Game/book.book_C NativeClass:/Script/Engine.Actor Name:book_C_UAID_A4FC77561504366E02_1213756175 Label:book17 SpatiallyLoaded:1 Bounds:IsValid=true, Min=(X=14041.244 Y=9928.325 Z=1.673), Max=(X=14102.411 Y=9971.675 Z=111.977) RuntimeGrid:None EditorOnly:0 RuntimeOnly:0 HLODRelevant:0
 |   |   |- [+] [ 54]
 |   |   |   |- Guid:9077C28941D271055185859A3751666B BaseClass:/Game/book.book_C NativeClass:/Script/Engine.Actor Name:book_C_UAID_A4FC77561504366E02_1218430176 Label:book18 SpatiallyLoaded:1 Bounds:IsValid=true, Min=(X=14041.244 Y=7168.325 Z=1.673), Max=(X=14102.411 Y=7211.675 Z=111.977) RuntimeGrid:None EditorOnly:0 RuntimeOnly:0 HLODRelevant:0
 |   |   |- [+] [ 55]
 |   |   |   |- Guid:62BDEA79402A267129431BB07200C1C7 BaseClass:/Game/book.book_C NativeClass:/Script/Engine.Actor Name:book_C_UAID_A4FC77561504366E02_1221578177 Label:book19 SpatiallyLoaded:1 Bounds:IsValid=true, Min=(X=11301.244 Y=7168.325 Z=1.673), Max=(X=11362.411 Y=7211.675 Z=111.977) RuntimeGrid:None EditorOnly:0 RuntimeOnly:0 HLODRelevant:0
 |   |   |- [+] [ 56]
 |   |   |   |- Guid:0E22C0C942089D59AA53CA9F066207BC BaseClass:/Game/book.book_C NativeClass:/Script/Engine.Actor Name:book_C_UAID_A4FC77561504366E02_1231433178 Label:book20 SpatiallyLoaded:1 Bounds:IsValid=true, Min=(X=10831.244 Y=13468.325 Z=1.673), Max=(X=10892.411 Y=13511.675 Z=111.977) RuntimeGrid:None EditorOnly:0 RuntimeOnly:0 HLODRelevant:0
 |   |   |- [+] [ 57]
 |   |   |   |- Guid:C17592174580C397FA71E0898AFDA4D6 BaseClass:/Game/book.book_C NativeClass:/Script/Engine.Actor Name:book_C_UAID_A4FC77561504366E02_1337379179 Label:book21 SpatiallyLoaded:1 Bounds:IsValid=true, Min=(X=12631.244 Y=13468.325 Z=1.673), Max=(X=12692.411 Y=13511.675 Z=111.977) RuntimeGrid:None EditorOnly:0 RuntimeOnly:0 HLODRelevant:0
 |   |   |- [+] [ 58]
 |   |   |   |- Guid:58CC38954D6DD13F023AE888AC0F5313 BaseClass:/Game/book.book_C NativeClass:/Script/Engine.Actor Name:book_C_UAID_A4FC77561504366E02_1340553180 Label:book22 SpatiallyLoaded:1 Bounds:IsValid=true, Min=(X=12631.244 Y=12028.325 Z=1.673), Max=(X=12692.411 Y=12071.675 Z=111.977) RuntimeGrid:None EditorOnly:0 RuntimeOnly:0 HLODRelevant:0
 |   |   |- [+] [ 59]
 |   |   |   |- Guid:F74CE89D4BEBC627087F83BAF0A767FD BaseClass:/Game/book.book_C NativeClass:/Script/Engine.Actor Name:book_C_UAID_A4FC77561504366E02_1351177181 Label:book23 SpatiallyLoaded:1 Bounds:IsValid=true, Min=(X=11301.244 Y=4038.325 Z=1.673), Max=(X=11362.411 Y=4081.675 Z=111.977) RuntimeGrid:None EditorOnly:0 RuntimeOnly:0 HLODRelevant:0
 |   |   |- [+] [ 60]
 |   |   |   |- Guid:C8D4F78C410F2BCBC0A23580345D2EBB BaseClass:/Game/book.book_C NativeClass:/Script/Engine.Actor Name:book_C_UAID_A4FC77561504366E02_1354206182 Label:book24 SpatiallyLoaded:1 Bounds:IsValid=true, Min=(X=9911.244 Y=4038.325 Z=1.673), Max=(X=9972.411 Y=4081.675 Z=111.977) RuntimeGrid:None EditorOnly:0 RuntimeOnly:0 HLODRelevant:0
 |   |   |- [+] [ 61]
 |   |   |   |- Guid:3BAEDF234C2C2FE138C47DB7EF1D54B6 BaseClass:/Game/book.book_C NativeClass:/Script/Engine.Actor Name:book_C_UAID_A4FC77561504366E02_1357709183 Label:book25 SpatiallyLoaded:1 Bounds:IsValid=true, Min=(X=8111.244 Y=3108.325 Z=1.673), Max=(X=8172.411 Y=3151.675 Z=111.977) RuntimeGrid:None EditorOnly:0 RuntimeOnly:0 HLODRelevant:0
 |   |   |- [+] [ 62]
 |   |   |   |- Guid:7C924D2A4BC963211EE52E86132AD025 BaseClass:/Game/book.book_C NativeClass:/Script/Engine.Actor Name:book_C_UAID_A4FC77561504366E02_1364479184 Label:book26 SpatiallyLoaded:1 Bounds:IsValid=true, Min=(X=10351.244 Y=2038.325 Z=1.673), Max=(X=10412.411 Y=2081.675 Z=111.977) RuntimeGrid:None EditorOnly:0 RuntimeOnly:0 HLODRelevant:0
 |   |   |- [+] [ 63]
 |   |   |   |- Guid:E3C91EAC452BDE71E0C158A6BC8A058B BaseClass:/Game/book.book_C NativeClass:/Script/Engine.Actor Name:book_C_UAID_A4FC77561504366E02_1373509185 Label:book27 SpatiallyLoaded:1 Bounds:IsValid=true, Min=(X=7111.244 Y=5038.325 Z=1.673), Max=(X=7172.411 Y=5081.675 Z=111.977) RuntimeGrid:None EditorOnly:0 RuntimeOnly:0 HLODRelevant:0
 |   |   |- [+] [ 64]
 |   |   |   |- Guid:2AEE77A442FE172443CAA691FD2E133F BaseClass:/Game/book.book_C NativeClass:/Script/Engine.Actor Name:book_C_UAID_A4FC77561504366E02_1382633186 Label:book28 SpatiallyLoaded:1 Bounds:IsValid=true, Min=(X=3881.244 Y=128.325 Z=1.673), Max=(X=3942.411 Y=171.675 Z=111.977) RuntimeGrid:None EditorOnly:0 RuntimeOnly:0 HLODRelevant:0
 |   |   |- [+] [ 65]
 |   |   |   |- Guid:659DEA7645E1122BD789A3A10C11C247 BaseClass:/Game/book.book_C NativeClass:/Script/Engine.Actor Name:book_C_UAID_A4FC77561504366E02_1386656187 Label:book29 SpatiallyLoaded:1 Bounds:IsValid=true, Min=(X=5881.244 Y=128.325 Z=1.673), Max=(X=5942.411 Y=171.675 Z=111.977) RuntimeGrid:None EditorOnly:0 RuntimeOnly:0 HLODRelevant:0
 |   |   |- [+] [ 66]
 |   |   |   |- Guid:69C0E1B0455942AE0DDCCA89B1CA6460 BaseClass:/Game/book.book_C NativeClass:/Script/Engine.Actor Name:book_C_UAID_A4FC77561504366E02_1389966188 Label:book30 SpatiallyLoaded:1 Bounds:IsValid=true, Min=(X=5881.244 Y=-1211.675 Z=1.673), Max=(X=5942.411 Y=-1168.325 Z=111.977) RuntimeGrid:None EditorOnly:0 RuntimeOnly:0 HLODRelevant:0
 |   |   |- [+] [ 67]
 |   |   |   |- Guid:4970A83F4E87DCDC69C760A71B811601 BaseClass:/Game/book.book_C NativeClass:/Script/Engine.Actor Name:book_C_UAID_A4FC77561504366E02_1397311189 Label:book31 SpatiallyLoaded:1 Bounds:IsValid=true, Min=(X=3981.244 Y=-3101.675 Z=1.673), Max=(X=4042.411 Y=-3058.325 Z=111.977) RuntimeGrid:None EditorOnly:0 RuntimeOnly:0 HLODRelevant:0
 |   |   |- [+] [ 68]
 |   |   |   |- Guid:361A33C54B3B0A9C9FDF82BB2C265221 BaseClass:/Game/book.book_C NativeClass:/Script/Engine.Actor Name:book_C_UAID_A4FC77561504366E02_1407310190 Label:book32 SpatiallyLoaded:1 Bounds:IsValid=true, Min=(X=11951.244 Y=-3101.675 Z=1.673), Max=(X=12012.411 Y=-3058.325 Z=111.977) RuntimeGrid:None EditorOnly:0 RuntimeOnly:0 HLODRelevant:0
 |   |   |- [+] [ 69]
 |   |   |   |- Guid:F475E86D4198A6DC6B6AC6BE2D42A281 BaseClass:/Game/book.book_C NativeClass:/Script/Engine.Actor Name:book_C_UAID_A4FC77561504366E02_1410349191 Label:book33 SpatiallyLoaded:1 Bounds:IsValid=true, Min=(X=9561.244 Y=-3101.675 Z=1.673), Max=(X=9622.411 Y=-3058.325 Z=111.977) RuntimeGrid:None EditorOnly:0 RuntimeOnly:0 HLODRelevant:0
 |   |   |- [+] [ 70]
 |   |   |   |- Guid:73D440E8496318A9C4C6B18D18D19869 BaseClass:/Game/book.book_C NativeClass:/Script/Engine.Actor Name:book_C_UAID_A4FC77561504366E02_1413229192 Label:book34 SpatiallyLoaded:1 Bounds:IsValid=true, Min=(X=9561.244 Y=-4461.675 Z=1.673), Max=(X=9622.411 Y=-4418.325 Z=111.977) RuntimeGrid:None EditorOnly:0 RuntimeOnly:0 HLODRelevant:0
 |   |   |- [+] [ 71]
 |   |   |   |- Guid:00533B204D5A344DF62AE1BB8BDECA54 BaseClass:/Game/book.book_C NativeClass:/Script/Engine.Actor Name:book_C_UAID_A4FC77561504366E02_1418533193 Label:book35 SpatiallyLoaded:1 Bounds:IsValid=true, Min=(X=5781.244 Y=-4461.675 Z=1.673), Max=(X=5842.411 Y=-4418.325 Z=111.977) RuntimeGrid:None EditorOnly:0 RuntimeOnly:0 HLODRelevant:0
 |   |   |- [+] [ 72]
 |   |   |   |- Guid:6B29E7964B1627D6F3FB589DB714C2B6 BaseClass:/Game/book.book_C NativeClass:/Script/Engine.Actor Name:book_C_UAID_A4FC77561504366E02_1478171194 Label:book36 SpatiallyLoaded:1 Bounds:IsValid=true, Min=(X=521.244 Y=-4461.675 Z=1.673), Max=(X=582.411 Y=-4418.325 Z=111.977) RuntimeGrid:None EditorOnly:0 RuntimeOnly:0 HLODRelevant:0
 |   |   |- [+] [ 73]
 |   |   |   |- Guid:E96DB1BA4EC0C9C4E207238295DA4FE9 BaseClass:/Game/book.book_C NativeClass:/Script/Engine.Actor Name:book_C_UAID_A4FC77561504366E02_1485845195 Label:book37 SpatiallyLoaded:1 Bounds:IsValid=true, Min=(X=521.244 Y=-2401.675 Z=1.673), Max=(X=582.411 Y=-2358.325 Z=111.977) RuntimeGrid:None EditorOnly:0 RuntimeOnly:0 HLODRelevant:0
 |   |   |- [+] [ 74]
 |   |   |   |- Guid:7E1D3D4A48BC5CFE6CD168AA3065FF86 BaseClass:/Game/book.book_C NativeClass:/Script/Engine.Actor Name:book_C_UAID_A4FC77561504366E02_1493702196 Label:book38 SpatiallyLoaded:1 Bounds:IsValid=true, Min=(X=-1868.756 Y=-1171.675 Z=1.673), Max=(X=-1807.589 Y=-1128.325 Z=111.977) RuntimeGrid:None EditorOnly:0 RuntimeOnly:0 HLODRelevant:0
 |   |   |- [+] [ 75]
 |   |   |   |- Guid:EF896D0F48A80A8BC1529A887ED024D4 BaseClass:/Game/book.book_C NativeClass:/Script/Engine.Actor Name:book_C_UAID_A4FC77561504366E02_1498773197 Label:book39 SpatiallyLoaded:1 Bounds:IsValid=true, Min=(X=-1868.756 Y=2958.325 Z=1.673), Max=(X=-1807.589 Y=3001.675 Z=111.977) RuntimeGrid:None EditorOnly:0 RuntimeOnly:0 HLODRelevant:0
 |   |   |- [+] [ 76]
 |   |   |   |- Guid:F5338CCE41182E7CD305118801D05C87 BaseClass:/Game/book.book_C NativeClass:/Script/Engine.Actor Name:book_C_UAID_A4FC77561504366E02_1501322198 Label:book40 SpatiallyLoaded:1 Bounds:IsValid=true, Min=(X=-3778.756 Y=2958.325 Z=1.673), Max=(X=-3717.589 Y=3001.675 Z=111.977) RuntimeGrid:None EditorOnly:0 RuntimeOnly:0 HLODRelevant:0
 |   |   |- [+] [ 77]
 |   |   |   |- Guid:B1558EE84D7ADCAD83A30DBF291BF5F3 BaseClass:/Game/book.book_C NativeClass:/Script/Engine.Actor Name:book_C_UAID_A4FC77561504366E02_1503486199 Label:book41 SpatiallyLoaded:1 Bounds:IsValid=true, Min=(X=-2958.756 Y=1168.325 Z=1.673), Max=(X=-2897.589 Y=1211.675 Z=111.977) RuntimeGrid:None EditorOnly:0 RuntimeOnly:0 HLODRelevant:0
 |   |   |- [+] [ 78]
 |   |   |   |- Guid:7614D64242A1968859A2E9B4AD58EE42 BaseClass:/Game/book.book_C NativeClass:/Script/Engine.Actor Name:book_C_UAID_A4FC77561504366E02_1514723200 Label:book42 SpatiallyLoaded:1 Bounds:IsValid=true, Min=(X=521.244 Y=-6671.675 Z=1.673), Max=(X=582.411 Y=-6628.325 Z=111.977) RuntimeGrid:None EditorOnly:0 RuntimeOnly:0 HLODRelevant:0
 |   |   |- [+] [ 79]
 |   |   |   |- Guid:1EEF4CD843EA91794EA8C58317334ED1 BaseClass:/Game/book.book_C NativeClass:/Script/Engine.Actor Name:book_C_UAID_A4FC77561504366E02_1516957201 Label:book43 SpatiallyLoaded:1 Bounds:IsValid=true, Min=(X=4331.244 Y=-7601.675 Z=1.673), Max=(X=4392.411 Y=-7558.325 Z=111.977) RuntimeGrid:None EditorOnly:0 RuntimeOnly:0 HLODRelevant:0
 |   |   |- [+] [ 80]
 |   |   |   |- Guid:51B36673487753548DE07DA04BFB2CC8 BaseClass:/Game/book.book_C NativeClass:/Script/Engine.Actor Name:book_C_UAID_A4FC77561504366E02_1528047202 Label:book44 SpatiallyLoaded:1 Bounds:IsValid=true, Min=(X=2031.244 Y=-9161.675 Z=1.673), Max=(X=2092.411 Y=-9118.325 Z=111.977) RuntimeGrid:None EditorOnly:0 RuntimeOnly:0 HLODRelevant:0
 |   |   |- [+] [ 81]
 |   |   |   |- Guid:808197F747C5583E8549F4AF546E4887 BaseClass:/Game/book.book_C NativeClass:/Script/Engine.Actor Name:book_C_UAID_A4FC77561504366E02_1534685203 Label:book45 SpatiallyLoaded:1 Bounds:IsValid=true, Min=(X=2031.244 Y=-12051.675 Z=1.673), Max=(X=2092.411 Y=-12008.325 Z=111.977) RuntimeGrid:None EditorOnly:0 RuntimeOnly:0 HLODRelevant:0
 |   |   |- [+] [ 82]
 |   |   |   |- Guid:661885BE4D9A5B71A4843FAF3B03769B BaseClass:/Game/book.book_C NativeClass:/Script/Engine.Actor Name:book_C_UAID_A4FC77561504366E02_1537210204 Label:book46 SpatiallyLoaded:1 Bounds:IsValid=true, Min=(X=4701.244 Y=-12051.675 Z=1.673), Max=(X=4762.411 Y=-12008.325 Z=111.977) RuntimeGrid:None EditorOnly:0 RuntimeOnly:0 HLODRelevant:0
 |   |   |- [+] [ 83]
 |   |   |   |- Guid:0944133248FD56CB564B28816D13F7F8 BaseClass:/Game/book.book_C NativeClass:/Script/Engine.Actor Name:book_C_UAID_A4FC77561504366E02_1540400205 Label:book47 SpatiallyLoaded:1 Bounds:IsValid=true, Min=(X=4701.244 Y=-15261.675 Z=1.673), Max=(X=4762.411 Y=-15218.325 Z=111.977) RuntimeGrid:None EditorOnly:0 RuntimeOnly:0 HLODRelevant:0
 |   |   |- [+] [ 84]
 |   |   |   |- Guid:1418BB0D47BFFD622CCA21BFA50E9696 BaseClass:/Game/book.book_C NativeClass:/Script/Engine.Actor Name:book_C_UAID_A4FC77561504366E02_1543270206 Label:book48 SpatiallyLoaded:1 Bounds:IsValid=true, Min=(X=5991.244 Y=-14521.675 Z=1.673), Max=(X=6052.411 Y=-14478.325 Z=111.977) RuntimeGrid:None EditorOnly:0 RuntimeOnly:0 HLODRelevant:0
 |   |   |- [+] [ 85]
 |   |   |   |- Guid:E98774464BC438E27A64AC840E1F9246 BaseClass:/Game/book.book_C NativeClass:/Script/Engine.Actor Name:book_C_UAID_A4FC77561504366E02_1548363207 Label:book49 SpatiallyLoaded:1 Bounds:IsValid=true, Min=(X=9051.244 Y=-13411.675 Z=1.673), Max=(X=9112.411 Y=-13368.325 Z=111.977) RuntimeGrid:None EditorOnly:0 RuntimeOnly:0 HLODRelevant:0
 |- ContainerInstances:
 |- [+] MainContainer:
 |   |-        ID: 0x0000000000000000
 |   |-    Bounds: IsValid=false, Min=(X=0.000 Y=0.000 Z=0.000), Max=(X=0.000 Y=0.000 Z=0.000)
 |   |- Transform: 0.000000,0.000000,0.000000|0.000000,0.000000,-0.000000|1.000000,1.000000,1.000000
 |   |- Container: /Game/ThirdPerson/Maps/ThirdPersonMap
----------------------------------------------------------------------------------------------------------------
ThirdPersonMap - Persistent Level
----------------------------------------------------------------------------------------------------------------
Always loaded Actor Count: 93 

----------------------------------------------------------------------------------------------------------------
ThirdPersonMap - Runtime Spatial Hash - Streaming Grid - MainGrid
----------------------------------------------------------------------------------------------------------------
            Origin: X=0.000 Y=0.000 Z=0.000
         Cell Size: 12800
      World Bounds: IsValid=false, Min=(X=0.000 Y=0.000 Z=0.000), Max=(X=0.000 Y=0.000 Z=0.000)
     Loading Range: 25600.00
Block Slow Loading: No
 ClientOnlyVisible: No

[+] Grid Levels: 1
 |- Level  0: Cell Count    0 | Cell Size   12800 | Actor Count    0 (0.0%)

[+] Content of Grid Level 0

