[+] Containers:
 |- [+] Container: /Game/ThirdPerson/Maps/ThirdPersonMap
 |   |- [+] ActorDescs:
 |   |   |- Guid:1AAB92A344792BD4FCBF59A875E6C596 BaseClass:/Game/penalties/ranting.ranting_C NativeClass:/Script/Engine.Actor Name:ranting_C_UAID_C46516240B9BCD6302_1766011125 Label:ranting6 SpatiallyLoaded:1 Bounds:IsValid=true, Min=(X=9063.120 Y=14005.121 Z=-63.600), Max=(X=9260.880 Y=14121.432 Z=3.600) RuntimeGrid:None EditorOnly:0 RuntimeOnly:0 HLODRelevant:0
 |   |   |- Guid:222FFC7744A4F526278F4881FFE49ACE BaseClass:/Game/penalties/Kolam.Kolam_C NativeClass:/Script/Engine.Actor Name:Kolam_C_UAID_C46516240B9B326802_1808205119 Label:Kolam2 SpatiallyLoaded:1 Bounds:IsValid=true, Min=(X=-9616.921 Y=5837.645 Z=-38.783), Max=(X=-9463.079 Y=5942.355 Z=38.783) RuntimeGrid:None EditorOnly:0 RuntimeOnly:0 HLODRelevant:0
 |   |   |- Guid:2FB58999456391D349DC0F86DAC136ED BaseClass: NativeClass:/Script/Engine.SkyLight Name:SkyLight_1 Label:SkyLight SpatiallyLoaded:0 Bounds:IsValid=true, Min=(X=0.000 Y=0.000 Z=690.000), Max=(X=0.000 Y=0.000 Z=690.000) RuntimeGrid:None EditorOnly:0 RuntimeOnly:0 HLODRelevant:0 FolderPath:Lighting FolderGuid:963EC3EB4002CCE9759E2EBA541A873A
 |   |   |- Guid:316CF2A6494ACA4C0E4180A87D36AB8F BaseClass: NativeClass:/Script/Engine.ExponentialHeightFog Name:ExponentialHeightFog_0 Label:ExponentialHeightFog SpatiallyLoaded:0 Bounds:IsValid=true, Min=(X=-5600.000 Y=-50.000 Z=-6850.000), Max=(X=-5600.000 Y=-50.000 Z=-6850.000) RuntimeGrid:None EditorOnly:0 RuntimeOnly:0 HLODRelevant:0 FolderPath:Lighting FolderGuid:963EC3EB4002CCE9759E2EBA541A873A
 |   |   |- Guid:3A00AA1C422CE54C0BDB60BAF471BFBB BaseClass: NativeClass:/Script/Engine.PlayerStart Name:PlayerStart_0 Label:PlayerStart SpatiallyLoaded:0 Bounds:IsValid=true, Min=(X=-6005.206 Y=8514.794 Z=620.013), Max=(X=-5894.794 Y=8625.206 Z=804.013) RuntimeGrid:None EditorOnly:0 RuntimeOnly:0 HLODRelevant:0
 |   |   |- Guid:4135D3324B73994D4D8A9790A8D2F167 BaseClass:/Game/penalties/ranting.ranting_C NativeClass:/Script/Engine.Actor Name:ranting_C_UAID_C46516240B9BCC6302_1435491945 Label:ranting3 SpatiallyLoaded:1 Bounds:IsValid=true, Min=(X=-15826.880 Y=16025.121 Z=-33.600), Max=(X=-15629.120 Y=16141.432 Z=33.600) RuntimeGrid:None EditorOnly:0 RuntimeOnly:0 HLODRelevant:0
 |   |   |- Guid:4D3BE93F4146AAAC8BBE79999D96D57F BaseClass: NativeClass:/Script/Engine.VolumetricCloud Name:VolumetricCloud_0 Label:VolumetricCloud SpatiallyLoaded:0 Bounds:IsValid=true, Min=(X=0.000 Y=0.000 Z=820.000), Max=(X=0.000 Y=0.000 Z=820.000) RuntimeGrid:None EditorOnly:0 RuntimeOnly:0 HLODRelevant:0 FolderPath:Lighting FolderGuid:963EC3EB4002CCE9759E2EBA541A873A
 |   |   |- Guid:58E38D57448EB6893EFE3699469B9DB7 BaseClass:/Game/penalties/ranting.ranting_C NativeClass:/Script/Engine.Actor Name:ranting_C_UAID_C46516240B9BCC6302_1314857943 Label:ranting SpatiallyLoaded:1 Bounds:IsValid=true, Min=(X=-15206.880 Y=15805.121 Z=-23.600), Max=(X=-15009.120 Y=15921.432 Z=43.600) RuntimeGrid:None EditorOnly:0 RuntimeOnly:0 HLODRelevant:0
 |   |   |- Guid:5E48EC114B690667C3A9B9A32B6479EC BaseClass:/Game/penalties/ranting2.ranting2_C NativeClass:/Script/Engine.Actor Name:ranting2_C_UAID_C46516240B9BFE6502_1192546856 Label:ranting13 SpatiallyLoaded:1 Bounds:IsValid=true, Min=(X=-6743.957 Y=-6397.944 Z=-63.600), Max=(X=-6569.872 Y=-6232.416 Z=6.118) RuntimeGrid:None EditorOnly:0 RuntimeOnly:0 HLODRelevant:0
 |   |   |- Guid:6BAF4DDD444C60371492D3919DB42C97 BaseClass: NativeClass:/Script/Engine.WorldDataLayers Name:WorldDataLayers Label:WorldDataLayers SpatiallyLoaded:0 Bounds:IsValid=true, Min=(X=0.000 Y=0.000 Z=0.000), Max=(X=0.000 Y=0.000 Z=0.000) RuntimeGrid:None EditorOnly:0 RuntimeOnly:0 HLODRelevant:0
 |   |   |- Guid:79AB3BA54AD884F31BDDC2A97D1FE14F BaseClass:/Game/penalties/ranting.ranting_C NativeClass:/Script/Engine.Actor Name:ranting_C_UAID_C46516240B9BCC6302_1431703944 Label:ranting2 SpatiallyLoaded:1 Bounds:IsValid=true, Min=(X=-16566.880 Y=15985.121 Z=-43.600), Max=(X=-16369.120 Y=16101.432 Z=23.600) RuntimeGrid:None EditorOnly:0 RuntimeOnly:0 HLODRelevant:0
 |   |   |- Guid:8C6EAC0D49E4149DF470A2BFFBFE4E17 BaseClass:/Game/penalties/ranting2.ranting2_C NativeClass:/Script/Engine.Actor Name:ranting2_C_UAID_C46516240B9BCD6302_2023691129 Label:ranting10 SpatiallyLoaded:1 Bounds:IsValid=true, Min=(X=9197.520 Y=14832.876 Z=-63.600), Max=(X=9366.480 Y=14919.615 Z=6.118) RuntimeGrid:None EditorOnly:0 RuntimeOnly:0 HLODRelevant:0
 |   |   |- Guid:9064208D4959A7B89D6A11BCB43DDF5B BaseClass:/Game/penalties/Kolam.Kolam_C NativeClass:/Script/Engine.Actor Name:Kolam_C_UAID_C46516240B9B346802_1194336472 Label:Kolam3 SpatiallyLoaded:1 Bounds:IsValid=true, Min=(X=-26719.744 Y=-20892.027 Z=-725.381), Max=(X=-25071.296 Y=-18750.209 Z=792.848) RuntimeGrid:None EditorOnly:0 RuntimeOnly:0 HLODRelevant:0
 |   |   |- Guid:946A82B544BB6ADAD68820B5DC322F7D BaseClass:/Game/NewBlueprint.NewBlueprint_C NativeClass:/Script/Engine.Actor Name:NewBlueprint_C_UAID_EC5C68359F20976102_1171903504 Label:NewBlueprint SpatiallyLoaded:1 Bounds:IsValid=true, Min=(X=-151431.413 Y=-98443.040 Z=-13826.379), Max=(X=135659.221 Y=171404.208 Z=12639.673) RuntimeGrid:None EditorOnly:0 RuntimeOnly:0 HLODRelevant:0
 |   |   |- Guid:9E8F03EB402BEA7FCE0735885F26C809 BaseClass:/Game/penalties/ranting.ranting_C NativeClass:/Script/Engine.Actor Name:ranting_C_UAID_C46516240B9BCC6302_1507792947 Label:ranting5 SpatiallyLoaded:1 Bounds:IsValid=true, Min=(X=-5104.839 Y=7351.097 Z=-84.098), Max=(X=-4949.982 Y=7567.329 Z=3.679) RuntimeGrid:None EditorOnly:0 RuntimeOnly:0 HLODRelevant:0
 |   |   |- Guid:B0FE2C8B4201BA5A30046086C3D7D426 BaseClass:/Game/penalties/ranting.ranting_C NativeClass:/Script/Engine.Actor Name:ranting_C_UAID_C46516240B9BFE6502_1308871858 Label:ranting15 SpatiallyLoaded:1 Bounds:IsValid=true, Min=(X=-5556.880 Y=-6374.879 Z=-83.600), Max=(X=-5359.120 Y=-6258.568 Z=-16.400) RuntimeGrid:None EditorOnly:0 RuntimeOnly:0 HLODRelevant:0
 |   |   |- Guid:B3F8F6704EEA08FC4D7F948F09CBC27C BaseClass:/Game/penalties/ranting.ranting_C NativeClass:/Script/Engine.Actor Name:ranting_C_UAID_C46516240B9BFE6502_1271102857 Label:ranting14 SpatiallyLoaded:1 Bounds:IsValid=true, Min=(X=-5566.880 Y=-6934.879 Z=-73.600), Max=(X=-5369.120 Y=-6818.568 Z=-6.400) RuntimeGrid:None EditorOnly:0 RuntimeOnly:0 HLODRelevant:0
 |   |   |- Guid:B785ED2844B84CFB91E7F39FE661CD99 BaseClass: NativeClass:/Script/Engine.DirectionalLight Name:DirectionalLight_0 Label:DirectionalLight SpatiallyLoaded:0 Bounds:IsValid=true, Min=(X=-1048576.000 Y=-1048576.000 Z=-1048576.000), Max=(X=1048576.000 Y=1048576.000 Z=1048576.000) RuntimeGrid:None EditorOnly:0 RuntimeOnly:0 HLODRelevant:0 FolderPath:Lighting FolderGuid:963EC3EB4002CCE9759E2EBA541A873A
 |   |   |- Guid:C8A65A864E0A894ED9ACB38BAE1685D3 BaseClass:/Game/penalties/ranting.ranting_C NativeClass:/Script/Engine.Actor Name:ranting_C_UAID_C46516240B9BCD6302_1771913126 Label:ranting7 SpatiallyLoaded:1 Bounds:IsValid=true, Min=(X=9643.120 Y=15315.121 Z=-83.600), Max=(X=9840.880 Y=15431.432 Z=-16.400) RuntimeGrid:None EditorOnly:0 RuntimeOnly:0 HLODRelevant:0
 |   |   |- Guid:C97465A841649D61CA1F0B9F01CDE38E BaseClass:/Game/penalties/wavyshark/source/water_pool.water_pool_C NativeClass:/Script/Engine.Actor Name:water_pool_C_UAID_C46516240B9B316802_1663205944 Label:water_pool SpatiallyLoaded:1 Bounds:IsValid=true, Min=(X=-30316.708 Y=-21645.972 Z=-1194.687), Max=(X=-27763.693 Y=-17952.150 Z=1269.975) RuntimeGrid:None EditorOnly:0 RuntimeOnly:0 HLODRelevant:0
 |   |   |- Guid:CCFF262C46EEFFDF319E7F9539CE697E BaseClass: NativeClass:/Script/Engine.SkyAtmosphere Name:SkyAtmosphere_0 Label:SkyAtmosphere SpatiallyLoaded:0 Bounds:IsValid=true, Min=(X=0.000 Y=0.000 Z=1020.000), Max=(X=0.000 Y=0.000 Z=1020.000) RuntimeGrid:None EditorOnly:0 RuntimeOnly:0 HLODRelevant:0 FolderPath:Lighting FolderGuid:963EC3EB4002CCE9759E2EBA541A873A
 |   |   |- Guid:CE11186B43BF56D2CA0BE5A2A0EA23E7 BaseClass:/Game/penalties/ranting.ranting_C NativeClass:/Script/Engine.Actor Name:ranting_C_UAID_C46516240B9BFE6502_1313802859 Label:ranting16 SpatiallyLoaded:1 Bounds:IsValid=true, Min=(X=-5546.880 Y=-7534.879 Z=-83.600), Max=(X=-5349.120 Y=-7418.568 Z=-16.400) RuntimeGrid:None EditorOnly:0 RuntimeOnly:0 HLODRelevant:0
 |   |   |- Guid:DA33FC89444C83E0C02835A725D29B80 BaseClass:/Game/penalties/ranting.ranting_C NativeClass:/Script/Engine.Actor Name:ranting_C_UAID_C46516240B9BCD6302_1734676124 Label:ranting4 SpatiallyLoaded:1 Bounds:IsValid=true, Min=(X=-5476.880 Y=9585.121 Z=-83.600), Max=(X=-5279.120 Y=9701.432 Z=-16.400) RuntimeGrid:None EditorOnly:0 RuntimeOnly:0 HLODRelevant:0
 |   |   |- Guid:DD3638F9410965E401D65BA95B1D807C BaseClass:/Game/penalties/ranting2.ranting2_C NativeClass:/Script/Engine.Actor Name:ranting2_C_UAID_C46516240B9BFE6502_1155079855 Label:ranting12 SpatiallyLoaded:1 Bounds:IsValid=true, Min=(X=-6842.480 Y=-7877.124 Z=-63.600), Max=(X=-6673.520 Y=-7790.385 Z=6.118) RuntimeGrid:None EditorOnly:0 RuntimeOnly:0 HLODRelevant:0
 |   |   |- Guid:E6687F9D4B092083B94010870F35EB6A BaseClass:/Game/penalties/ranting2.ranting2_C NativeClass:/Script/Engine.Actor Name:ranting2_C_UAID_C46516240B9BCE6302_1083450306 Label:ranting11 SpatiallyLoaded:1 Bounds:IsValid=true, Min=(X=-11347.184 Y=7470.480 Z=-63.600), Max=(X=-11214.518 Y=7652.890 Z=6.118) RuntimeGrid:None EditorOnly:0 RuntimeOnly:0 HLODRelevant:0
 |   |   |- Guid:EC4E0C944CE6AC6E784BC6BB2916EA13 BaseClass: NativeClass:/Script/Engine.StaticMeshActor Name:StaticMeshActor_UAID_A4AE111137DC5EFB00_1110535423 Label:SM_SkySphere SpatiallyLoaded:0 Bounds:IsValid=true, Min=(X=-1638400.000 Y=-1638400.000 Z=-1638400.000), Max=(X=1638400.000 Y=1638400.000 Z=1638400.000) RuntimeGrid:None EditorOnly:0 RuntimeOnly:0 HLODRelevant:1 FolderPath:Lighting FolderGuid:963EC3EB4002CCE9759E2EBA541A873A
 |   |   |- Guid:F1924B8D48954B30891B2DB6A694F9CC BaseClass: NativeClass:/Script/Engine.StaticMeshActor Name:StaticMeshActor_1 Label:SM_Cube SpatiallyLoaded:1 Bounds:IsValid=true, Min=(X=-40834.000 Y=-46327.107 Z=-1559.000), Max=(X=49165.998 Y=58672.891 Z=-59.000) RuntimeGrid:None EditorOnly:0 RuntimeOnly:0 HLODRelevant:1 FolderPath:Playground FolderGuid:C73F09FC4215536B1DCE2A9E0A830C70
 |   |   |- Guid:F42A2B054B6A75FABE85BF86A3E71AFB BaseClass:/Game/penalties/Kolam.Kolam_C NativeClass:/Script/Engine.Actor Name:Kolam_C_UAID_C46516240B9B016602_1836691388 Label:Kolam SpatiallyLoaded:1 Bounds:IsValid=true, Min=(X=-30304.256 Y=-21402.143 Z=-1118.075), Max=(X=-27586.784 Y=-18200.092 Z=1185.542) RuntimeGrid:None EditorOnly:0 RuntimeOnly:0 HLODRelevant:0
 |   |   |- Guid:F5E3FEB3450C49844FD93DA8E083C8AD BaseClass: NativeClass:/Script/Engine.PostProcessVolume Name:PostProcessVolume_0 Label:PostProcessVolume SpatiallyLoaded:0 Bounds:IsValid=true, Min=(X=0.000 Y=0.000 Z=400.000), Max=(X=200.000 Y=200.000 Z=600.000) RuntimeGrid:None EditorOnly:0 RuntimeOnly:0 HLODRelevant:0 FolderPath:Lighting FolderGuid:963EC3EB4002CCE9759E2EBA541A873A
 |   |   |- Guid:F9A6A48049933399B680C98E17D75397 BaseClass:/Game/penalties/ranting.ranting_C NativeClass:/Script/Engine.Actor Name:ranting_C_UAID_C46516240B9BCD6302_1800597128 Label:ranting9 SpatiallyLoaded:1 Bounds:IsValid=true, Min=(X=8474.290 Y=11435.833 Z=-73.600), Max=(X=8620.532 Y=11645.349 Z=-6.400) RuntimeGrid:None EditorOnly:0 RuntimeOnly:0 HLODRelevant:0
 |   |   |- Guid:FB3E9FAE42EB9FD5887304A69D5AEAA7 BaseClass:/Game/penalties/ranting.ranting_C NativeClass:/Script/Engine.Actor Name:ranting_C_UAID_C46516240B9BCD6302_1793582127 Label:ranting8 SpatiallyLoaded:1 Bounds:IsValid=true, Min=(X=9223.120 Y=11425.121 Z=-53.600), Max=(X=9420.880 Y=11541.432 Z=13.600) RuntimeGrid:None EditorOnly:0 RuntimeOnly:0 HLODRelevant:0
 |   |- [+] Clusters:
 |   |   |- [+] [  0]
 |   |   |   |- Guid:6BAF4DDD444C60371492D3919DB42C97 BaseClass: NativeClass:/Script/Engine.WorldDataLayers Name:WorldDataLayers Label:WorldDataLayers SpatiallyLoaded:0 Bounds:IsValid=true, Min=(X=0.000 Y=0.000 Z=0.000), Max=(X=0.000 Y=0.000 Z=0.000) RuntimeGrid:None EditorOnly:0 RuntimeOnly:0 HLODRelevant:0
 |   |   |- [+] [  1]
 |   |   |   |- Guid:4135D3324B73994D4D8A9790A8D2F167 BaseClass:/Game/penalties/ranting.ranting_C NativeClass:/Script/Engine.Actor Name:ranting_C_UAID_C46516240B9BCC6302_1435491945 Label:ranting3 SpatiallyLoaded:1 Bounds:IsValid=true, Min=(X=-15826.880 Y=16025.121 Z=-33.600), Max=(X=-15629.120 Y=16141.432 Z=33.600) RuntimeGrid:None EditorOnly:0 RuntimeOnly:0 HLODRelevant:0
 |   |   |- [+] [  2]
 |   |   |   |- Guid:DD3638F9410965E401D65BA95B1D807C BaseClass:/Game/penalties/ranting2.ranting2_C NativeClass:/Script/Engine.Actor Name:ranting2_C_UAID_C46516240B9BFE6502_1155079855 Label:ranting12 SpatiallyLoaded:1 Bounds:IsValid=true, Min=(X=-6842.480 Y=-7877.124 Z=-63.600), Max=(X=-6673.520 Y=-7790.385 Z=6.118) RuntimeGrid:None EditorOnly:0 RuntimeOnly:0 HLODRelevant:0
 |   |   |- [+] [  3]
 |   |   |   |- Guid:F5E3FEB3450C49844FD93DA8E083C8AD BaseClass: NativeClass:/Script/Engine.PostProcessVolume Name:PostProcessVolume_0 Label:PostProcessVolume SpatiallyLoaded:0 Bounds:IsValid=true, Min=(X=0.000 Y=0.000 Z=400.000), Max=(X=200.000 Y=200.000 Z=600.000) RuntimeGrid:None EditorOnly:0 RuntimeOnly:0 HLODRelevant:0 FolderPath:Lighting FolderGuid:963EC3EB4002CCE9759E2EBA541A873A
 |   |   |- [+] [  4]
 |   |   |   |- Guid:CE11186B43BF56D2CA0BE5A2A0EA23E7 BaseClass:/Game/penalties/ranting.ranting_C NativeClass:/Script/Engine.Actor Name:ranting_C_UAID_C46516240B9BFE6502_1313802859 Label:ranting16 SpatiallyLoaded:1 Bounds:IsValid=true, Min=(X=-5546.880 Y=-7534.879 Z=-83.600), Max=(X=-5349.120 Y=-7418.568 Z=-16.400) RuntimeGrid:None EditorOnly:0 RuntimeOnly:0 HLODRelevant:0
 |   |   |- [+] [  5]
 |   |   |   |- Guid:5E48EC114B690667C3A9B9A32B6479EC BaseClass:/Game/penalties/ranting2.ranting2_C NativeClass:/Script/Engine.Actor Name:ranting2_C_UAID_C46516240B9BFE6502_1192546856 Label:ranting13 SpatiallyLoaded:1 Bounds:IsValid=true, Min=(X=-6743.957 Y=-6397.944 Z=-63.600), Max=(X=-6569.872 Y=-6232.416 Z=6.118) RuntimeGrid:None EditorOnly:0 RuntimeOnly:0 HLODRelevant:0
 |   |   |- [+] [  6]
 |   |   |   |- Guid:B0FE2C8B4201BA5A30046086C3D7D426 BaseClass:/Game/penalties/ranting.ranting_C NativeClass:/Script/Engine.Actor Name:ranting_C_UAID_C46516240B9BFE6502_1308871858 Label:ranting15 SpatiallyLoaded:1 Bounds:IsValid=true, Min=(X=-5556.880 Y=-6374.879 Z=-83.600), Max=(X=-5359.120 Y=-6258.568 Z=-16.400) RuntimeGrid:None EditorOnly:0 RuntimeOnly:0 HLODRelevant:0
 |   |   |- [+] [  7]
 |   |   |   |- Guid:E6687F9D4B092083B94010870F35EB6A BaseClass:/Game/penalties/ranting2.ranting2_C NativeClass:/Script/Engine.Actor Name:ranting2_C_UAID_C46516240B9BCE6302_1083450306 Label:ranting11 SpatiallyLoaded:1 Bounds:IsValid=true, Min=(X=-11347.184 Y=7470.480 Z=-63.600), Max=(X=-11214.518 Y=7652.890 Z=6.118) RuntimeGrid:None EditorOnly:0 RuntimeOnly:0 HLODRelevant:0
 |   |   |- [+] [  8]
 |   |   |   |- Guid:58E38D57448EB6893EFE3699469B9DB7 BaseClass:/Game/penalties/ranting.ranting_C NativeClass:/Script/Engine.Actor Name:ranting_C_UAID_C46516240B9BCC6302_1314857943 Label:ranting SpatiallyLoaded:1 Bounds:IsValid=true, Min=(X=-15206.880 Y=15805.121 Z=-23.600), Max=(X=-15009.120 Y=15921.432 Z=43.600) RuntimeGrid:None EditorOnly:0 RuntimeOnly:0 HLODRelevant:0
 |   |   |- [+] [  9]
 |   |   |   |- Guid:4D3BE93F4146AAAC8BBE79999D96D57F BaseClass: NativeClass:/Script/Engine.VolumetricCloud Name:VolumetricCloud_0 Label:VolumetricCloud SpatiallyLoaded:0 Bounds:IsValid=true, Min=(X=0.000 Y=0.000 Z=820.000), Max=(X=0.000 Y=0.000 Z=820.000) RuntimeGrid:None EditorOnly:0 RuntimeOnly:0 HLODRelevant:0 FolderPath:Lighting FolderGuid:963EC3EB4002CCE9759E2EBA541A873A
 |   |   |- [+] [ 10]
 |   |   |   |- Guid:DA33FC89444C83E0C02835A725D29B80 BaseClass:/Game/penalties/ranting.ranting_C NativeClass:/Script/Engine.Actor Name:ranting_C_UAID_C46516240B9BCD6302_1734676124 Label:ranting4 SpatiallyLoaded:1 Bounds:IsValid=true, Min=(X=-5476.880 Y=9585.121 Z=-83.600), Max=(X=-5279.120 Y=9701.432 Z=-16.400) RuntimeGrid:None EditorOnly:0 RuntimeOnly:0 HLODRelevant:0
 |   |   |- [+] [ 11]
 |   |   |   |- Guid:9E8F03EB402BEA7FCE0735885F26C809 BaseClass:/Game/penalties/ranting.ranting_C NativeClass:/Script/Engine.Actor Name:ranting_C_UAID_C46516240B9BCC6302_1507792947 Label:ranting5 SpatiallyLoaded:1 Bounds:IsValid=true, Min=(X=-5104.839 Y=7351.097 Z=-84.098), Max=(X=-4949.982 Y=7567.329 Z=3.679) RuntimeGrid:None EditorOnly:0 RuntimeOnly:0 HLODRelevant:0
 |   |   |- [+] [ 12]
 |   |   |   |- Guid:FB3E9FAE42EB9FD5887304A69D5AEAA7 BaseClass:/Game/penalties/ranting.ranting_C NativeClass:/Script/Engine.Actor Name:ranting_C_UAID_C46516240B9BCD6302_1793582127 Label:ranting8 SpatiallyLoaded:1 Bounds:IsValid=true, Min=(X=9223.120 Y=11425.121 Z=-53.600), Max=(X=9420.880 Y=11541.432 Z=13.600) RuntimeGrid:None EditorOnly:0 RuntimeOnly:0 HLODRelevant:0
 |   |   |- [+] [ 13]
 |   |   |   |- Guid:CCFF262C46EEFFDF319E7F9539CE697E BaseClass: NativeClass:/Script/Engine.SkyAtmosphere Name:SkyAtmosphere_0 Label:SkyAtmosphere SpatiallyLoaded:0 Bounds:IsValid=true, Min=(X=0.000 Y=0.000 Z=1020.000), Max=(X=0.000 Y=0.000 Z=1020.000) RuntimeGrid:None EditorOnly:0 RuntimeOnly:0 HLODRelevant:0 FolderPath:Lighting FolderGuid:963EC3EB4002CCE9759E2EBA541A873A
 |   |   |- [+] [ 14]
 |   |   |   |- Guid:EC4E0C944CE6AC6E784BC6BB2916EA13 BaseClass: NativeClass:/Script/Engine.StaticMeshActor Name:StaticMeshActor_UAID_A4AE111137DC5EFB00_1110535423 Label:SM_SkySphere SpatiallyLoaded:0 Bounds:IsValid=true, Min=(X=-1638400.000 Y=-1638400.000 Z=-1638400.000), Max=(X=1638400.000 Y=1638400.000 Z=1638400.000) RuntimeGrid:None EditorOnly:0 RuntimeOnly:0 HLODRelevant:1 FolderPath:Lighting FolderGuid:963EC3EB4002CCE9759E2EBA541A873A
 |   |   |- [+] [ 15]
 |   |   |   |- Guid:946A82B544BB6ADAD68820B5DC322F7D BaseClass:/Game/NewBlueprint.NewBlueprint_C NativeClass:/Script/Engine.Actor Name:NewBlueprint_C_UAID_EC5C68359F20976102_1171903504 Label:NewBlueprint SpatiallyLoaded:1 Bounds:IsValid=true, Min=(X=-151431.413 Y=-98443.040 Z=-13826.379), Max=(X=135659.221 Y=171404.208 Z=12639.673) RuntimeGrid:None EditorOnly:0 RuntimeOnly:0 HLODRelevant:0
 |   |   |- [+] [ 16]
 |   |   |   |- Guid:B785ED2844B84CFB91E7F39FE661CD99 BaseClass: NativeClass:/Script/Engine.DirectionalLight Name:DirectionalLight_0 Label:DirectionalLight SpatiallyLoaded:0 Bounds:IsValid=true, Min=(X=-1048576.000 Y=-1048576.000 Z=-1048576.000), Max=(X=1048576.000 Y=1048576.000 Z=1048576.000) RuntimeGrid:None EditorOnly:0 RuntimeOnly:0 HLODRelevant:0 FolderPath:Lighting FolderGuid:963EC3EB4002CCE9759E2EBA541A873A
 |   |   |- [+] [ 17]
 |   |   |   |- Guid:8C6EAC0D49E4149DF470A2BFFBFE4E17 BaseClass:/Game/penalties/ranting2.ranting2_C NativeClass:/Script/Engine.Actor Name:ranting2_C_UAID_C46516240B9BCD6302_2023691129 Label:ranting10 SpatiallyLoaded:1 Bounds:IsValid=true, Min=(X=9197.520 Y=14832.876 Z=-63.600), Max=(X=9366.480 Y=14919.615 Z=6.118) RuntimeGrid:None EditorOnly:0 RuntimeOnly:0 HLODRelevant:0
 |   |   |- [+] [ 18]
 |   |   |   |- Guid:1AAB92A344792BD4FCBF59A875E6C596 BaseClass:/Game/penalties/ranting.ranting_C NativeClass:/Script/Engine.Actor Name:ranting_C_UAID_C46516240B9BCD6302_1766011125 Label:ranting6 SpatiallyLoaded:1 Bounds:IsValid=true, Min=(X=9063.120 Y=14005.121 Z=-63.600), Max=(X=9260.880 Y=14121.432 Z=3.600) RuntimeGrid:None EditorOnly:0 RuntimeOnly:0 HLODRelevant:0
 |   |   |- [+] [ 19]
 |   |   |   |- Guid:316CF2A6494ACA4C0E4180A87D36AB8F BaseClass: NativeClass:/Script/Engine.ExponentialHeightFog Name:ExponentialHeightFog_0 Label:ExponentialHeightFog SpatiallyLoaded:0 Bounds:IsValid=true, Min=(X=-5600.000 Y=-50.000 Z=-6850.000), Max=(X=-5600.000 Y=-50.000 Z=-6850.000) RuntimeGrid:None EditorOnly:0 RuntimeOnly:0 HLODRelevant:0 FolderPath:Lighting FolderGuid:963EC3EB4002CCE9759E2EBA541A873A
 |   |   |- [+] [ 20]
 |   |   |   |- Guid:F1924B8D48954B30891B2DB6A694F9CC BaseClass: NativeClass:/Script/Engine.StaticMeshActor Name:StaticMeshActor_1 Label:SM_Cube SpatiallyLoaded:1 Bounds:IsValid=true, Min=(X=-40834.000 Y=-46327.107 Z=-1559.000), Max=(X=49165.998 Y=58672.891 Z=-59.000) RuntimeGrid:None EditorOnly:0 RuntimeOnly:0 HLODRelevant:1 FolderPath:Playground FolderGuid:C73F09FC4215536B1DCE2A9E0A830C70
 |   |   |- [+] [ 21]
 |   |   |   |- Guid:F42A2B054B6A75FABE85BF86A3E71AFB BaseClass:/Game/penalties/Kolam.Kolam_C NativeClass:/Script/Engine.Actor Name:Kolam_C_UAID_C46516240B9B016602_1836691388 Label:Kolam SpatiallyLoaded:1 Bounds:IsValid=true, Min=(X=-30304.256 Y=-21402.143 Z=-1118.075), Max=(X=-27586.784 Y=-18200.092 Z=1185.542) RuntimeGrid:None EditorOnly:0 RuntimeOnly:0 HLODRelevant:0
 |   |   |- [+] [ 22]
 |   |   |   |- Guid:B3F8F6704EEA08FC4D7F948F09CBC27C BaseClass:/Game/penalties/ranting.ranting_C NativeClass:/Script/Engine.Actor Name:ranting_C_UAID_C46516240B9BFE6502_1271102857 Label:ranting14 SpatiallyLoaded:1 Bounds:IsValid=true, Min=(X=-5566.880 Y=-6934.879 Z=-73.600), Max=(X=-5369.120 Y=-6818.568 Z=-6.400) RuntimeGrid:None EditorOnly:0 RuntimeOnly:0 HLODRelevant:0
 |   |   |- [+] [ 23]
 |   |   |   |- Guid:79AB3BA54AD884F31BDDC2A97D1FE14F BaseClass:/Game/penalties/ranting.ranting_C NativeClass:/Script/Engine.Actor Name:ranting_C_UAID_C46516240B9BCC6302_1431703944 Label:ranting2 SpatiallyLoaded:1 Bounds:IsValid=true, Min=(X=-16566.880 Y=15985.121 Z=-43.600), Max=(X=-16369.120 Y=16101.432 Z=23.600) RuntimeGrid:None EditorOnly:0 RuntimeOnly:0 HLODRelevant:0
 |   |   |- [+] [ 24]
 |   |   |   |- Guid:2FB58999456391D349DC0F86DAC136ED BaseClass: NativeClass:/Script/Engine.SkyLight Name:SkyLight_1 Label:SkyLight SpatiallyLoaded:0 Bounds:IsValid=true, Min=(X=0.000 Y=0.000 Z=690.000), Max=(X=0.000 Y=0.000 Z=690.000) RuntimeGrid:None EditorOnly:0 RuntimeOnly:0 HLODRelevant:0 FolderPath:Lighting FolderGuid:963EC3EB4002CCE9759E2EBA541A873A
 |   |   |- [+] [ 25]
 |   |   |   |- Guid:C97465A841649D61CA1F0B9F01CDE38E BaseClass:/Game/penalties/wavyshark/source/water_pool.water_pool_C NativeClass:/Script/Engine.Actor Name:water_pool_C_UAID_C46516240B9B316802_1663205944 Label:water_pool SpatiallyLoaded:1 Bounds:IsValid=true, Min=(X=-30316.708 Y=-21645.972 Z=-1194.687), Max=(X=-27763.693 Y=-17952.150 Z=1269.975) RuntimeGrid:None EditorOnly:0 RuntimeOnly:0 HLODRelevant:0
 |   |   |- [+] [ 26]
 |   |   |   |- Guid:C8A65A864E0A894ED9ACB38BAE1685D3 BaseClass:/Game/penalties/ranting.ranting_C NativeClass:/Script/Engine.Actor Name:ranting_C_UAID_C46516240B9BCD6302_1771913126 Label:ranting7 SpatiallyLoaded:1 Bounds:IsValid=true, Min=(X=9643.120 Y=15315.121 Z=-83.600), Max=(X=9840.880 Y=15431.432 Z=-16.400) RuntimeGrid:None EditorOnly:0 RuntimeOnly:0 HLODRelevant:0
 |   |   |- [+] [ 27]
 |   |   |   |- Guid:F9A6A48049933399B680C98E17D75397 BaseClass:/Game/penalties/ranting.ranting_C NativeClass:/Script/Engine.Actor Name:ranting_C_UAID_C46516240B9BCD6302_1800597128 Label:ranting9 SpatiallyLoaded:1 Bounds:IsValid=true, Min=(X=8474.290 Y=11435.833 Z=-73.600), Max=(X=8620.532 Y=11645.349 Z=-6.400) RuntimeGrid:None EditorOnly:0 RuntimeOnly:0 HLODRelevant:0
 |   |   |- [+] [ 28]
 |   |   |   |- Guid:3A00AA1C422CE54C0BDB60BAF471BFBB BaseClass: NativeClass:/Script/Engine.PlayerStart Name:PlayerStart_0 Label:PlayerStart SpatiallyLoaded:0 Bounds:IsValid=true, Min=(X=-6005.206 Y=8514.794 Z=620.013), Max=(X=-5894.794 Y=8625.206 Z=804.013) RuntimeGrid:None EditorOnly:0 RuntimeOnly:0 HLODRelevant:0
 |   |   |- [+] [ 29]
 |   |   |   |- Guid:222FFC7744A4F526278F4881FFE49ACE BaseClass:/Game/penalties/Kolam.Kolam_C NativeClass:/Script/Engine.Actor Name:Kolam_C_UAID_C46516240B9B326802_1808205119 Label:Kolam2 SpatiallyLoaded:1 Bounds:IsValid=true, Min=(X=-9616.921 Y=5837.645 Z=-38.783), Max=(X=-9463.079 Y=5942.355 Z=38.783) RuntimeGrid:None EditorOnly:0 RuntimeOnly:0 HLODRelevant:0
 |   |   |- [+] [ 30]
 |   |   |   |- Guid:9064208D4959A7B89D6A11BCB43DDF5B BaseClass:/Game/penalties/Kolam.Kolam_C NativeClass:/Script/Engine.Actor Name:Kolam_C_UAID_C46516240B9B346802_1194336472 Label:Kolam3 SpatiallyLoaded:1 Bounds:IsValid=true, Min=(X=-26719.744 Y=-20892.027 Z=-725.381), Max=(X=-25071.296 Y=-18750.209 Z=792.848) RuntimeGrid:None EditorOnly:0 RuntimeOnly:0 HLODRelevant:0
 |- ContainerInstances:
 |- [+] MainContainer:
 |   |-        ID: 0x0000000000000000
 |   |-    Bounds: IsValid=false, Min=(X=0.000 Y=0.000 Z=0.000), Max=(X=0.000 Y=0.000 Z=0.000)
 |   |- Transform: 0.000000,0.000000,0.000000|0.000000,0.000000,-0.000000|1.000000,1.000000,1.000000
 |   |- Container: /Game/ThirdPerson/Maps/ThirdPersonMap
----------------------------------------------------------------------------------------------------------------
ThirdPersonMap - Persistent Level
----------------------------------------------------------------------------------------------------------------
Always loaded Actor Count: 38 

----------------------------------------------------------------------------------------------------------------
ThirdPersonMap - Runtime Spatial Hash - Streaming Grid - MainGrid
----------------------------------------------------------------------------------------------------------------
            Origin: X=0.000 Y=0.000 Z=0.000
         Cell Size: 12800
      World Bounds: IsValid=false, Min=(X=0.000 Y=0.000 Z=0.000), Max=(X=0.000 Y=0.000 Z=0.000)
     Loading Range: 25600.00
Block Slow Loading: No
 ClientOnlyVisible: No

[+] Grid Levels: 1
 |- Level  0: Cell Count    0 | Cell Size   12800 | Actor Count    0 (0.0%)

[+] Content of Grid Level 0

