[+] Containers:
 |- [+] Container: /Game/ThirdPerson/Maps/ThirdPersonMap
 |   |- [+] ActorDescs:
 |   |   |- Guid:04188468459FB9F965ACA49918964474 BaseClass:/Game/penalties/ranting.ranting_C NativeClass:/Script/Engine.Actor Name:ranting_C_UAID_C46516240B9B517102_1709631080 Label:ranting18 SpatiallyLoaded:1 Bounds:IsValid=true, Min=(X=28103.343 Y=-17485.735 Z=-100.853), Max=(X=28484.363 Y=-17261.639 Z=40.853) RuntimeGrid:None EditorOnly:0 RuntimeOnly:0 HLODRelevant:0
 |   |   |- Guid:0A1ED24C4FEA7C22407C1D9C67850EE6 BaseClass:/Game/penalties/ranting.ranting_C NativeClass:/Script/Engine.Actor Name:ranting_C_UAID_C46516240B9B4F7102_1832489737 Label:ranting27 SpatiallyLoaded:1 Bounds:IsValid=true, Min=(X=9085.958 Y=14413.384 Z=-83.600), Max=(X=9257.688 Y=14630.227 Z=-16.400) RuntimeGrid:None EditorOnly:0 RuntimeOnly:0 HLODRelevant:0
 |   |   |- Guid:1AAB92A344792BD4FCBF59A875E6C596 BaseClass:/Game/penalties/ranting.ranting_C NativeClass:/Script/Engine.Actor Name:ranting_C_UAID_C46516240B9BCD6302_1766011125 Label:ranting6 SpatiallyLoaded:1 Bounds:IsValid=true, Min=(X=9063.120 Y=13955.121 Z=-73.600), Max=(X=9260.880 Y=14071.432 Z=-6.400) RuntimeGrid:None EditorOnly:0 RuntimeOnly:0 HLODRelevant:0
 |   |   |- Guid:222FFC7744A4F526278F4881FFE49ACE BaseClass:/Game/penalties/Kolam.Kolam_C NativeClass:/Script/Engine.Actor Name:Kolam_C_UAID_C46516240B9B326802_1808205119 Label:Kolam2 SpatiallyLoaded:1 Bounds:IsValid=true, Min=(X=-9616.921 Y=5837.645 Z=-38.783), Max=(X=-9463.079 Y=5942.355 Z=38.783) RuntimeGrid:None EditorOnly:0 RuntimeOnly:0 HLODRelevant:0
 |   |   |- Guid:28B6C19D46D22A313C712C99296EB4CA BaseClass:/Game/penalties/ranting.ranting_C NativeClass:/Script/Engine.Actor Name:ranting_C_UAID_C46516240B9B4F7102_1679212732 Label:ranting22 SpatiallyLoaded:1 Bounds:IsValid=true, Min=(X=19973.120 Y=-5564.879 Z=-73.600), Max=(X=20170.880 Y=-5448.568 Z=-6.400) RuntimeGrid:None EditorOnly:0 RuntimeOnly:0 HLODRelevant:0
 |   |   |- Guid:2B51DBBA4F75525DCC6DDB9DBE965FE8 BaseClass:/Game/penalties/ranting.ranting_C NativeClass:/Script/Engine.Actor Name:ranting_C_UAID_C46516240B9B517102_1689127079 Label:ranting17 SpatiallyLoaded:1 Bounds:IsValid=true, Min=(X=27283.343 Y=-16945.735 Z=-100.853), Max=(X=27664.364 Y=-16721.639 Z=40.853) RuntimeGrid:None EditorOnly:0 RuntimeOnly:0 HLODRelevant:0
 |   |   |- Guid:2FB58999456391D349DC0F86DAC136ED BaseClass: NativeClass:/Script/Engine.SkyLight Name:SkyLight_1 Label:SkyLight SpatiallyLoaded:0 Bounds:IsValid=true, Min=(X=0.000 Y=0.000 Z=690.000), Max=(X=0.000 Y=0.000 Z=690.000) RuntimeGrid:None EditorOnly:0 RuntimeOnly:0 HLODRelevant:0 FolderPath:Lighting FolderGuid:963EC3EB4002CCE9759E2EBA541A873A
 |   |   |- Guid:316CF2A6494ACA4C0E4180A87D36AB8F BaseClass: NativeClass:/Script/Engine.ExponentialHeightFog Name:ExponentialHeightFog_0 Label:ExponentialHeightFog SpatiallyLoaded:0 Bounds:IsValid=true, Min=(X=-5600.000 Y=-50.000 Z=-6850.000), Max=(X=-5600.000 Y=-50.000 Z=-6850.000) RuntimeGrid:None EditorOnly:0 RuntimeOnly:0 HLODRelevant:0 FolderPath:Lighting FolderGuid:963EC3EB4002CCE9759E2EBA541A873A
 |   |   |- Guid:357793A54B1276C944579793EB873620 BaseClass:/Game/penalties/ranting2.ranting2_C NativeClass:/Script/Engine.Actor Name:ranting2_C_UAID_C46516240B9B4F7102_1577922729 Label:ranting19 SpatiallyLoaded:1 Bounds:IsValid=true, Min=(X=-3552.480 Y=8552.876 Z=-63.600), Max=(X=-3383.520 Y=8639.615 Z=6.118) RuntimeGrid:None EditorOnly:0 RuntimeOnly:0 HLODRelevant:0
 |   |   |- Guid:3A00AA1C422CE54C0BDB60BAF471BFBB BaseClass: NativeClass:/Script/Engine.PlayerStart Name:PlayerStart_0 Label:PlayerStart SpatiallyLoaded:0 Bounds:IsValid=true, Min=(X=-6790.518 Y=8519.882 Z=126.231), Max=(X=-6709.482 Y=8620.118 Z=317.794) RuntimeGrid:None EditorOnly:0 RuntimeOnly:0 HLODRelevant:0
 |   |   |- Guid:3BBB09484F5F7716337F73AFBEB61357 BaseClass:/Game/penalties/ranting.ranting_C NativeClass:/Script/Engine.Actor Name:ranting_C_UAID_C46516240B9B4F7102_1770985736 Label:ranting26 SpatiallyLoaded:1 Bounds:IsValid=true, Min=(X=23433.120 Y=-3604.879 Z=-73.600), Max=(X=23630.880 Y=-3488.568 Z=-6.400) RuntimeGrid:None EditorOnly:0 RuntimeOnly:0 HLODRelevant:0
 |   |   |- Guid:4135D3324B73994D4D8A9790A8D2F167 BaseClass:/Game/penalties/ranting.ranting_C NativeClass:/Script/Engine.Actor Name:ranting_C_UAID_C46516240B9BCC6302_1435491945 Label:ranting3 SpatiallyLoaded:1 Bounds:IsValid=true, Min=(X=-15826.880 Y=16025.121 Z=-33.600), Max=(X=-15629.120 Y=16141.432 Z=33.600) RuntimeGrid:None EditorOnly:0 RuntimeOnly:0 HLODRelevant:0
 |   |   |- Guid:423DBED7419537160CC55C8797C45CF3 BaseClass:/Game/penalties/wavyshark/source/water_pool.water_pool_C NativeClass:/Script/Engine.Actor Name:water_pool_C_UAID_C46516240B9B646A02_1115422037 Label:water_pool3 SpatiallyLoaded:1 Bounds:IsValid=true, Min=(X=21549.216 Y=-8708.489 Z=-647.397), Max=(X=24990.243 Y=-3729.849 Z=651.385) RuntimeGrid:None EditorOnly:0 RuntimeOnly:0 HLODRelevant:0
 |   |   |- Guid:44C178BE4BCC54A6FBB92A9E08CB9BF7 BaseClass:/Game/penalties/ranting.ranting_C NativeClass:/Script/Engine.Actor Name:ranting_C_UAID_C46516240B9B4F7102_1890323742 Label:ranting32 SpatiallyLoaded:1 Bounds:IsValid=true, Min=(X=14085.002 Y=5435.355 Z=-83.600), Max=(X=14277.001 Y=5652.938 Z=-16.400) RuntimeGrid:None EditorOnly:0 RuntimeOnly:0 HLODRelevant:0
 |   |   |- Guid:4D3BE93F4146AAAC8BBE79999D96D57F BaseClass: NativeClass:/Script/Engine.VolumetricCloud Name:VolumetricCloud_0 Label:VolumetricCloud SpatiallyLoaded:0 Bounds:IsValid=true, Min=(X=0.000 Y=0.000 Z=820.000), Max=(X=0.000 Y=0.000 Z=820.000) RuntimeGrid:None EditorOnly:0 RuntimeOnly:0 HLODRelevant:0 FolderPath:Lighting FolderGuid:963EC3EB4002CCE9759E2EBA541A873A
 |   |   |- Guid:58E38D57448EB6893EFE3699469B9DB7 BaseClass:/Game/penalties/ranting.ranting_C NativeClass:/Script/Engine.Actor Name:ranting_C_UAID_C46516240B9BCC6302_1314857943 Label:ranting SpatiallyLoaded:1 Bounds:IsValid=true, Min=(X=-15206.880 Y=15805.121 Z=-23.600), Max=(X=-15009.120 Y=15921.432 Z=43.600) RuntimeGrid:None EditorOnly:0 RuntimeOnly:0 HLODRelevant:0
 |   |   |- Guid:5A08832B46915E1DF15AB790D379C817 BaseClass:/Game/penalties/wavyshark/source/water_pool.water_pool_C NativeClass:/Script/Engine.Actor Name:water_pool_C_UAID_C46516240B9B636A02_1223621855 Label:water_pool2 SpatiallyLoaded:1 Bounds:IsValid=true, Min=(X=-26813.907 Y=-21147.351 Z=-258.913), Max=(X=-25146.355 Y=-18752.046 Z=203.010) RuntimeGrid:None EditorOnly:0 RuntimeOnly:0 HLODRelevant:0
 |   |   |- Guid:5E48EC114B690667C3A9B9A32B6479EC BaseClass:/Game/penalties/ranting2.ranting2_C NativeClass:/Script/Engine.Actor Name:ranting2_C_UAID_C46516240B9BFE6502_1192546856 Label:ranting13 SpatiallyLoaded:1 Bounds:IsValid=true, Min=(X=-6743.957 Y=-6397.944 Z=-63.600), Max=(X=-6569.872 Y=-6232.416 Z=6.118) RuntimeGrid:None EditorOnly:0 RuntimeOnly:0 HLODRelevant:0
 |   |   |- Guid:63EEDAA44ACB84580446F0AC2A77B422 BaseClass:/Game/penalties/ranting.ranting_C NativeClass:/Script/Engine.Actor Name:ranting_C_UAID_C46516240B9B4F7102_1504874728 Label:ranting18 SpatiallyLoaded:1 Bounds:IsValid=true, Min=(X=-6066.880 Y=10355.121 Z=-83.600), Max=(X=-5869.120 Y=10471.432 Z=-16.400) RuntimeGrid:None EditorOnly:0 RuntimeOnly:0 HLODRelevant:0
 |   |   |- Guid:6A837B9C48C95BD0622680BD12A4625A BaseClass:/Game/penalties/ranting.ranting_C NativeClass:/Script/Engine.Actor Name:ranting_C_UAID_C46516240B9B4F7102_1968767743 Label:ranting33 SpatiallyLoaded:1 Bounds:IsValid=true, Min=(X=14602.608 Y=5738.408 Z=-83.600), Max=(X=14809.042 Y=5953.006 Z=-16.400) RuntimeGrid:None EditorOnly:0 RuntimeOnly:0 HLODRelevant:0
 |   |   |- Guid:6BAF4DDD444C60371492D3919DB42C97 BaseClass: NativeClass:/Script/Engine.WorldDataLayers Name:WorldDataLayers Label:WorldDataLayers SpatiallyLoaded:0 Bounds:IsValid=true, Min=(X=0.000 Y=0.000 Z=0.000), Max=(X=0.000 Y=0.000 Z=0.000) RuntimeGrid:None EditorOnly:0 RuntimeOnly:0 HLODRelevant:0
 |   |   |- Guid:6F946655415D4728CA5333A8BDFF26A6 BaseClass:/Game/penalties/ranting2.ranting2_C NativeClass:/Script/Engine.Actor Name:ranting2_C_UAID_C46516240B9B4F7102_1861697738 Label:ranting28 SpatiallyLoaded:1 Bounds:IsValid=true, Min=(X=13657.520 Y=6022.876 Z=-63.600), Max=(X=13826.480 Y=6109.615 Z=6.118) RuntimeGrid:None EditorOnly:0 RuntimeOnly:0 HLODRelevant:0
 |   |   |- Guid:7238613948B941CF73472CA3576EAB9B BaseClass:/Game/penalties/ranting.ranting_C NativeClass:/Script/Engine.Actor Name:ranting_C_UAID_C46516240B9B4F7102_1885646741 Label:ranting31 SpatiallyLoaded:1 Bounds:IsValid=true, Min=(X=13403.120 Y=5475.121 Z=-63.600), Max=(X=13600.880 Y=5591.432 Z=3.600) RuntimeGrid:None EditorOnly:0 RuntimeOnly:0 HLODRelevant:0
 |   |   |- Guid:7949A94A4B37DC04E5A380A043FCAE2D BaseClass:/Game/penalties/ranting2.ranting2_C NativeClass:/Script/Engine.Actor Name:ranting2_C_UAID_C46516240B9B4F7102_1878373740 Label:ranting30 SpatiallyLoaded:1 Bounds:IsValid=true, Min=(X=14167.520 Y=6482.876 Z=-63.600), Max=(X=14336.480 Y=6569.615 Z=6.118) RuntimeGrid:None EditorOnly:0 RuntimeOnly:0 HLODRelevant:0
 |   |   |- Guid:794E2A1D421D69EACBF3A7804F4FC261 BaseClass:/Game/penalties/ranting.ranting_C NativeClass:/Script/Engine.Actor Name:ranting_C_UAID_C46516240B9B4F7102_2000456744 Label:ranting34 SpatiallyLoaded:1 Bounds:IsValid=true, Min=(X=14348.986 Y=6165.425 Z=-83.600), Max=(X=14555.420 Y=6380.022 Z=-16.400) RuntimeGrid:None EditorOnly:0 RuntimeOnly:0 HLODRelevant:0
 |   |   |- Guid:79AB3BA54AD884F31BDDC2A97D1FE14F BaseClass:/Game/penalties/ranting.ranting_C NativeClass:/Script/Engine.Actor Name:ranting_C_UAID_C46516240B9BCC6302_1431703944 Label:ranting2 SpatiallyLoaded:1 Bounds:IsValid=true, Min=(X=-16566.880 Y=15985.121 Z=-43.600), Max=(X=-16369.120 Y=16101.432 Z=23.600) RuntimeGrid:None EditorOnly:0 RuntimeOnly:0 HLODRelevant:0
 |   |   |- Guid:807B3A8D423270D06443CAA21C780FCE BaseClass:/Game/penalties/ranting.ranting_C NativeClass:/Script/Engine.Actor Name:ranting_C_UAID_C46516240B9B4F7102_1761482735 Label:ranting25 SpatiallyLoaded:1 Bounds:IsValid=true, Min=(X=23423.120 Y=-4194.879 Z=-73.600), Max=(X=23620.880 Y=-4078.568 Z=-6.400) RuntimeGrid:None EditorOnly:0 RuntimeOnly:0 HLODRelevant:0
 |   |   |- Guid:89EC164E458B92214DC43E9F6E3BCFE3 BaseClass:/Game/penalties/ranting.ranting_C NativeClass:/Script/Engine.Actor Name:ranting_C_UAID_C46516240B9B4F7102_1499540727 Label:ranting17 SpatiallyLoaded:1 Bounds:IsValid=true, Min=(X=-5656.880 Y=9595.121 Z=-73.600), Max=(X=-5459.120 Y=9711.432 Z=-6.400) RuntimeGrid:None EditorOnly:0 RuntimeOnly:0 HLODRelevant:0
 |   |   |- Guid:8A4EF16A437FF4465985F88EAC497C02 BaseClass:/Game/penalties/ranting.ranting_C NativeClass:/Script/Engine.Actor Name:ranting_C_UAID_C46516240B9B517102_1856918083 Label:ranting21 SpatiallyLoaded:1 Bounds:IsValid=true, Min=(X=38804.385 Y=-9314.726 Z=-90.460), Max=(X=39024.008 Y=-9001.790 Z=10.460) RuntimeGrid:None EditorOnly:0 RuntimeOnly:0 HLODRelevant:0
 |   |   |- Guid:8C6EAC0D49E4149DF470A2BFFBFE4E17 BaseClass:/Game/penalties/ranting2.ranting2_C NativeClass:/Script/Engine.Actor Name:ranting2_C_UAID_C46516240B9BCD6302_2023691129 Label:ranting10 SpatiallyLoaded:1 Bounds:IsValid=true, Min=(X=9197.520 Y=14832.876 Z=-63.600), Max=(X=9366.480 Y=14919.615 Z=6.118) RuntimeGrid:None EditorOnly:0 RuntimeOnly:0 HLODRelevant:0
 |   |   |- Guid:9064208D4959A7B89D6A11BCB43DDF5B BaseClass:/Game/penalties/Kolam.Kolam_C NativeClass:/Script/Engine.Actor Name:Kolam_C_UAID_C46516240B9B346802_1194336472 Label:Kolam3 SpatiallyLoaded:1 Bounds:IsValid=true, Min=(X=-26772.491 Y=-20985.081 Z=-698.012), Max=(X=-25198.548 Y=-18917.155 Z=765.479) RuntimeGrid:None EditorOnly:0 RuntimeOnly:0 HLODRelevant:0
 |   |   |- Guid:946A82B544BB6ADAD68820B5DC322F7D BaseClass:/Game/NewBlueprint.NewBlueprint_C NativeClass:/Script/Engine.Actor Name:NewBlueprint_C_UAID_EC5C68359F20976102_1171903504 Label:NewBlueprint SpatiallyLoaded:1 Bounds:IsValid=true, Min=(X=-151431.413 Y=-98443.040 Z=-13826.379), Max=(X=135659.221 Y=171404.208 Z=12639.673) RuntimeGrid:None EditorOnly:0 RuntimeOnly:0 HLODRelevant:0
 |   |   |- Guid:95194CF94BA6042D53EFDCAEC31BDE00 BaseClass:/Game/penalties/ranting.ranting_C NativeClass:/Script/Engine.Actor Name:ranting_C_UAID_C46516240B9B4F7102_1697755733 Label:ranting23 SpatiallyLoaded:1 Bounds:IsValid=true, Min=(X=20433.120 Y=-6584.879 Z=-73.600), Max=(X=20630.880 Y=-6468.568 Z=-6.400) RuntimeGrid:None EditorOnly:0 RuntimeOnly:0 HLODRelevant:0
 |   |   |- Guid:9E8F03EB402BEA7FCE0735885F26C809 BaseClass:/Game/penalties/ranting.ranting_C NativeClass:/Script/Engine.Actor Name:ranting_C_UAID_C46516240B9BCC6302_1507792947 Label:ranting5 SpatiallyLoaded:1 Bounds:IsValid=true, Min=(X=-5104.839 Y=7351.097 Z=-84.098), Max=(X=-4949.982 Y=7567.329 Z=3.679) RuntimeGrid:None EditorOnly:0 RuntimeOnly:0 HLODRelevant:0
 |   |   |- Guid:AEE6DC1744FD74E594D8C3B814F1CFD2 BaseClass:/Game/penalties/ranting.ranting_C NativeClass:/Script/Engine.Actor Name:ranting_C_UAID_C46516240B9B4F7102_1664942731 Label:ranting21 SpatiallyLoaded:1 Bounds:IsValid=true, Min=(X=19782.014 Y=-5891.530 Z=-73.600), Max=(X=19996.616 Y=-5719.800 Z=-6.400) RuntimeGrid:None EditorOnly:0 RuntimeOnly:0 HLODRelevant:0
 |   |   |- Guid:AF9B8044412ABE6D8BB01680F6F6E912 BaseClass:/Game/penalties/ranting.ranting_C NativeClass:/Script/Engine.Actor Name:ranting_C_UAID_C46516240B9B4F7102_1723011734 Label:ranting24 SpatiallyLoaded:1 Bounds:IsValid=true, Min=(X=20546.152 Y=-6762.595 Z=-73.600), Max=(X=20760.754 Y=-6590.865 Z=-6.400) RuntimeGrid:None EditorOnly:0 RuntimeOnly:0 HLODRelevant:0
 |   |   |- Guid:B0FE2C8B4201BA5A30046086C3D7D426 BaseClass:/Game/penalties/ranting.ranting_C NativeClass:/Script/Engine.Actor Name:ranting_C_UAID_C46516240B9BFE6502_1308871858 Label:ranting15 SpatiallyLoaded:1 Bounds:IsValid=true, Min=(X=-5556.880 Y=-6374.879 Z=-83.600), Max=(X=-5359.120 Y=-6258.568 Z=-16.400) RuntimeGrid:None EditorOnly:0 RuntimeOnly:0 HLODRelevant:0
 |   |   |- Guid:B3F8F6704EEA08FC4D7F948F09CBC27C BaseClass:/Game/penalties/ranting.ranting_C NativeClass:/Script/Engine.Actor Name:ranting_C_UAID_C46516240B9BFE6502_1271102857 Label:ranting14 SpatiallyLoaded:1 Bounds:IsValid=true, Min=(X=-5566.880 Y=-6934.879 Z=-73.600), Max=(X=-5369.120 Y=-6818.568 Z=-6.400) RuntimeGrid:None EditorOnly:0 RuntimeOnly:0 HLODRelevant:0
 |   |   |- Guid:B785ED2844B84CFB91E7F39FE661CD99 BaseClass: NativeClass:/Script/Engine.DirectionalLight Name:DirectionalLight_0 Label:DirectionalLight SpatiallyLoaded:0 Bounds:IsValid=true, Min=(X=-1048576.000 Y=-1048576.000 Z=-1048576.000), Max=(X=1048576.000 Y=1048576.000 Z=1048576.000) RuntimeGrid:None EditorOnly:0 RuntimeOnly:0 HLODRelevant:0 FolderPath:Lighting FolderGuid:963EC3EB4002CCE9759E2EBA541A873A
 |   |   |- Guid:C89EC1B548B9E07302D6C5B1710E916A BaseClass:/Game/penalties/Kolam.Kolam_C NativeClass:/Script/Engine.Actor Name:Kolam_C_UAID_C46516240B9B646A02_1115420036 Label:Kolam4 SpatiallyLoaded:1 Bounds:IsValid=true, Min=(X=21493.410 Y=-8290.098 Z=-1438.202), Max=(X=25117.297 Y=-4160.397 Z=1552.589) RuntimeGrid:None EditorOnly:0 RuntimeOnly:0 HLODRelevant:0
 |   |   |- Guid:C8A65A864E0A894ED9ACB38BAE1685D3 BaseClass:/Game/penalties/ranting.ranting_C NativeClass:/Script/Engine.Actor Name:ranting_C_UAID_C46516240B9BCD6302_1771913126 Label:ranting7 SpatiallyLoaded:1 Bounds:IsValid=true, Min=(X=9643.120 Y=15315.121 Z=-83.600), Max=(X=9840.880 Y=15431.432 Z=-16.400) RuntimeGrid:None EditorOnly:0 RuntimeOnly:0 HLODRelevant:0
 |   |   |- Guid:C97465A841649D61CA1F0B9F01CDE38E BaseClass:/Game/penalties/wavyshark/source/water_pool.water_pool_C NativeClass:/Script/Engine.Actor Name:water_pool_C_UAID_C46516240B9B316802_1663205944 Label:water_pool SpatiallyLoaded:1 Bounds:IsValid=true, Min=(X=-30316.708 Y=-21685.972 Z=-279.677), Max=(X=-27763.693 Y=-17992.150 Z=161.824) RuntimeGrid:None EditorOnly:0 RuntimeOnly:0 HLODRelevant:0
 |   |   |- Guid:CCFF262C46EEFFDF319E7F9539CE697E BaseClass: NativeClass:/Script/Engine.SkyAtmosphere Name:SkyAtmosphere_0 Label:SkyAtmosphere SpatiallyLoaded:0 Bounds:IsValid=true, Min=(X=0.000 Y=0.000 Z=1020.000), Max=(X=0.000 Y=0.000 Z=1020.000) RuntimeGrid:None EditorOnly:0 RuntimeOnly:0 HLODRelevant:0 FolderPath:Lighting FolderGuid:963EC3EB4002CCE9759E2EBA541A873A
 |   |   |- Guid:CE11186B43BF56D2CA0BE5A2A0EA23E7 BaseClass:/Game/penalties/ranting.ranting_C NativeClass:/Script/Engine.Actor Name:ranting_C_UAID_C46516240B9BFE6502_1313802859 Label:ranting16 SpatiallyLoaded:1 Bounds:IsValid=true, Min=(X=-5546.880 Y=-7534.879 Z=-83.600), Max=(X=-5349.120 Y=-7418.568 Z=-16.400) RuntimeGrid:None EditorOnly:0 RuntimeOnly:0 HLODRelevant:0
 |   |   |- Guid:DA33FC89444C83E0C02835A725D29B80 BaseClass:/Game/penalties/ranting.ranting_C NativeClass:/Script/Engine.Actor Name:ranting_C_UAID_C46516240B9BCD6302_1734676124 Label:ranting4 SpatiallyLoaded:1 Bounds:IsValid=true, Min=(X=-5476.880 Y=9585.121 Z=-73.600), Max=(X=-5279.120 Y=9701.432 Z=-6.400) RuntimeGrid:None EditorOnly:0 RuntimeOnly:0 HLODRelevant:0
 |   |   |- Guid:DC524CEA41EDB432D3EBECADBC0CC02B BaseClass:/Game/penalties/ranting.ranting_C NativeClass:/Script/Engine.Actor Name:ranting_C_UAID_C46516240B9B4F7102_1600444730 Label:ranting20 SpatiallyLoaded:1 Bounds:IsValid=true, Min=(X=-5246.880 Y=8475.121 Z=-73.600), Max=(X=-5049.120 Y=8591.432 Z=-6.400) RuntimeGrid:None EditorOnly:0 RuntimeOnly:0 HLODRelevant:0
 |   |   |- Guid:DD3638F9410965E401D65BA95B1D807C BaseClass:/Game/penalties/ranting2.ranting2_C NativeClass:/Script/Engine.Actor Name:ranting2_C_UAID_C46516240B9BFE6502_1155079855 Label:ranting12 SpatiallyLoaded:1 Bounds:IsValid=true, Min=(X=-6842.480 Y=-7877.124 Z=-63.600), Max=(X=-6673.520 Y=-7790.385 Z=6.118) RuntimeGrid:None EditorOnly:0 RuntimeOnly:0 HLODRelevant:0
 |   |   |- Guid:E6687F9D4B092083B94010870F35EB6A BaseClass:/Game/penalties/ranting2.ranting2_C NativeClass:/Script/Engine.Actor Name:ranting2_C_UAID_C46516240B9BCE6302_1083450306 Label:ranting11 SpatiallyLoaded:1 Bounds:IsValid=true, Min=(X=-11347.184 Y=7470.480 Z=-63.600), Max=(X=-11214.518 Y=7652.890 Z=6.118) RuntimeGrid:None EditorOnly:0 RuntimeOnly:0 HLODRelevant:0
 |   |   |- Guid:EC4E0C944CE6AC6E784BC6BB2916EA13 BaseClass: NativeClass:/Script/Engine.StaticMeshActor Name:StaticMeshActor_UAID_A4AE111137DC5EFB00_1110535423 Label:SM_SkySphere SpatiallyLoaded:0 Bounds:IsValid=true, Min=(X=-1679810.000 Y=-1684727.107 Z=-1639959.000), Max=(X=1596990.000 Y=1592072.893 Z=1636841.000) RuntimeGrid:None EditorOnly:0 RuntimeOnly:0 HLODRelevant:1 FolderPath:Lighting FolderGuid:963EC3EB4002CCE9759E2EBA541A873A
 |   |   |- Guid:EF5836E44BB5FB4BE75BA0AB718BBEFD BaseClass:/Game/penalties/ranting.ranting_C NativeClass:/Script/Engine.Actor Name:ranting_C_UAID_C46516240B9B517102_1836904082 Label:ranting20 SpatiallyLoaded:1 Bounds:IsValid=true, Min=(X=39404.508 Y=-9252.416 Z=-90.460), Max=(X=39701.499 Y=-9077.742 Z=10.460) RuntimeGrid:None EditorOnly:0 RuntimeOnly:0 HLODRelevant:0
 |   |   |- Guid:F1924B8D48954B30891B2DB6A694F9CC BaseClass: NativeClass:/Script/Engine.StaticMeshActor Name:StaticMeshActor_1 Label:SM_Cube SpatiallyLoaded:1 Bounds:IsValid=true, Min=(X=-40834.000 Y=-46327.107 Z=-1559.000), Max=(X=49165.998 Y=58672.891 Z=-59.000) RuntimeGrid:None EditorOnly:0 RuntimeOnly:0 HLODRelevant:1 FolderPath:Playground FolderGuid:C73F09FC4215536B1DCE2A9E0A830C70
 |   |   |- Guid:F42A2B054B6A75FABE85BF86A3E71AFB BaseClass:/Game/penalties/Kolam.Kolam_C NativeClass:/Script/Engine.Actor Name:Kolam_C_UAID_C46516240B9B016602_1836691388 Label:Kolam SpatiallyLoaded:1 Bounds:IsValid=true, Min=(X=-30308.001 Y=-21390.778 Z=-1080.025), Max=(X=-27723.038 Y=-18291.458 Z=1147.492) RuntimeGrid:None EditorOnly:0 RuntimeOnly:0 HLODRelevant:0
 |   |   |- Guid:F5E3FEB3450C49844FD93DA8E083C8AD BaseClass: NativeClass:/Script/Engine.PostProcessVolume Name:PostProcessVolume_0 Label:PostProcessVolume SpatiallyLoaded:0 Bounds:IsValid=true, Min=(X=0.000 Y=0.000 Z=400.000), Max=(X=200.000 Y=200.000 Z=600.000) RuntimeGrid:None EditorOnly:0 RuntimeOnly:0 HLODRelevant:0 FolderPath:Lighting FolderGuid:963EC3EB4002CCE9759E2EBA541A873A
 |   |   |- Guid:F94A1D6D4DC3BCC2E01510B8FF36BD0E BaseClass:/Game/penalties/ranting.ranting_C NativeClass:/Script/Engine.Actor Name:ranting_C_UAID_C46516240B9B517102_1821309081 Label:ranting19 SpatiallyLoaded:1 Bounds:IsValid=true, Min=(X=38274.508 Y=-8152.416 Z=-90.459), Max=(X=38571.499 Y=-7977.743 Z=10.459) RuntimeGrid:None EditorOnly:0 RuntimeOnly:0 HLODRelevant:0
 |   |   |- Guid:F9A6A48049933399B680C98E17D75397 BaseClass:/Game/penalties/ranting.ranting_C NativeClass:/Script/Engine.Actor Name:ranting_C_UAID_C46516240B9BCD6302_1800597128 Label:ranting9 SpatiallyLoaded:1 Bounds:IsValid=true, Min=(X=8474.290 Y=11435.833 Z=-73.600), Max=(X=8620.532 Y=11645.349 Z=-6.400) RuntimeGrid:None EditorOnly:0 RuntimeOnly:0 HLODRelevant:0
 |   |   |- Guid:FB3E9FAE42EB9FD5887304A69D5AEAA7 BaseClass:/Game/penalties/ranting.ranting_C NativeClass:/Script/Engine.Actor Name:ranting_C_UAID_C46516240B9BCD6302_1793582127 Label:ranting8 SpatiallyLoaded:1 Bounds:IsValid=true, Min=(X=9223.120 Y=11425.121 Z=-53.600), Max=(X=9420.880 Y=11541.432 Z=13.600) RuntimeGrid:None EditorOnly:0 RuntimeOnly:0 HLODRelevant:0
 |   |   |- Guid:FDCB68E24F9D8F105B95F1A7DA45153D BaseClass:/Game/penalties/ranting2.ranting2_C NativeClass:/Script/Engine.Actor Name:ranting2_C_UAID_C46516240B9B4F7102_1871390739 Label:ranting29 SpatiallyLoaded:1 Bounds:IsValid=true, Min=(X=13667.520 Y=6472.876 Z=-63.600), Max=(X=13836.480 Y=6559.615 Z=6.118) RuntimeGrid:None EditorOnly:0 RuntimeOnly:0 HLODRelevant:0
 |   |- [+] Clusters:
 |   |   |- [+] [  0]
 |   |   |   |- Guid:6BAF4DDD444C60371492D3919DB42C97 BaseClass: NativeClass:/Script/Engine.WorldDataLayers Name:WorldDataLayers Label:WorldDataLayers SpatiallyLoaded:0 Bounds:IsValid=true, Min=(X=0.000 Y=0.000 Z=0.000), Max=(X=0.000 Y=0.000 Z=0.000) RuntimeGrid:None EditorOnly:0 RuntimeOnly:0 HLODRelevant:0
 |   |   |- [+] [  1]
 |   |   |   |- Guid:4135D3324B73994D4D8A9790A8D2F167 BaseClass:/Game/penalties/ranting.ranting_C NativeClass:/Script/Engine.Actor Name:ranting_C_UAID_C46516240B9BCC6302_1435491945 Label:ranting3 SpatiallyLoaded:1 Bounds:IsValid=true, Min=(X=-15826.880 Y=16025.121 Z=-33.600), Max=(X=-15629.120 Y=16141.432 Z=33.600) RuntimeGrid:None EditorOnly:0 RuntimeOnly:0 HLODRelevant:0
 |   |   |- [+] [  2]
 |   |   |   |- Guid:807B3A8D423270D06443CAA21C780FCE BaseClass:/Game/penalties/ranting.ranting_C NativeClass:/Script/Engine.Actor Name:ranting_C_UAID_C46516240B9B4F7102_1761482735 Label:ranting25 SpatiallyLoaded:1 Bounds:IsValid=true, Min=(X=23423.120 Y=-4194.879 Z=-73.600), Max=(X=23620.880 Y=-4078.568 Z=-6.400) RuntimeGrid:None EditorOnly:0 RuntimeOnly:0 HLODRelevant:0
 |   |   |- [+] [  3]
 |   |   |   |- Guid:DD3638F9410965E401D65BA95B1D807C BaseClass:/Game/penalties/ranting2.ranting2_C NativeClass:/Script/Engine.Actor Name:ranting2_C_UAID_C46516240B9BFE6502_1155079855 Label:ranting12 SpatiallyLoaded:1 Bounds:IsValid=true, Min=(X=-6842.480 Y=-7877.124 Z=-63.600), Max=(X=-6673.520 Y=-7790.385 Z=6.118) RuntimeGrid:None EditorOnly:0 RuntimeOnly:0 HLODRelevant:0
 |   |   |- [+] [  4]
 |   |   |   |- Guid:F5E3FEB3450C49844FD93DA8E083C8AD BaseClass: NativeClass:/Script/Engine.PostProcessVolume Name:PostProcessVolume_0 Label:PostProcessVolume SpatiallyLoaded:0 Bounds:IsValid=true, Min=(X=0.000 Y=0.000 Z=400.000), Max=(X=200.000 Y=200.000 Z=600.000) RuntimeGrid:None EditorOnly:0 RuntimeOnly:0 HLODRelevant:0 FolderPath:Lighting FolderGuid:963EC3EB4002CCE9759E2EBA541A873A
 |   |   |- [+] [  5]
 |   |   |   |- Guid:CE11186B43BF56D2CA0BE5A2A0EA23E7 BaseClass:/Game/penalties/ranting.ranting_C NativeClass:/Script/Engine.Actor Name:ranting_C_UAID_C46516240B9BFE6502_1313802859 Label:ranting16 SpatiallyLoaded:1 Bounds:IsValid=true, Min=(X=-5546.880 Y=-7534.879 Z=-83.600), Max=(X=-5349.120 Y=-7418.568 Z=-16.400) RuntimeGrid:None EditorOnly:0 RuntimeOnly:0 HLODRelevant:0
 |   |   |- [+] [  6]
 |   |   |   |- Guid:5E48EC114B690667C3A9B9A32B6479EC BaseClass:/Game/penalties/ranting2.ranting2_C NativeClass:/Script/Engine.Actor Name:ranting2_C_UAID_C46516240B9BFE6502_1192546856 Label:ranting13 SpatiallyLoaded:1 Bounds:IsValid=true, Min=(X=-6743.957 Y=-6397.944 Z=-63.600), Max=(X=-6569.872 Y=-6232.416 Z=6.118) RuntimeGrid:None EditorOnly:0 RuntimeOnly:0 HLODRelevant:0
 |   |   |- [+] [  7]
 |   |   |   |- Guid:DC524CEA41EDB432D3EBECADBC0CC02B BaseClass:/Game/penalties/ranting.ranting_C NativeClass:/Script/Engine.Actor Name:ranting_C_UAID_C46516240B9B4F7102_1600444730 Label:ranting20 SpatiallyLoaded:1 Bounds:IsValid=true, Min=(X=-5246.880 Y=8475.121 Z=-73.600), Max=(X=-5049.120 Y=8591.432 Z=-6.400) RuntimeGrid:None EditorOnly:0 RuntimeOnly:0 HLODRelevant:0
 |   |   |- [+] [  8]
 |   |   |   |- Guid:B0FE2C8B4201BA5A30046086C3D7D426 BaseClass:/Game/penalties/ranting.ranting_C NativeClass:/Script/Engine.Actor Name:ranting_C_UAID_C46516240B9BFE6502_1308871858 Label:ranting15 SpatiallyLoaded:1 Bounds:IsValid=true, Min=(X=-5556.880 Y=-6374.879 Z=-83.600), Max=(X=-5359.120 Y=-6258.568 Z=-16.400) RuntimeGrid:None EditorOnly:0 RuntimeOnly:0 HLODRelevant:0
 |   |   |- [+] [  9]
 |   |   |   |- Guid:8A4EF16A437FF4465985F88EAC497C02 BaseClass:/Game/penalties/ranting.ranting_C NativeClass:/Script/Engine.Actor Name:ranting_C_UAID_C46516240B9B517102_1856918083 Label:ranting21 SpatiallyLoaded:1 Bounds:IsValid=true, Min=(X=38804.385 Y=-9314.726 Z=-90.460), Max=(X=39024.008 Y=-9001.790 Z=10.460) RuntimeGrid:None EditorOnly:0 RuntimeOnly:0 HLODRelevant:0
 |   |   |- [+] [ 10]
 |   |   |   |- Guid:FDCB68E24F9D8F105B95F1A7DA45153D BaseClass:/Game/penalties/ranting2.ranting2_C NativeClass:/Script/Engine.Actor Name:ranting2_C_UAID_C46516240B9B4F7102_1871390739 Label:ranting29 SpatiallyLoaded:1 Bounds:IsValid=true, Min=(X=13667.520 Y=6472.876 Z=-63.600), Max=(X=13836.480 Y=6559.615 Z=6.118) RuntimeGrid:None EditorOnly:0 RuntimeOnly:0 HLODRelevant:0
 |   |   |- [+] [ 11]
 |   |   |   |- Guid:E6687F9D4B092083B94010870F35EB6A BaseClass:/Game/penalties/ranting2.ranting2_C NativeClass:/Script/Engine.Actor Name:ranting2_C_UAID_C46516240B9BCE6302_1083450306 Label:ranting11 SpatiallyLoaded:1 Bounds:IsValid=true, Min=(X=-11347.184 Y=7470.480 Z=-63.600), Max=(X=-11214.518 Y=7652.890 Z=6.118) RuntimeGrid:None EditorOnly:0 RuntimeOnly:0 HLODRelevant:0
 |   |   |- [+] [ 12]
 |   |   |   |- Guid:58E38D57448EB6893EFE3699469B9DB7 BaseClass:/Game/penalties/ranting.ranting_C NativeClass:/Script/Engine.Actor Name:ranting_C_UAID_C46516240B9BCC6302_1314857943 Label:ranting SpatiallyLoaded:1 Bounds:IsValid=true, Min=(X=-15206.880 Y=15805.121 Z=-23.600), Max=(X=-15009.120 Y=15921.432 Z=43.600) RuntimeGrid:None EditorOnly:0 RuntimeOnly:0 HLODRelevant:0
 |   |   |- [+] [ 13]
 |   |   |   |- Guid:4D3BE93F4146AAAC8BBE79999D96D57F BaseClass: NativeClass:/Script/Engine.VolumetricCloud Name:VolumetricCloud_0 Label:VolumetricCloud SpatiallyLoaded:0 Bounds:IsValid=true, Min=(X=0.000 Y=0.000 Z=820.000), Max=(X=0.000 Y=0.000 Z=820.000) RuntimeGrid:None EditorOnly:0 RuntimeOnly:0 HLODRelevant:0 FolderPath:Lighting FolderGuid:963EC3EB4002CCE9759E2EBA541A873A
 |   |   |- [+] [ 14]
 |   |   |   |- Guid:89EC164E458B92214DC43E9F6E3BCFE3 BaseClass:/Game/penalties/ranting.ranting_C NativeClass:/Script/Engine.Actor Name:ranting_C_UAID_C46516240B9B4F7102_1499540727 Label:ranting17 SpatiallyLoaded:1 Bounds:IsValid=true, Min=(X=-5656.880 Y=9595.121 Z=-73.600), Max=(X=-5459.120 Y=9711.432 Z=-6.400) RuntimeGrid:None EditorOnly:0 RuntimeOnly:0 HLODRelevant:0
 |   |   |- [+] [ 15]
 |   |   |   |- Guid:DA33FC89444C83E0C02835A725D29B80 BaseClass:/Game/penalties/ranting.ranting_C NativeClass:/Script/Engine.Actor Name:ranting_C_UAID_C46516240B9BCD6302_1734676124 Label:ranting4 SpatiallyLoaded:1 Bounds:IsValid=true, Min=(X=-5476.880 Y=9585.121 Z=-73.600), Max=(X=-5279.120 Y=9701.432 Z=-6.400) RuntimeGrid:None EditorOnly:0 RuntimeOnly:0 HLODRelevant:0
 |   |   |- [+] [ 16]
 |   |   |   |- Guid:95194CF94BA6042D53EFDCAEC31BDE00 BaseClass:/Game/penalties/ranting.ranting_C NativeClass:/Script/Engine.Actor Name:ranting_C_UAID_C46516240B9B4F7102_1697755733 Label:ranting23 SpatiallyLoaded:1 Bounds:IsValid=true, Min=(X=20433.120 Y=-6584.879 Z=-73.600), Max=(X=20630.880 Y=-6468.568 Z=-6.400) RuntimeGrid:None EditorOnly:0 RuntimeOnly:0 HLODRelevant:0
 |   |   |- [+] [ 17]
 |   |   |   |- Guid:9E8F03EB402BEA7FCE0735885F26C809 BaseClass:/Game/penalties/ranting.ranting_C NativeClass:/Script/Engine.Actor Name:ranting_C_UAID_C46516240B9BCC6302_1507792947 Label:ranting5 SpatiallyLoaded:1 Bounds:IsValid=true, Min=(X=-5104.839 Y=7351.097 Z=-84.098), Max=(X=-4949.982 Y=7567.329 Z=3.679) RuntimeGrid:None EditorOnly:0 RuntimeOnly:0 HLODRelevant:0
 |   |   |- [+] [ 18]
 |   |   |   |- Guid:FB3E9FAE42EB9FD5887304A69D5AEAA7 BaseClass:/Game/penalties/ranting.ranting_C NativeClass:/Script/Engine.Actor Name:ranting_C_UAID_C46516240B9BCD6302_1793582127 Label:ranting8 SpatiallyLoaded:1 Bounds:IsValid=true, Min=(X=9223.120 Y=11425.121 Z=-53.600), Max=(X=9420.880 Y=11541.432 Z=13.600) RuntimeGrid:None EditorOnly:0 RuntimeOnly:0 HLODRelevant:0
 |   |   |- [+] [ 19]
 |   |   |   |- Guid:0A1ED24C4FEA7C22407C1D9C67850EE6 BaseClass:/Game/penalties/ranting.ranting_C NativeClass:/Script/Engine.Actor Name:ranting_C_UAID_C46516240B9B4F7102_1832489737 Label:ranting27 SpatiallyLoaded:1 Bounds:IsValid=true, Min=(X=9085.958 Y=14413.384 Z=-83.600), Max=(X=9257.688 Y=14630.227 Z=-16.400) RuntimeGrid:None EditorOnly:0 RuntimeOnly:0 HLODRelevant:0
 |   |   |- [+] [ 20]
 |   |   |   |- Guid:CCFF262C46EEFFDF319E7F9539CE697E BaseClass: NativeClass:/Script/Engine.SkyAtmosphere Name:SkyAtmosphere_0 Label:SkyAtmosphere SpatiallyLoaded:0 Bounds:IsValid=true, Min=(X=0.000 Y=0.000 Z=1020.000), Max=(X=0.000 Y=0.000 Z=1020.000) RuntimeGrid:None EditorOnly:0 RuntimeOnly:0 HLODRelevant:0 FolderPath:Lighting FolderGuid:963EC3EB4002CCE9759E2EBA541A873A
 |   |   |- [+] [ 21]
 |   |   |   |- Guid:EC4E0C944CE6AC6E784BC6BB2916EA13 BaseClass: NativeClass:/Script/Engine.StaticMeshActor Name:StaticMeshActor_UAID_A4AE111137DC5EFB00_1110535423 Label:SM_SkySphere SpatiallyLoaded:0 Bounds:IsValid=true, Min=(X=-1679810.000 Y=-1684727.107 Z=-1639959.000), Max=(X=1596990.000 Y=1592072.893 Z=1636841.000) RuntimeGrid:None EditorOnly:0 RuntimeOnly:0 HLODRelevant:1 FolderPath:Lighting FolderGuid:963EC3EB4002CCE9759E2EBA541A873A
 |   |   |- [+] [ 22]
 |   |   |   |- Guid:5A08832B46915E1DF15AB790D379C817 BaseClass:/Game/penalties/wavyshark/source/water_pool.water_pool_C NativeClass:/Script/Engine.Actor Name:water_pool_C_UAID_C46516240B9B636A02_1223621855 Label:water_pool2 SpatiallyLoaded:1 Bounds:IsValid=true, Min=(X=-26813.907 Y=-21147.351 Z=-258.913), Max=(X=-25146.355 Y=-18752.046 Z=203.010) RuntimeGrid:None EditorOnly:0 RuntimeOnly:0 HLODRelevant:0
 |   |   |- [+] [ 23]
 |   |   |   |- Guid:946A82B544BB6ADAD68820B5DC322F7D BaseClass:/Game/NewBlueprint.NewBlueprint_C NativeClass:/Script/Engine.Actor Name:NewBlueprint_C_UAID_EC5C68359F20976102_1171903504 Label:NewBlueprint SpatiallyLoaded:1 Bounds:IsValid=true, Min=(X=-151431.413 Y=-98443.040 Z=-13826.379), Max=(X=135659.221 Y=171404.208 Z=12639.673) RuntimeGrid:None EditorOnly:0 RuntimeOnly:0 HLODRelevant:0
 |   |   |- [+] [ 24]
 |   |   |   |- Guid:7238613948B941CF73472CA3576EAB9B BaseClass:/Game/penalties/ranting.ranting_C NativeClass:/Script/Engine.Actor Name:ranting_C_UAID_C46516240B9B4F7102_1885646741 Label:ranting31 SpatiallyLoaded:1 Bounds:IsValid=true, Min=(X=13403.120 Y=5475.121 Z=-63.600), Max=(X=13600.880 Y=5591.432 Z=3.600) RuntimeGrid:None EditorOnly:0 RuntimeOnly:0 HLODRelevant:0
 |   |   |- [+] [ 25]
 |   |   |   |- Guid:B785ED2844B84CFB91E7F39FE661CD99 BaseClass: NativeClass:/Script/Engine.DirectionalLight Name:DirectionalLight_0 Label:DirectionalLight SpatiallyLoaded:0 Bounds:IsValid=true, Min=(X=-1048576.000 Y=-1048576.000 Z=-1048576.000), Max=(X=1048576.000 Y=1048576.000 Z=1048576.000) RuntimeGrid:None EditorOnly:0 RuntimeOnly:0 HLODRelevant:0 FolderPath:Lighting FolderGuid:963EC3EB4002CCE9759E2EBA541A873A
 |   |   |- [+] [ 26]
 |   |   |   |- Guid:2B51DBBA4F75525DCC6DDB9DBE965FE8 BaseClass:/Game/penalties/ranting.ranting_C NativeClass:/Script/Engine.Actor Name:ranting_C_UAID_C46516240B9B517102_1689127079 Label:ranting17 SpatiallyLoaded:1 Bounds:IsValid=true, Min=(X=27283.343 Y=-16945.735 Z=-100.853), Max=(X=27664.364 Y=-16721.639 Z=40.853) RuntimeGrid:None EditorOnly:0 RuntimeOnly:0 HLODRelevant:0
 |   |   |- [+] [ 27]
 |   |   |   |- Guid:8C6EAC0D49E4149DF470A2BFFBFE4E17 BaseClass:/Game/penalties/ranting2.ranting2_C NativeClass:/Script/Engine.Actor Name:ranting2_C_UAID_C46516240B9BCD6302_2023691129 Label:ranting10 SpatiallyLoaded:1 Bounds:IsValid=true, Min=(X=9197.520 Y=14832.876 Z=-63.600), Max=(X=9366.480 Y=14919.615 Z=6.118) RuntimeGrid:None EditorOnly:0 RuntimeOnly:0 HLODRelevant:0
 |   |   |- [+] [ 28]
 |   |   |   |- Guid:1AAB92A344792BD4FCBF59A875E6C596 BaseClass:/Game/penalties/ranting.ranting_C NativeClass:/Script/Engine.Actor Name:ranting_C_UAID_C46516240B9BCD6302_1766011125 Label:ranting6 SpatiallyLoaded:1 Bounds:IsValid=true, Min=(X=9063.120 Y=13955.121 Z=-73.600), Max=(X=9260.880 Y=14071.432 Z=-6.400) RuntimeGrid:None EditorOnly:0 RuntimeOnly:0 HLODRelevant:0
 |   |   |- [+] [ 29]
 |   |   |   |- Guid:316CF2A6494ACA4C0E4180A87D36AB8F BaseClass: NativeClass:/Script/Engine.ExponentialHeightFog Name:ExponentialHeightFog_0 Label:ExponentialHeightFog SpatiallyLoaded:0 Bounds:IsValid=true, Min=(X=-5600.000 Y=-50.000 Z=-6850.000), Max=(X=-5600.000 Y=-50.000 Z=-6850.000) RuntimeGrid:None EditorOnly:0 RuntimeOnly:0 HLODRelevant:0 FolderPath:Lighting FolderGuid:963EC3EB4002CCE9759E2EBA541A873A
 |   |   |- [+] [ 30]
 |   |   |   |- Guid:6A837B9C48C95BD0622680BD12A4625A BaseClass:/Game/penalties/ranting.ranting_C NativeClass:/Script/Engine.Actor Name:ranting_C_UAID_C46516240B9B4F7102_1968767743 Label:ranting33 SpatiallyLoaded:1 Bounds:IsValid=true, Min=(X=14602.608 Y=5738.408 Z=-83.600), Max=(X=14809.042 Y=5953.006 Z=-16.400) RuntimeGrid:None EditorOnly:0 RuntimeOnly:0 HLODRelevant:0
 |   |   |- [+] [ 31]
 |   |   |   |- Guid:F1924B8D48954B30891B2DB6A694F9CC BaseClass: NativeClass:/Script/Engine.StaticMeshActor Name:StaticMeshActor_1 Label:SM_Cube SpatiallyLoaded:1 Bounds:IsValid=true, Min=(X=-40834.000 Y=-46327.107 Z=-1559.000), Max=(X=49165.998 Y=58672.891 Z=-59.000) RuntimeGrid:None EditorOnly:0 RuntimeOnly:0 HLODRelevant:1 FolderPath:Playground FolderGuid:C73F09FC4215536B1DCE2A9E0A830C70
 |   |   |- [+] [ 32]
 |   |   |   |- Guid:7949A94A4B37DC04E5A380A043FCAE2D BaseClass:/Game/penalties/ranting2.ranting2_C NativeClass:/Script/Engine.Actor Name:ranting2_C_UAID_C46516240B9B4F7102_1878373740 Label:ranting30 SpatiallyLoaded:1 Bounds:IsValid=true, Min=(X=14167.520 Y=6482.876 Z=-63.600), Max=(X=14336.480 Y=6569.615 Z=6.118) RuntimeGrid:None EditorOnly:0 RuntimeOnly:0 HLODRelevant:0
 |   |   |- [+] [ 33]
 |   |   |   |- Guid:C89EC1B548B9E07302D6C5B1710E916A BaseClass:/Game/penalties/Kolam.Kolam_C NativeClass:/Script/Engine.Actor Name:Kolam_C_UAID_C46516240B9B646A02_1115420036 Label:Kolam4 SpatiallyLoaded:1 Bounds:IsValid=true, Min=(X=21493.410 Y=-8290.098 Z=-1438.202), Max=(X=25117.297 Y=-4160.397 Z=1552.589) RuntimeGrid:None EditorOnly:0 RuntimeOnly:0 HLODRelevant:0
 |   |   |- [+] [ 34]
 |   |   |   |- Guid:9064208D4959A7B89D6A11BCB43DDF5B BaseClass:/Game/penalties/Kolam.Kolam_C NativeClass:/Script/Engine.Actor Name:Kolam_C_UAID_C46516240B9B346802_1194336472 Label:Kolam3 SpatiallyLoaded:1 Bounds:IsValid=true, Min=(X=-26772.491 Y=-20985.081 Z=-698.012), Max=(X=-25198.548 Y=-18917.155 Z=765.479) RuntimeGrid:None EditorOnly:0 RuntimeOnly:0 HLODRelevant:0
 |   |   |- [+] [ 35]
 |   |   |   |- Guid:357793A54B1276C944579793EB873620 BaseClass:/Game/penalties/ranting2.ranting2_C NativeClass:/Script/Engine.Actor Name:ranting2_C_UAID_C46516240B9B4F7102_1577922729 Label:ranting19 SpatiallyLoaded:1 Bounds:IsValid=true, Min=(X=-3552.480 Y=8552.876 Z=-63.600), Max=(X=-3383.520 Y=8639.615 Z=6.118) RuntimeGrid:None EditorOnly:0 RuntimeOnly:0 HLODRelevant:0
 |   |   |- [+] [ 36]
 |   |   |   |- Guid:F42A2B054B6A75FABE85BF86A3E71AFB BaseClass:/Game/penalties/Kolam.Kolam_C NativeClass:/Script/Engine.Actor Name:Kolam_C_UAID_C46516240B9B016602_1836691388 Label:Kolam SpatiallyLoaded:1 Bounds:IsValid=true, Min=(X=-30308.001 Y=-21390.778 Z=-1080.025), Max=(X=-27723.038 Y=-18291.458 Z=1147.492) RuntimeGrid:None EditorOnly:0 RuntimeOnly:0 HLODRelevant:0
 |   |   |- [+] [ 37]
 |   |   |   |- Guid:B3F8F6704EEA08FC4D7F948F09CBC27C BaseClass:/Game/penalties/ranting.ranting_C NativeClass:/Script/Engine.Actor Name:ranting_C_UAID_C46516240B9BFE6502_1271102857 Label:ranting14 SpatiallyLoaded:1 Bounds:IsValid=true, Min=(X=-5566.880 Y=-6934.879 Z=-73.600), Max=(X=-5369.120 Y=-6818.568 Z=-6.400) RuntimeGrid:None EditorOnly:0 RuntimeOnly:0 HLODRelevant:0
 |   |   |- [+] [ 38]
 |   |   |   |- Guid:EF5836E44BB5FB4BE75BA0AB718BBEFD BaseClass:/Game/penalties/ranting.ranting_C NativeClass:/Script/Engine.Actor Name:ranting_C_UAID_C46516240B9B517102_1836904082 Label:ranting20 SpatiallyLoaded:1 Bounds:IsValid=true, Min=(X=39404.508 Y=-9252.416 Z=-90.460), Max=(X=39701.499 Y=-9077.742 Z=10.460) RuntimeGrid:None EditorOnly:0 RuntimeOnly:0 HLODRelevant:0
 |   |   |- [+] [ 39]
 |   |   |   |- Guid:79AB3BA54AD884F31BDDC2A97D1FE14F BaseClass:/Game/penalties/ranting.ranting_C NativeClass:/Script/Engine.Actor Name:ranting_C_UAID_C46516240B9BCC6302_1431703944 Label:ranting2 SpatiallyLoaded:1 Bounds:IsValid=true, Min=(X=-16566.880 Y=15985.121 Z=-43.600), Max=(X=-16369.120 Y=16101.432 Z=23.600) RuntimeGrid:None EditorOnly:0 RuntimeOnly:0 HLODRelevant:0
 |   |   |- [+] [ 40]
 |   |   |   |- Guid:2FB58999456391D349DC0F86DAC136ED BaseClass: NativeClass:/Script/Engine.SkyLight Name:SkyLight_1 Label:SkyLight SpatiallyLoaded:0 Bounds:IsValid=true, Min=(X=0.000 Y=0.000 Z=690.000), Max=(X=0.000 Y=0.000 Z=690.000) RuntimeGrid:None EditorOnly:0 RuntimeOnly:0 HLODRelevant:0 FolderPath:Lighting FolderGuid:963EC3EB4002CCE9759E2EBA541A873A
 |   |   |- [+] [ 41]
 |   |   |   |- Guid:AF9B8044412ABE6D8BB01680F6F6E912 BaseClass:/Game/penalties/ranting.ranting_C NativeClass:/Script/Engine.Actor Name:ranting_C_UAID_C46516240B9B4F7102_1723011734 Label:ranting24 SpatiallyLoaded:1 Bounds:IsValid=true, Min=(X=20546.152 Y=-6762.595 Z=-73.600), Max=(X=20760.754 Y=-6590.865 Z=-6.400) RuntimeGrid:None EditorOnly:0 RuntimeOnly:0 HLODRelevant:0
 |   |   |- [+] [ 42]
 |   |   |   |- Guid:AEE6DC1744FD74E594D8C3B814F1CFD2 BaseClass:/Game/penalties/ranting.ranting_C NativeClass:/Script/Engine.Actor Name:ranting_C_UAID_C46516240B9B4F7102_1664942731 Label:ranting21 SpatiallyLoaded:1 Bounds:IsValid=true, Min=(X=19782.014 Y=-5891.530 Z=-73.600), Max=(X=19996.616 Y=-5719.800 Z=-6.400) RuntimeGrid:None EditorOnly:0 RuntimeOnly:0 HLODRelevant:0
 |   |   |- [+] [ 43]
 |   |   |   |- Guid:222FFC7744A4F526278F4881FFE49ACE BaseClass:/Game/penalties/Kolam.Kolam_C NativeClass:/Script/Engine.Actor Name:Kolam_C_UAID_C46516240B9B326802_1808205119 Label:Kolam2 SpatiallyLoaded:1 Bounds:IsValid=true, Min=(X=-9616.921 Y=5837.645 Z=-38.783), Max=(X=-9463.079 Y=5942.355 Z=38.783) RuntimeGrid:None EditorOnly:0 RuntimeOnly:0 HLODRelevant:0
 |   |   |- [+] [ 44]
 |   |   |   |- Guid:C97465A841649D61CA1F0B9F01CDE38E BaseClass:/Game/penalties/wavyshark/source/water_pool.water_pool_C NativeClass:/Script/Engine.Actor Name:water_pool_C_UAID_C46516240B9B316802_1663205944 Label:water_pool SpatiallyLoaded:1 Bounds:IsValid=true, Min=(X=-30316.708 Y=-21685.972 Z=-279.677), Max=(X=-27763.693 Y=-17992.150 Z=161.824) RuntimeGrid:None EditorOnly:0 RuntimeOnly:0 HLODRelevant:0
 |   |   |- [+] [ 45]
 |   |   |   |- Guid:423DBED7419537160CC55C8797C45CF3 BaseClass:/Game/penalties/wavyshark/source/water_pool.water_pool_C NativeClass:/Script/Engine.Actor Name:water_pool_C_UAID_C46516240B9B646A02_1115422037 Label:water_pool3 SpatiallyLoaded:1 Bounds:IsValid=true, Min=(X=21549.216 Y=-8708.489 Z=-647.397), Max=(X=24990.243 Y=-3729.849 Z=651.385) RuntimeGrid:None EditorOnly:0 RuntimeOnly:0 HLODRelevant:0
 |   |   |- [+] [ 46]
 |   |   |   |- Guid:C8A65A864E0A894ED9ACB38BAE1685D3 BaseClass:/Game/penalties/ranting.ranting_C NativeClass:/Script/Engine.Actor Name:ranting_C_UAID_C46516240B9BCD6302_1771913126 Label:ranting7 SpatiallyLoaded:1 Bounds:IsValid=true, Min=(X=9643.120 Y=15315.121 Z=-83.600), Max=(X=9840.880 Y=15431.432 Z=-16.400) RuntimeGrid:None EditorOnly:0 RuntimeOnly:0 HLODRelevant:0
 |   |   |- [+] [ 47]
 |   |   |   |- Guid:794E2A1D421D69EACBF3A7804F4FC261 BaseClass:/Game/penalties/ranting.ranting_C NativeClass:/Script/Engine.Actor Name:ranting_C_UAID_C46516240B9B4F7102_2000456744 Label:ranting34 SpatiallyLoaded:1 Bounds:IsValid=true, Min=(X=14348.986 Y=6165.425 Z=-83.600), Max=(X=14555.420 Y=6380.022 Z=-16.400) RuntimeGrid:None EditorOnly:0 RuntimeOnly:0 HLODRelevant:0
 |   |   |- [+] [ 48]
 |   |   |   |- Guid:6F946655415D4728CA5333A8BDFF26A6 BaseClass:/Game/penalties/ranting2.ranting2_C NativeClass:/Script/Engine.Actor Name:ranting2_C_UAID_C46516240B9B4F7102_1861697738 Label:ranting28 SpatiallyLoaded:1 Bounds:IsValid=true, Min=(X=13657.520 Y=6022.876 Z=-63.600), Max=(X=13826.480 Y=6109.615 Z=6.118) RuntimeGrid:None EditorOnly:0 RuntimeOnly:0 HLODRelevant:0
 |   |   |- [+] [ 49]
 |   |   |   |- Guid:63EEDAA44ACB84580446F0AC2A77B422 BaseClass:/Game/penalties/ranting.ranting_C NativeClass:/Script/Engine.Actor Name:ranting_C_UAID_C46516240B9B4F7102_1504874728 Label:ranting18 SpatiallyLoaded:1 Bounds:IsValid=true, Min=(X=-6066.880 Y=10355.121 Z=-83.600), Max=(X=-5869.120 Y=10471.432 Z=-16.400) RuntimeGrid:None EditorOnly:0 RuntimeOnly:0 HLODRelevant:0
 |   |   |- [+] [ 50]
 |   |   |   |- Guid:28B6C19D46D22A313C712C99296EB4CA BaseClass:/Game/penalties/ranting.ranting_C NativeClass:/Script/Engine.Actor Name:ranting_C_UAID_C46516240B9B4F7102_1679212732 Label:ranting22 SpatiallyLoaded:1 Bounds:IsValid=true, Min=(X=19973.120 Y=-5564.879 Z=-73.600), Max=(X=20170.880 Y=-5448.568 Z=-6.400) RuntimeGrid:None EditorOnly:0 RuntimeOnly:0 HLODRelevant:0
 |   |   |- [+] [ 51]
 |   |   |   |- Guid:3BBB09484F5F7716337F73AFBEB61357 BaseClass:/Game/penalties/ranting.ranting_C NativeClass:/Script/Engine.Actor Name:ranting_C_UAID_C46516240B9B4F7102_1770985736 Label:ranting26 SpatiallyLoaded:1 Bounds:IsValid=true, Min=(X=23433.120 Y=-3604.879 Z=-73.600), Max=(X=23630.880 Y=-3488.568 Z=-6.400) RuntimeGrid:None EditorOnly:0 RuntimeOnly:0 HLODRelevant:0
 |   |   |- [+] [ 52]
 |   |   |   |- Guid:44C178BE4BCC54A6FBB92A9E08CB9BF7 BaseClass:/Game/penalties/ranting.ranting_C NativeClass:/Script/Engine.Actor Name:ranting_C_UAID_C46516240B9B4F7102_1890323742 Label:ranting32 SpatiallyLoaded:1 Bounds:IsValid=true, Min=(X=14085.002 Y=5435.355 Z=-83.600), Max=(X=14277.001 Y=5652.938 Z=-16.400) RuntimeGrid:None EditorOnly:0 RuntimeOnly:0 HLODRelevant:0
 |   |   |- [+] [ 53]
 |   |   |   |- Guid:F9A6A48049933399B680C98E17D75397 BaseClass:/Game/penalties/ranting.ranting_C NativeClass:/Script/Engine.Actor Name:ranting_C_UAID_C46516240B9BCD6302_1800597128 Label:ranting9 SpatiallyLoaded:1 Bounds:IsValid=true, Min=(X=8474.290 Y=11435.833 Z=-73.600), Max=(X=8620.532 Y=11645.349 Z=-6.400) RuntimeGrid:None EditorOnly:0 RuntimeOnly:0 HLODRelevant:0
 |   |   |- [+] [ 54]
 |   |   |   |- Guid:3A00AA1C422CE54C0BDB60BAF471BFBB BaseClass: NativeClass:/Script/Engine.PlayerStart Name:PlayerStart_0 Label:PlayerStart SpatiallyLoaded:0 Bounds:IsValid=true, Min=(X=-6790.518 Y=8519.882 Z=126.231), Max=(X=-6709.482 Y=8620.118 Z=317.794) RuntimeGrid:None EditorOnly:0 RuntimeOnly:0 HLODRelevant:0
 |   |   |- [+] [ 55]
 |   |   |   |- Guid:04188468459FB9F965ACA49918964474 BaseClass:/Game/penalties/ranting.ranting_C NativeClass:/Script/Engine.Actor Name:ranting_C_UAID_C46516240B9B517102_1709631080 Label:ranting18 SpatiallyLoaded:1 Bounds:IsValid=true, Min=(X=28103.343 Y=-17485.735 Z=-100.853), Max=(X=28484.363 Y=-17261.639 Z=40.853) RuntimeGrid:None EditorOnly:0 RuntimeOnly:0 HLODRelevant:0
 |   |   |- [+] [ 56]
 |   |   |   |- Guid:F94A1D6D4DC3BCC2E01510B8FF36BD0E BaseClass:/Game/penalties/ranting.ranting_C NativeClass:/Script/Engine.Actor Name:ranting_C_UAID_C46516240B9B517102_1821309081 Label:ranting19 SpatiallyLoaded:1 Bounds:IsValid=true, Min=(X=38274.508 Y=-8152.416 Z=-90.459), Max=(X=38571.499 Y=-7977.743 Z=10.459) RuntimeGrid:None EditorOnly:0 RuntimeOnly:0 HLODRelevant:0
 |- ContainerInstances:
 |- [+] MainContainer:
 |   |-        ID: 0x0000000000000000
 |   |-    Bounds: IsValid=false, Min=(X=0.000 Y=0.000 Z=0.000), Max=(X=0.000 Y=0.000 Z=0.000)
 |   |- Transform: 0.000000,0.000000,0.000000|0.000000,0.000000,-0.000000|1.000000,1.000000,1.000000
 |   |- Container: /Game/ThirdPerson/Maps/ThirdPersonMap
----------------------------------------------------------------------------------------------------------------
ThirdPersonMap - Persistent Level
----------------------------------------------------------------------------------------------------------------
Always loaded Actor Count: 64 

----------------------------------------------------------------------------------------------------------------
ThirdPersonMap - Runtime Spatial Hash - Streaming Grid - MainGrid
----------------------------------------------------------------------------------------------------------------
            Origin: X=0.000 Y=0.000 Z=0.000
         Cell Size: 12800
      World Bounds: IsValid=false, Min=(X=0.000 Y=0.000 Z=0.000), Max=(X=0.000 Y=0.000 Z=0.000)
     Loading Range: 25600.00
Block Slow Loading: No
 ClientOnlyVisible: No

[+] Grid Levels: 1
 |- Level  0: Cell Count    0 | Cell Size   12800 | Actor Count    0 (0.0%)

[+] Content of Grid Level 0

